<?xml version="1.0" encoding="UTF-8"?>
<coverage generated="1790232823649" clover="3.2.0">
  <project timestamp="1790232823649" name="All files">
    <metrics statements="18" coveredstatements="18" conditionals="12" coveredconditionals="12" methods="3" coveredmethods="3" elements="33" coveredelements="33" complexity="0" loc="18" ncloc="18" packages="1" files="1" classes="1"/>
    <file name="model.ts" path="/workspace/src/domain/ai/model.ts">
      <metrics statements="18" coveredstatements="18" conditionals="12" coveredconditionals="12" methods="3" coveredmethods="3"/>
      <line num="24" count="1" type="stmt"/>
      <line num="30" count="1" type="stmt"/>
      <line num="33" count="1" type="stmt"/>
      <line num="36" count="1" type="stmt"/>
      <line num="39" count="1" type="stmt"/>
      <line num="54" count="1" type="stmt"/>
      <line num="63" count="1" type="stmt"/>
      <line num="74" count="1" type="stmt"/>
      <line num="85" count="11" type="stmt"/>
      <line num="118" count="8" type="cond" truecount="4" falsecount="0"/>
      <line num="119" count="3" type="stmt"/>
      <line num="121" count="5" type="cond" truecount="2" falsecount="0"/>
      <line num="122" count="1" type="stmt"/>
      <line num="124" count="4" type="cond" truecount="2" falsecount="0"/>
      <line num="128" count="2" type="stmt"/>
      <line num="130" count="2" type="stmt"/>
      <line num="173" count="1" type="stmt"/>
      <line num="184" count="4" type="stmt"/>
    </file>
  </project>
</coverage>
