<?xml version="1.0" encoding="UTF-8"?>
<coverage generated="1787997014463" clover="3.2.0">
  <project timestamp="1787997014463" name="All files">
    <metrics statements="4864" coveredstatements="3880" conditionals="5032" coveredconditionals="3883" methods="1027" coveredmethods="765" elements="10923" coveredelements="8528" complexity="0" loc="4864" ncloc="4864" packages="31" files="101" classes="101"/>
    <package name="app">
      <metrics statements="67" coveredstatements="59" conditionals="52" coveredconditionals="45" methods="18" coveredmethods="14"/>
      <file name="AppProviders.tsx" path="/workspace/src/app/AppProviders.tsx">
        <metrics statements="6" coveredstatements="6" conditionals="4" coveredconditionals="4" methods="2" coveredmethods="2"/>
        <line num="12" count="122" type="stmt"/>
        <line num="13" count="122" type="stmt"/>
        <line num="14" count="122" type="stmt"/>
        <line num="15" count="122" type="stmt"/>
        <line num="34" count="121" type="stmt"/>
        <line num="45" count="2" type="stmt"/>
      </file>
      <file name="AppRoot.tsx" path="/workspace/src/app/AppRoot.tsx">
        <metrics statements="1" coveredstatements="1" conditionals="0" coveredconditionals="0" methods="1" coveredmethods="1"/>
        <line num="14" count="116" type="stmt"/>
      </file>
      <file name="FixturePreviewApp.tsx" path="/workspace/src/app/FixturePreviewApp.tsx">
        <metrics statements="9" coveredstatements="7" conditionals="12" coveredconditionals="8" methods="3" coveredmethods="2"/>
        <line num="23" count="5" type="stmt"/>
        <line num="24" count="5" type="cond" truecount="4" falsecount="1"/>
        <line num="25" count="0" type="stmt"/>
        <line num="29" count="5" type="cond" truecount="1" falsecount="1"/>
        <line num="30" count="0" type="stmt"/>
        <line num="39" count="5" type="stmt"/>
        <line num="47" count="5" type="stmt"/>
        <line num="54" count="5" type="stmt"/>
        <line num="62" count="5" type="stmt"/>
      </file>
      <file name="NativeAppBoundary.tsx" path="/workspace/src/app/NativeAppBoundary.tsx">
        <metrics statements="51" coveredstatements="45" conditionals="36" coveredconditionals="33" methods="12" coveredmethods="9"/>
        <line num="26" count="306" type="stmt"/>
        <line num="27" count="306" type="stmt"/>
        <line num="28" count="306" type="stmt"/>
        <line num="29" count="306" type="stmt"/>
        <line num="30" count="306" type="stmt"/>
        <line num="36" count="306" type="stmt"/>
        <line num="37" count="0" type="stmt"/>
        <line num="40" count="306" type="cond" truecount="2" falsecount="0"/>
        <line num="41" count="190" type="stmt"/>
        <line num="47" count="116" type="cond" truecount="1" falsecount="1"/>
        <line num="48" count="0" type="stmt"/>
        <line num="60" count="116" type="stmt"/>
        <line num="61" count="116" type="stmt"/>
        <line num="62" count="116" type="cond" truecount="1" falsecount="1"/>
        <line num="63" count="0" type="stmt"/>
        <line num="69" count="116" type="cond" truecount="1" falsecount="1"/>
        <line num="70" count="0" type="stmt"/>
        <line num="82" count="116" type="cond" truecount="2" falsecount="0"/>
        <line num="83" count="1" type="stmt"/>
        <line num="95" count="115" type="cond" truecount="2" falsecount="0"/>
        <line num="101" count="1" type="stmt"/>
        <line num="104" count="0" type="stmt"/>
        <line num="111" count="114" type="stmt"/>
        <line num="113" count="114" type="cond" truecount="4" falsecount="0"/>
        <line num="114" count="24" type="stmt"/>
        <line num="117" count="2" type="stmt"/>
        <line num="124" count="90" type="stmt"/>
        <line num="141" count="380" type="stmt"/>
        <line num="142" count="380" type="stmt"/>
        <line num="143" count="380" type="stmt"/>
        <line num="144" count="1" type="stmt"/>
        <line num="147" count="380" type="stmt"/>
        <line num="148" count="380" type="stmt"/>
        <line num="155" count="380" type="cond" truecount="2" falsecount="0"/>
        <line num="156" count="232" type="stmt"/>
        <line num="163" count="148" type="cond" truecount="2" falsecount="0"/>
        <line num="164" count="2" type="stmt"/>
        <line num="169" count="1" type="stmt"/>
        <line num="177" count="146" type="stmt"/>
        <line num="178" count="146" type="stmt"/>
        <line num="182" count="146" type="cond" truecount="4" falsecount="0"/>
        <line num="183" count="2" type="stmt"/>
        <line num="189" count="144" type="cond" truecount="4" falsecount="0"/>
        <line num="190" count="1" type="stmt"/>
        <line num="195" count="0" type="stmt"/>
        <line num="202" count="143" type="cond" truecount="4" falsecount="0"/>
        <line num="203" count="42" type="cond" truecount="4" falsecount="0"/>
        <line num="204" count="1" type="stmt"/>
        <line num="215" count="41" type="stmt"/>
        <line num="218" count="1" type="stmt"/>
        <line num="225" count="101" type="stmt"/>
      </file>
    </package>
    <package name="app.navigation">
      <metrics statements="18" coveredstatements="0" conditionals="8" coveredconditionals="0" methods="5" coveredmethods="0"/>
      <file name="RootNavigator.tsx" path="/workspace/src/app/navigation/RootNavigator.tsx">
        <metrics statements="18" coveredstatements="0" conditionals="8" coveredconditionals="0" methods="5" coveredmethods="0"/>
        <line num="28" count="0" type="stmt"/>
        <line num="29" count="0" type="stmt"/>
        <line num="31" count="0" type="stmt"/>
        <line num="32" count="0" type="stmt"/>
        <line num="34" count="0" type="stmt"/>
        <line num="35" count="0" type="stmt"/>
        <line num="37" count="0" type="stmt"/>
        <line num="38" count="0" type="stmt"/>
        <line num="42" count="0" type="stmt"/>
        <line num="43" count="0" type="stmt"/>
        <line num="44" count="0" type="stmt"/>
        <line num="97" count="0" type="stmt"/>
        <line num="98" count="0" type="stmt"/>
        <line num="99" count="0" type="stmt"/>
        <line num="100" count="0" type="stmt"/>
        <line num="113" count="0" type="cond" truecount="0" falsecount="2"/>
        <line num="114" count="0" type="stmt"/>
        <line num="117" count="0" type="stmt"/>
      </file>
      <file name="types.ts" path="/workspace/src/app/navigation/types.ts">
        <metrics statements="0" coveredstatements="0" conditionals="0" coveredconditionals="0" methods="0" coveredmethods="0"/>
      </file>
    </package>
    <package name="app.providers">
      <metrics statements="92" coveredstatements="80" conditionals="53" coveredconditionals="36" methods="28" coveredmethods="22"/>
      <file name="FixtureProvider.tsx" path="/workspace/src/app/providers/FixtureProvider.tsx">
        <metrics statements="47" coveredstatements="36" conditionals="31" coveredconditionals="19" methods="18" coveredmethods="12"/>
        <line num="39" count="1" type="stmt"/>
        <line num="42" count="12" type="stmt"/>
        <line num="55" count="1" type="stmt"/>
        <line num="56" count="7" type="cond" truecount="6" falsecount="5"/>
        <line num="58" count="2" type="stmt"/>
        <line num="60" count="0" type="stmt"/>
        <line num="62" count="1" type="stmt"/>
        <line num="64" count="1" type="cond" truecount="1" falsecount="1"/>
        <line num="67" count="1" type="cond" truecount="2" falsecount="1"/>
        <line num="72" count="0" type="stmt"/>
        <line num="74" count="1" type="stmt"/>
        <line num="77" count="0" type="stmt"/>
        <line num="81" count="0" type="cond" truecount="0" falsecount="2"/>
        <line num="88" count="1" type="cond" truecount="3" falsecount="1"/>
        <line num="92" count="0" type="stmt"/>
        <line num="94" count="1" type="stmt"/>
        <line num="96" count="0" type="stmt"/>
        <line num="101" count="1" type="stmt"/>
        <line num="103" count="0" type="stmt"/>
        <line num="122" count="1" type="stmt"/>
        <line num="138" count="12" type="stmt"/>
        <line num="142" count="12" type="stmt"/>
        <line num="143" count="12" type="stmt"/>
        <line num="144" count="0" type="stmt"/>
        <line num="147" count="12" type="stmt"/>
        <line num="148" count="12" type="stmt"/>
        <line num="149" count="1" type="stmt"/>
        <line num="152" count="12" type="stmt"/>
        <line num="153" count="0" type="stmt"/>
        <line num="156" count="12" type="stmt"/>
        <line num="157" count="1" type="stmt"/>
        <line num="160" count="12" type="stmt"/>
        <line num="161" count="12" type="stmt"/>
        <line num="162" count="1" type="stmt"/>
        <line num="165" count="12" type="stmt"/>
        <line num="166" count="0" type="stmt"/>
        <line num="169" count="12" type="stmt"/>
        <line num="170" count="1" type="stmt"/>
        <line num="173" count="12" type="stmt"/>
        <line num="175" count="12" type="stmt"/>
        <line num="176" count="12" type="stmt"/>
        <line num="208" count="12" type="stmt"/>
        <line num="213" count="1" type="stmt"/>
        <line num="214" count="45" type="stmt"/>
        <line num="215" count="45" type="cond" truecount="1" falsecount="1"/>
        <line num="216" count="0" type="stmt"/>
        <line num="218" count="45" type="stmt"/>
      </file>
      <file name="ThemeProvider.tsx" path="/workspace/src/app/providers/ThemeProvider.tsx">
        <metrics statements="45" coveredstatements="44" conditionals="22" coveredconditionals="17" methods="10" coveredmethods="10"/>
        <line num="23" count="15" type="stmt"/>
        <line num="33" count="280" type="stmt"/>
        <line num="35" count="280" type="stmt"/>
        <line num="36" count="280" type="stmt"/>
        <line num="37" count="280" type="stmt"/>
        <line num="39" count="280" type="stmt"/>
        <line num="40" count="260" type="stmt"/>
        <line num="41" count="260" type="stmt"/>
        <line num="42" count="260" type="stmt"/>
        <line num="45" count="1" type="cond" truecount="1" falsecount="1"/>
        <line num="46" count="1" type="stmt"/>
        <line num="50" count="260" type="stmt"/>
        <line num="53" count="1" type="cond" truecount="1" falsecount="1"/>
        <line num="54" count="1" type="stmt"/>
        <line num="58" count="260" type="stmt"/>
        <line num="59" count="260" type="stmt"/>
        <line num="60" count="260" type="cond" truecount="2" falsecount="0"/>
        <line num="63" count="259" type="cond" truecount="2" falsecount="0"/>
        <line num="64" count="258" type="stmt"/>
        <line num="67" count="1" type="cond" truecount="1" falsecount="1"/>
        <line num="68" count="1" type="stmt"/>
        <line num="72" count="260" type="stmt"/>
        <line num="73" count="260" type="stmt"/>
        <line num="74" count="260" type="stmt"/>
        <line num="75" count="259" type="cond" truecount="2" falsecount="0"/>
        <line num="76" count="258" type="stmt"/>
        <line num="79" count="1" type="cond" truecount="1" falsecount="1"/>
        <line num="80" count="1" type="stmt"/>
        <line num="85" count="260" type="stmt"/>
        <line num="86" count="260" type="stmt"/>
        <line num="87" count="260" type="stmt"/>
        <line num="88" count="260" type="stmt"/>
        <line num="89" count="260" type="stmt"/>
        <line num="90" count="260" type="stmt"/>
        <line num="95" count="280" type="cond" truecount="3" falsecount="0"/>
        <line num="97" count="280" type="stmt"/>
        <line num="98" count="266" type="stmt"/>
        <line num="101" count="280" type="stmt"/>
        <line num="102" count="267" type="stmt"/>
        <line num="106" count="280" type="stmt"/>
        <line num="111" count="15" type="stmt"/>
        <line num="112" count="36032" type="stmt"/>
        <line num="113" count="36032" type="cond" truecount="1" falsecount="1"/>
        <line num="114" count="0" type="stmt"/>
        <line num="116" count="36032" type="stmt"/>
      </file>
    </package>
    <package name="application.ports">
      <metrics statements="1" coveredstatements="1" conditionals="0" coveredconditionals="0" methods="0" coveredmethods="0"/>
      <file name="ActivityPort.ts" path="/workspace/src/application/ports/ActivityPort.ts">
        <metrics statements="0" coveredstatements="0" conditionals="0" coveredconditionals="0" methods="0" coveredmethods="0"/>
      </file>
      <file name="AppProjectionPort.ts" path="/workspace/src/application/ports/AppProjectionPort.ts">
        <metrics statements="1" coveredstatements="1" conditionals="0" coveredconditionals="0" methods="0" coveredmethods="0"/>
        <line num="19" count="3" type="stmt"/>
      </file>
      <file name="AppRoutePort.ts" path="/workspace/src/application/ports/AppRoutePort.ts">
        <metrics statements="0" coveredstatements="0" conditionals="0" coveredconditionals="0" methods="0" coveredmethods="0"/>
      </file>
      <file name="AutomationPort.ts" path="/workspace/src/application/ports/AutomationPort.ts">
        <metrics statements="0" coveredstatements="0" conditionals="0" coveredconditionals="0" methods="0" coveredmethods="0"/>
      </file>
      <file name="BirthdayNativePort.ts" path="/workspace/src/application/ports/BirthdayNativePort.ts">
        <metrics statements="0" coveredstatements="0" conditionals="0" coveredconditionals="0" methods="0" coveredmethods="0"/>
      </file>
      <file name="DeviceLifecyclePort.ts" path="/workspace/src/application/ports/DeviceLifecyclePort.ts">
        <metrics statements="0" coveredstatements="0" conditionals="0" coveredconditionals="0" methods="0" coveredmethods="0"/>
      </file>
      <file name="IdentityContactsPort.ts" path="/workspace/src/application/ports/IdentityContactsPort.ts">
        <metrics statements="0" coveredstatements="0" conditionals="0" coveredconditionals="0" methods="0" coveredmethods="0"/>
      </file>
      <file name="MessagePort.ts" path="/workspace/src/application/ports/MessagePort.ts">
        <metrics statements="0" coveredstatements="0" conditionals="0" coveredconditionals="0" methods="0" coveredmethods="0"/>
      </file>
      <file name="NativeActionPort.ts" path="/workspace/src/application/ports/NativeActionPort.ts">
        <metrics statements="0" coveredstatements="0" conditionals="0" coveredconditionals="0" methods="0" coveredmethods="0"/>
      </file>
      <file name="PeoplePort.ts" path="/workspace/src/application/ports/PeoplePort.ts">
        <metrics statements="0" coveredstatements="0" conditionals="0" coveredconditionals="0" methods="0" coveredmethods="0"/>
      </file>
      <file name="PrivacyPort.ts" path="/workspace/src/application/ports/PrivacyPort.ts">
        <metrics statements="0" coveredstatements="0" conditionals="0" coveredconditionals="0" methods="0" coveredmethods="0"/>
      </file>
      <file name="PublicResourcesPort.ts" path="/workspace/src/application/ports/PublicResourcesPort.ts">
        <metrics statements="0" coveredstatements="0" conditionals="0" coveredconditionals="0" methods="0" coveredmethods="0"/>
      </file>
    </package>
    <package name="design-system.components">
      <metrics statements="158" coveredstatements="149" conditionals="169" coveredconditionals="146" methods="56" coveredmethods="53"/>
      <file name="AccessibleTextInput.tsx" path="/workspace/src/design-system/components/AccessibleTextInput.tsx">
        <metrics statements="13" coveredstatements="13" conditionals="4" coveredconditionals="4" methods="3" coveredmethods="3"/>
        <line num="13" count="13" type="stmt"/>
        <line num="20" count="304" type="stmt"/>
        <line num="21" count="304" type="stmt"/>
        <line num="22" count="304" type="stmt"/>
        <line num="23" count="304" type="stmt"/>
        <line num="24" count="304" type="cond" truecount="2" falsecount="0"/>
        <line num="25" count="2" type="stmt"/>
        <line num="30" count="302" type="stmt"/>
        <line num="37" count="1" type="stmt"/>
        <line num="38" count="1" type="stmt"/>
        <line num="41" count="1" type="stmt"/>
        <line num="42" count="1" type="stmt"/>
        <line num="55" count="13" type="stmt"/>
      </file>
      <file name="AppText.tsx" path="/workspace/src/design-system/components/AppText.tsx">
        <metrics statements="4" coveredstatements="4" conditionals="8" coveredconditionals="8" methods="1" coveredmethods="1"/>
        <line num="22" count="13" type="stmt"/>
        <line num="38" count="21107" type="stmt"/>
        <line num="40" count="21107" type="cond" truecount="2" falsecount="0"/>
        <line num="48" count="21107" type="stmt"/>
      </file>
      <file name="Icon.tsx" path="/workspace/src/design-system/components/Icon.tsx">
        <metrics statements="9" coveredstatements="8" conditionals="14" coveredconditionals="12" methods="1" coveredmethods="1"/>
        <line num="33" count="13" type="stmt"/>
        <line num="58" count="4419" type="cond" truecount="2" falsecount="0"/>
        <line num="59" count="4419" type="stmt"/>
        <line num="60" count="4419" type="stmt"/>
        <line num="61" count="4419" type="stmt"/>
        <line num="62" count="4419" type="cond" truecount="3" falsecount="1"/>
        <line num="63" count="0" type="stmt"/>
        <line num="71" count="4419" type="stmt"/>
        <line num="75" count="4419" type="stmt"/>
      </file>
      <file name="Primitives.tsx" path="/workspace/src/design-system/components/Primitives.tsx">
        <metrics statements="117" coveredstatements="109" conditionals="137" coveredconditionals="118" methods="47" coveredmethods="44"/>
        <line num="46" count="12" type="stmt"/>
        <line num="50" count="5912" type="stmt"/>
        <line num="63" count="845" type="stmt"/>
        <line num="64" count="845" type="stmt"/>
        <line num="66" count="845" type="stmt"/>
        <line num="70" count="1" type="stmt"/>
        <line num="71" count="1" type="stmt"/>
        <line num="74" count="1" type="stmt"/>
        <line num="75" count="1" type="stmt"/>
        <line num="77" count="845" type="stmt"/>
        <line num="92" count="1775" type="stmt"/>
        <line num="93" count="1775" type="stmt"/>
        <line num="94" count="1775" type="stmt"/>
        <line num="95" count="559" type="stmt"/>
        <line num="97" count="0" type="stmt"/>
        <line num="105" count="1775" type="stmt"/>
        <line num="142" count="1932" type="stmt"/>
        <line num="143" count="1932" type="stmt"/>
        <line num="177" count="34" type="stmt"/>
        <line num="178" count="34" type="stmt"/>
        <line num="179" count="34" type="stmt"/>
        <line num="180" count="34" type="stmt"/>
        <line num="181" count="34" type="stmt"/>
        <line num="182" count="34" type="stmt"/>
        <line num="185" count="34" type="stmt"/>
        <line num="187" count="34" type="stmt"/>
        <line num="188" count="31" type="stmt"/>
        <line num="189" count="31" type="stmt"/>
        <line num="190" count="31" type="stmt"/>
        <line num="191" count="31" type="stmt"/>
        <line num="192" count="31" type="cond" truecount="2" falsecount="0"/>
        <line num="193" count="1" type="stmt"/>
        <line num="198" count="34" type="stmt"/>
        <line num="200" count="2" type="cond" truecount="2" falsecount="0"/>
        <line num="201" count="1" type="stmt"/>
        <line num="202" count="1" type="stmt"/>
        <line num="203" count="1" type="stmt"/>
        <line num="204" count="1" type="stmt"/>
        <line num="206" count="1" type="stmt"/>
        <line num="208" count="1" type="cond" truecount="1" falsecount="1"/>
        <line num="213" count="0" type="stmt"/>
        <line num="215" count="1" type="stmt"/>
        <line num="216" count="1" type="cond" truecount="3" falsecount="1"/>
        <line num="217" count="0" type="stmt"/>
        <line num="219" count="1" type="stmt"/>
        <line num="220" count="1" type="cond" truecount="1" falsecount="1"/>
        <line num="221" count="1" type="stmt"/>
        <line num="223" count="1" type="cond" truecount="1" falsecount="1"/>
        <line num="224" count="1" type="stmt"/>
        <line num="227" count="0" type="cond" truecount="0" falsecount="2"/>
        <line num="228" count="0" type="stmt"/>
        <line num="232" count="0" type="stmt"/>
        <line num="237" count="34" type="stmt"/>
        <line num="238" count="31" type="cond" truecount="1" falsecount="1"/>
        <line num="239" count="0" type="stmt"/>
        <line num="243" count="34" type="stmt"/>
        <line num="245" count="2" type="stmt"/>
        <line num="246" count="2" type="stmt"/>
        <line num="251" count="34" type="stmt"/>
        <line num="290" count="2728" type="stmt"/>
        <line num="291" count="2728" type="stmt"/>
        <line num="293" count="2728" type="cond" truecount="2" falsecount="0"/>
        <line num="301" count="2728" type="cond" truecount="4" falsecount="0"/>
        <line num="307" count="2728" type="stmt"/>
        <line num="317" count="1" type="stmt"/>
        <line num="318" count="1" type="stmt"/>
        <line num="321" count="2728" type="stmt"/>
        <line num="347" count="12" type="stmt"/>
        <line num="351" count="1883" type="cond" truecount="5" falsecount="0"/>
        <line num="353" count="641" type="stmt"/>
        <line num="359" count="543" type="stmt"/>
        <line num="365" count="187" type="stmt"/>
        <line num="371" count="465" type="stmt"/>
        <line num="377" count="47" type="stmt"/>
        <line num="396" count="1255" type="stmt"/>
        <line num="397" count="1255" type="stmt"/>
        <line num="398" count="1255" type="stmt"/>
        <line num="438" count="628" type="stmt"/>
        <line num="439" count="628" type="stmt"/>
        <line num="440" count="628" type="cond" truecount="2" falsecount="0"/>
        <line num="441" count="628" type="stmt"/>
        <line num="472" count="23" type="stmt"/>
        <line num="473" count="23" type="stmt"/>
        <line num="474" count="23" type="stmt"/>
        <line num="494" count="1471" type="stmt"/>
        <line num="515" count="1051" type="stmt"/>
        <line num="516" count="1051" type="stmt"/>
        <line num="517" count="1051" type="stmt"/>
        <line num="522" count="1" type="stmt"/>
        <line num="523" count="1" type="stmt"/>
        <line num="526" count="1051" type="stmt"/>
        <line num="560" count="158" type="stmt"/>
        <line num="588" count="99" type="stmt"/>
        <line num="589" count="99" type="stmt"/>
        <line num="613" count="0" type="stmt"/>
        <line num="636" count="726" type="stmt"/>
        <line num="637" count="726" type="stmt"/>
        <line num="638" count="726" type="stmt"/>
        <line num="639" count="726" type="stmt"/>
        <line num="643" count="1" type="stmt"/>
        <line num="644" count="1" type="stmt"/>
        <line num="647" count="726" type="stmt"/>
        <line num="682" count="6" type="stmt"/>
        <line num="683" count="6" type="stmt"/>
        <line num="684" count="6" type="stmt"/>
        <line num="691" count="1" type="stmt"/>
        <line num="692" count="1" type="stmt"/>
        <line num="694" count="6" type="stmt"/>
        <line num="744" count="556" type="stmt"/>
        <line num="745" count="556" type="stmt"/>
        <line num="746" count="556" type="stmt"/>
        <line num="747" count="556" type="stmt"/>
        <line num="754" count="1" type="stmt"/>
        <line num="755" count="1" type="stmt"/>
        <line num="758" count="556" type="stmt"/>
        <line num="807" count="905" type="stmt"/>
        <line num="817" count="12" type="stmt"/>
      </file>
      <file name="RouteAccessibilityFocus.tsx" path="/workspace/src/design-system/components/RouteAccessibilityFocus.tsx">
        <metrics statements="15" coveredstatements="15" conditionals="6" coveredconditionals="4" methods="4" coveredmethods="4"/>
        <line num="22" count="354" type="stmt"/>
        <line num="24" count="354" type="stmt"/>
        <line num="25" count="272" type="stmt"/>
        <line num="26" count="272" type="stmt"/>
        <line num="27" count="267" type="cond" truecount="1" falsecount="1"/>
        <line num="28" count="267" type="stmt"/>
        <line num="29" count="267" type="cond" truecount="2" falsecount="0"/>
        <line num="30" count="2" type="stmt"/>
        <line num="35" count="267" type="cond" truecount="1" falsecount="1"/>
        <line num="36" count="267" type="stmt"/>
        <line num="40" count="272" type="stmt"/>
        <line num="41" count="272" type="stmt"/>
        <line num="42" count="272" type="stmt"/>
        <line num="46" count="354" type="stmt"/>
        <line num="59" count="3" type="stmt"/>
      </file>
    </package>
    <package name="design-system.tokens">
      <metrics statements="8" coveredstatements="8" conditionals="8" coveredconditionals="8" methods="1" coveredmethods="1"/>
      <file name="theme.ts" path="/workspace/src/design-system/tokens/theme.ts">
        <metrics statements="8" coveredstatements="8" conditionals="8" coveredconditionals="8" methods="1" coveredmethods="1"/>
        <line num="39" count="16" type="stmt"/>
        <line num="62" count="16" type="stmt"/>
        <line num="85" count="16" type="stmt"/>
        <line num="89" count="270" type="cond" truecount="2" falsecount="0"/>
        <line num="91" count="270" type="stmt"/>
        <line num="102" count="16" type="stmt"/>
        <line num="111" count="16" type="stmt"/>
        <line num="118" count="16" type="stmt"/>
      </file>
    </package>
    <package name="domain.account">
      <metrics statements="0" coveredstatements="0" conditionals="0" coveredconditionals="0" methods="0" coveredmethods="0"/>
      <file name="model.ts" path="/workspace/src/domain/account/model.ts">
        <metrics statements="0" coveredstatements="0" conditionals="0" coveredconditionals="0" methods="0" coveredmethods="0"/>
      </file>
    </package>
    <package name="domain.activity">
      <metrics statements="2" coveredstatements="2" conditionals="0" coveredconditionals="0" methods="0" coveredmethods="0"/>
      <file name="model.ts" path="/workspace/src/domain/activity/model.ts">
        <metrics statements="2" coveredstatements="2" conditionals="0" coveredconditionals="0" methods="0" coveredmethods="0"/>
        <line num="5" count="3" type="stmt"/>
        <line num="34" count="3" type="stmt"/>
      </file>
    </package>
    <package name="domain.approvals">
      <metrics statements="1" coveredstatements="1" conditionals="0" coveredconditionals="0" methods="0" coveredmethods="0"/>
      <file name="model.ts" path="/workspace/src/domain/approvals/model.ts">
        <metrics statements="1" coveredstatements="1" conditionals="0" coveredconditionals="0" methods="0" coveredmethods="0"/>
        <line num="9" count="3" type="stmt"/>
      </file>
    </package>
    <package name="domain.automation">
      <metrics statements="2" coveredstatements="2" conditionals="0" coveredconditionals="0" methods="0" coveredmethods="0"/>
      <file name="model.ts" path="/workspace/src/domain/automation/model.ts">
        <metrics statements="2" coveredstatements="2" conditionals="0" coveredconditionals="0" methods="0" coveredmethods="0"/>
        <line num="13" count="3" type="stmt"/>
        <line num="42" count="3" type="stmt"/>
      </file>
    </package>
    <package name="domain.birthdays">
      <metrics statements="1" coveredstatements="1" conditionals="0" coveredconditionals="0" methods="0" coveredmethods="0"/>
      <file name="model.ts" path="/workspace/src/domain/birthdays/model.ts">
        <metrics statements="1" coveredstatements="1" conditionals="0" coveredconditionals="0" methods="0" coveredmethods="0"/>
        <line num="5" count="1" type="stmt"/>
      </file>
    </package>
    <package name="domain.contacts">
      <metrics statements="1" coveredstatements="1" conditionals="0" coveredconditionals="0" methods="0" coveredmethods="0"/>
      <file name="model.ts" path="/workspace/src/domain/contacts/model.ts">
        <metrics statements="1" coveredstatements="1" conditionals="0" coveredconditionals="0" methods="0" coveredmethods="0"/>
        <line num="13" count="3" type="stmt"/>
      </file>
    </package>
    <package name="domain.device">
      <metrics statements="1" coveredstatements="1" conditionals="0" coveredconditionals="0" methods="0" coveredmethods="0"/>
      <file name="model.ts" path="/workspace/src/domain/device/model.ts">
        <metrics statements="1" coveredstatements="1" conditionals="0" coveredconditionals="0" methods="0" coveredmethods="0"/>
        <line num="8" count="1" type="stmt"/>
      </file>
    </package>
    <package name="domain.home">
      <metrics statements="0" coveredstatements="0" conditionals="0" coveredconditionals="0" methods="0" coveredmethods="0"/>
      <file name="model.ts" path="/workspace/src/domain/home/model.ts">
        <metrics statements="0" coveredstatements="0" conditionals="0" coveredconditionals="0" methods="0" coveredmethods="0"/>
      </file>
    </package>
    <package name="domain.legal">
      <metrics statements="1" coveredstatements="1" conditionals="0" coveredconditionals="0" methods="0" coveredmethods="0"/>
      <file name="model.ts" path="/workspace/src/domain/legal/model.ts">
        <metrics statements="1" coveredstatements="1" conditionals="0" coveredconditionals="0" methods="0" coveredmethods="0"/>
        <line num="1" count="1" type="stmt"/>
      </file>
    </package>
    <package name="domain.messages">
      <metrics statements="3" coveredstatements="3" conditionals="0" coveredconditionals="0" methods="0" coveredmethods="0"/>
      <file name="model.ts" path="/workspace/src/domain/messages/model.ts">
        <metrics statements="3" coveredstatements="3" conditionals="0" coveredconditionals="0" methods="0" coveredmethods="0"/>
        <line num="8" count="7" type="stmt"/>
        <line num="9" count="7" type="stmt"/>
        <line num="39" count="7" type="stmt"/>
      </file>
    </package>
    <package name="domain.navigation">
      <metrics statements="0" coveredstatements="0" conditionals="0" coveredconditionals="0" methods="0" coveredmethods="0"/>
      <file name="model.ts" path="/workspace/src/domain/navigation/model.ts">
        <metrics statements="0" coveredstatements="0" conditionals="0" coveredconditionals="0" methods="0" coveredmethods="0"/>
      </file>
    </package>
    <package name="domain.privacy">
      <metrics statements="1" coveredstatements="1" conditionals="0" coveredconditionals="0" methods="0" coveredmethods="0"/>
      <file name="model.ts" path="/workspace/src/domain/privacy/model.ts">
        <metrics statements="1" coveredstatements="1" conditionals="0" coveredconditionals="0" methods="0" coveredmethods="0"/>
        <line num="5" count="3" type="stmt"/>
      </file>
    </package>
    <package name="domain.readiness">
      <metrics statements="0" coveredstatements="0" conditionals="0" coveredconditionals="0" methods="0" coveredmethods="0"/>
      <file name="model.ts" path="/workspace/src/domain/readiness/model.ts">
        <metrics statements="0" coveredstatements="0" conditionals="0" coveredconditionals="0" methods="0" coveredmethods="0"/>
      </file>
    </package>
    <package name="domain.setup">
      <metrics statements="1" coveredstatements="1" conditionals="0" coveredconditionals="0" methods="0" coveredmethods="0"/>
      <file name="model.ts" path="/workspace/src/domain/setup/model.ts">
        <metrics statements="1" coveredstatements="1" conditionals="0" coveredconditionals="0" methods="0" coveredmethods="0"/>
        <line num="10" count="3" type="stmt"/>
      </file>
    </package>
    <package name="domain.shared">
      <metrics statements="23" coveredstatements="22" conditionals="8" coveredconditionals="7" methods="5" coveredmethods="5"/>
      <file name="brand.ts" path="/workspace/src/domain/shared/brand.ts">
        <metrics statements="0" coveredstatements="0" conditionals="0" coveredconditionals="0" methods="0" coveredmethods="0"/>
      </file>
      <file name="platform.ts" path="/workspace/src/domain/shared/platform.ts">
        <metrics statements="0" coveredstatements="0" conditionals="0" coveredconditionals="0" methods="0" coveredmethods="0"/>
      </file>
      <file name="reasonCodes.ts" path="/workspace/src/domain/shared/reasonCodes.ts">
        <metrics statements="1" coveredstatements="1" conditionals="0" coveredconditionals="0" methods="0" coveredmethods="0"/>
        <line num="1" count="7" type="stmt"/>
      </file>
      <file name="result.ts" path="/workspace/src/domain/shared/result.ts">
        <metrics statements="0" coveredstatements="0" conditionals="0" coveredconditionals="0" methods="0" coveredmethods="0"/>
      </file>
      <file name="temporal.ts" path="/workspace/src/domain/shared/temporal.ts">
        <metrics statements="22" coveredstatements="21" conditionals="8" coveredconditionals="7" methods="5" coveredmethods="5"/>
        <line num="8" count="9" type="stmt"/>
        <line num="9" count="9" type="stmt"/>
        <line num="11" count="9" type="stmt"/>
        <line num="13" count="9" type="stmt"/>
        <line num="14" count="108" type="stmt"/>
        <line num="15" count="108" type="stmt"/>
        <line num="16" count="108" type="stmt"/>
        <line num="17" count="108" type="stmt"/>
        <line num="24" count="9" type="stmt"/>
        <line num="25" count="1" type="stmt"/>
        <line num="26" count="1" type="cond" truecount="1" falsecount="1"/>
        <line num="27" count="0" type="stmt"/>
        <line num="30" count="1" type="stmt"/>
        <line num="33" count="9" type="stmt"/>
        <line num="34" count="251" type="stmt"/>
        <line num="36" count="9" type="stmt"/>
        <line num="37" count="110" type="stmt"/>
        <line num="38" count="110" type="stmt"/>
        <line num="45" count="9" type="stmt"/>
        <line num="46" count="245" type="stmt"/>
        <line num="47" count="245" type="stmt"/>
        <line num="48" count="245" type="stmt"/>
      </file>
    </package>
    <package name="domain.validation">
      <metrics statements="159" coveredstatements="153" conditionals="142" coveredconditionals="135" methods="19" coveredmethods="19"/>
      <file name="ephemeralPhone.ts" path="/workspace/src/domain/validation/ephemeralPhone.ts">
        <metrics statements="7" coveredstatements="6" conditionals="7" coveredconditionals="5" methods="1" coveredmethods="1"/>
        <line num="4" count="3" type="stmt"/>
        <line num="6" count="3" type="stmt"/>
        <line num="9" count="4" type="stmt"/>
        <line num="10" count="4" type="cond" truecount="1" falsecount="1"/>
        <line num="11" count="4" type="cond" truecount="4" falsecount="1"/>
        <line num="12" count="0" type="stmt"/>
        <line num="18" count="4" type="stmt"/>
      </file>
      <file name="templateDraft.ts" path="/workspace/src/domain/validation/templateDraft.ts">
        <metrics statements="126" coveredstatements="121" conditionals="101" coveredconditionals="96" methods="14" coveredmethods="14"/>
        <line num="9" count="5" type="stmt"/>
        <line num="10" count="5" type="stmt"/>
        <line num="11" count="5" type="stmt"/>
        <line num="12" count="5" type="stmt"/>
        <line num="18" count="5" type="stmt"/>
        <line num="19" count="45" type="stmt"/>
        <line num="20" count="45" type="stmt"/>
        <line num="22" count="0" type="stmt"/>
        <line num="26" count="5" type="stmt"/>
        <line num="30" count="5" type="stmt"/>
        <line num="31" count="5" type="stmt"/>
        <line num="32" count="5" type="stmt"/>
        <line num="36" count="5" type="stmt"/>
        <line num="38" count="5" type="stmt"/>
        <line num="40" count="5" type="stmt"/>
        <line num="63" count="5" type="stmt"/>
        <line num="64" count="5" type="stmt"/>
        <line num="66" count="5" type="stmt"/>
        <line num="67" count="5" type="stmt"/>
        <line num="71" count="5" type="stmt"/>
        <line num="75" count="5" type="stmt"/>
        <line num="76" count="5" type="stmt"/>
        <line num="77" count="5" type="stmt"/>
        <line num="82" count="5" type="stmt"/>
        <line num="83" count="5" type="stmt"/>
        <line num="88" count="5" type="stmt"/>
        <line num="90" count="5" type="stmt"/>
        <line num="92" count="5" type="stmt"/>
        <line num="94" count="5" type="stmt"/>
        <line num="96" count="5" type="stmt"/>
        <line num="98" count="5" type="stmt"/>
        <line num="100" count="5" type="stmt"/>
        <line num="102" count="5" type="stmt"/>
        <line num="104" count="5" type="stmt"/>
        <line num="106" count="5" type="stmt"/>
        <line num="108" count="5" type="stmt"/>
        <line num="110" count="5" type="stmt"/>
        <line num="112" count="5" type="stmt"/>
        <line num="114" count="5" type="stmt"/>
        <line num="116" count="5" type="stmt"/>
        <line num="118" count="5" type="stmt"/>
        <line num="120" count="5" type="stmt"/>
        <line num="121" count="195" type="stmt"/>
        <line num="127" count="5" type="stmt"/>
        <line num="128" count="5" type="stmt"/>
        <line num="129" count="191" type="cond" truecount="2" falsecount="0"/>
        <line num="131" count="6" type="stmt"/>
        <line num="134" count="5" type="stmt"/>
        <line num="138" count="195" type="stmt"/>
        <line num="139" count="195" type="stmt"/>
        <line num="140" count="195" type="cond" truecount="2" falsecount="0"/>
        <line num="143" count="107" type="stmt"/>
        <line num="145" count="195" type="cond" truecount="2" falsecount="0"/>
        <line num="152" count="9" type="stmt"/>
        <line num="154" count="195" type="cond" truecount="2" falsecount="0"/>
        <line num="155" count="9" type="stmt"/>
        <line num="156" count="195" type="cond" truecount="2" falsecount="0"/>
        <line num="157" count="5" type="stmt"/>
        <line num="159" count="195" type="cond" truecount="2" falsecount="0"/>
        <line num="167" count="6" type="stmt"/>
        <line num="169" count="195" type="cond" truecount="4" falsecount="0"/>
        <line num="170" count="195" type="cond" truecount="2" falsecount="0"/>
        <line num="171" count="195" type="cond" truecount="2" falsecount="0"/>
        <line num="172" count="195" type="cond" truecount="2" falsecount="0"/>
        <line num="173" count="195" type="cond" truecount="2" falsecount="0"/>
        <line num="174" count="195" type="cond" truecount="2" falsecount="0"/>
        <line num="175" count="195" type="cond" truecount="2" falsecount="0"/>
        <line num="176" count="195" type="cond" truecount="2" falsecount="0"/>
        <line num="177" count="195" type="cond" truecount="2" falsecount="0"/>
        <line num="178" count="195" type="cond" truecount="2" falsecount="0"/>
        <line num="179" count="195" type="cond" truecount="2" falsecount="0"/>
        <line num="180" count="195" type="stmt"/>
        <line num="183" count="5" type="stmt"/>
        <line num="184" count="135" type="cond" truecount="2" falsecount="0"/>
        <line num="187" count="4138" type="cond" truecount="2" falsecount="0"/>
        <line num="191" count="5" type="stmt"/>
        <line num="195" count="135" type="stmt"/>
        <line num="196" count="135" type="stmt"/>
        <line num="198" count="135" type="cond" truecount="2" falsecount="0"/>
        <line num="199" count="135" type="cond" truecount="3" falsecount="1"/>
        <line num="200" count="0" type="stmt"/>
        <line num="202" count="135" type="cond" truecount="2" falsecount="0"/>
        <line num="203" count="135" type="cond" truecount="2" falsecount="0"/>
        <line num="204" count="29" type="stmt"/>
        <line num="206" count="1143" type="stmt"/>
        <line num="209" count="266" type="stmt"/>
        <line num="214" count="5" type="stmt"/>
        <line num="217" count="135" type="stmt"/>
        <line num="218" count="135" type="stmt"/>
        <line num="220" count="135" type="cond" truecount="1" falsecount="1"/>
        <line num="221" count="0" type="stmt"/>
        <line num="224" count="135" type="cond" truecount="2" falsecount="0"/>
        <line num="225" count="135" type="stmt"/>
        <line num="226" count="135" type="cond" truecount="2" falsecount="0"/>
        <line num="227" count="225" type="cond" truecount="2" falsecount="0"/>
        <line num="230" count="9" type="stmt"/>
        <line num="233" count="135" type="stmt"/>
        <line num="234" count="228" type="stmt"/>
        <line num="236" count="135" type="cond" truecount="2" falsecount="0"/>
        <line num="237" count="135" type="cond" truecount="2" falsecount="0"/>
        <line num="238" count="101" type="stmt"/>
        <line num="241" count="135" type="cond" truecount="2" falsecount="0"/>
        <line num="242" count="3" type="stmt"/>
        <line num="244" count="135" type="cond" truecount="1" falsecount="1"/>
        <line num="245" count="0" type="stmt"/>
        <line num="247" count="135" type="stmt"/>
        <line num="251" count="135" type="cond" truecount="2" falsecount="0"/>
        <line num="252" count="3" type="stmt"/>
        <line num="254" count="135" type="cond" truecount="2" falsecount="0"/>
        <line num="255" count="5" type="stmt"/>
        <line num="257" count="135" type="cond" truecount="2" falsecount="0"/>
        <line num="258" count="1" type="stmt"/>
        <line num="260" count="135" type="cond" truecount="2" falsecount="0"/>
        <line num="262" count="122" type="stmt"/>
        <line num="278" count="8" type="stmt"/>
        <line num="280" count="135" type="cond" truecount="2" falsecount="0"/>
        <line num="281" count="105" type="stmt"/>
        <line num="283" count="135" type="cond" truecount="2" falsecount="0"/>
        <line num="284" count="31" type="stmt"/>
        <line num="286" count="135" type="cond" truecount="3" falsecount="1"/>
        <line num="287" count="0" type="stmt"/>
        <line num="290" count="135" type="cond" truecount="2" falsecount="0"/>
        <line num="291" count="117" type="stmt"/>
        <line num="295" count="18" type="cond" truecount="2" falsecount="0"/>
        <line num="298" count="18" type="stmt"/>
        <line num="300" count="18" type="stmt"/>
      </file>
      <file name="windowDraft.ts" path="/workspace/src/domain/validation/windowDraft.ts">
        <metrics statements="26" coveredstatements="26" conditionals="34" coveredconditionals="34" methods="4" coveredmethods="4"/>
        <line num="13" count="8" type="stmt"/>
        <line num="18" count="5" type="stmt"/>
        <line num="21" count="122" type="stmt"/>
        <line num="22" count="122" type="stmt"/>
        <line num="23" count="122" type="stmt"/>
        <line num="25" count="122" type="cond" truecount="2" falsecount="0"/>
        <line num="27" count="122" type="cond" truecount="5" falsecount="0"/>
        <line num="28" count="2" type="stmt"/>
        <line num="31" count="122" type="cond" truecount="2" falsecount="0"/>
        <line num="36" count="4" type="stmt"/>
        <line num="39" count="122" type="cond" truecount="5" falsecount="0"/>
        <line num="40" count="120" type="stmt"/>
        <line num="41" count="120" type="stmt"/>
        <line num="43" count="120" type="cond" truecount="2" falsecount="0"/>
        <line num="44" count="120" type="stmt"/>
        <line num="45" count="120" type="stmt"/>
        <line num="47" count="120" type="cond" truecount="2" falsecount="0"/>
        <line num="55" count="6" type="stmt"/>
        <line num="59" count="122" type="cond" truecount="2" falsecount="0"/>
        <line num="60" count="12" type="stmt"/>
        <line num="65" count="12" type="stmt"/>
        <line num="67" count="12" type="cond" truecount="2" falsecount="0"/>
        <line num="73" count="110" type="stmt"/>
        <line num="74" count="110" type="stmt"/>
        <line num="76" count="110" type="cond" truecount="2" falsecount="0"/>
        <line num="83" count="110" type="stmt"/>
      </file>
    </package>
    <package name="features.activity">
      <metrics statements="22" coveredstatements="20" conditionals="19" coveredconditionals="12" methods="8" coveredmethods="8"/>
      <file name="ActivityDetailScreen.tsx" path="/workspace/src/features/activity/ActivityDetailScreen.tsx">
        <metrics statements="5" coveredstatements="5" conditionals="6" coveredconditionals="4" methods="2" coveredmethods="2"/>
        <line num="21" count="1" type="stmt"/>
        <line num="22" count="1" type="stmt"/>
        <line num="23" count="1" type="stmt"/>
        <line num="24" count="1" type="stmt"/>
        <line num="27" count="1" type="stmt"/>
      </file>
      <file name="ActivityScreen.tsx" path="/workspace/src/features/activity/ActivityScreen.tsx">
        <metrics statements="13" coveredstatements="11" conditionals="7" coveredconditionals="4" methods="4" coveredmethods="4"/>
        <line num="21" count="1" type="stmt"/>
        <line num="25" count="4" type="cond" truecount="3" falsecount="2"/>
        <line num="27" count="2" type="stmt"/>
        <line num="29" count="1" type="stmt"/>
        <line num="31" count="1" type="stmt"/>
        <line num="33" count="0" type="stmt"/>
        <line num="35" count="0" type="stmt"/>
        <line num="40" count="1" type="stmt"/>
        <line num="41" count="1" type="stmt"/>
        <line num="43" count="1" type="cond" truecount="1" falsecount="1"/>
        <line num="45" count="1" type="stmt"/>
        <line num="52" count="3" type="stmt"/>
        <line num="57" count="1" type="stmt"/>
      </file>
      <file name="AttentionScreen.tsx" path="/workspace/src/features/activity/AttentionScreen.tsx">
        <metrics statements="4" coveredstatements="4" conditionals="6" coveredconditionals="4" methods="2" coveredmethods="2"/>
        <line num="18" count="2" type="stmt"/>
        <line num="19" count="2" type="stmt"/>
        <line num="21" count="2" type="stmt"/>
        <line num="49" count="1" type="stmt"/>
      </file>
    </package>
    <package name="features.fixtures">
      <metrics statements="5" coveredstatements="5" conditionals="0" coveredconditionals="0" methods="1" coveredmethods="1"/>
      <file name="data.ts" path="/workspace/src/features/fixtures/data.ts">
        <metrics statements="5" coveredstatements="5" conditionals="0" coveredconditionals="0" methods="1" coveredmethods="1"/>
        <line num="13" count="1" type="stmt"/>
        <line num="51" count="1" type="stmt"/>
        <line num="52" count="12" type="stmt"/>
        <line num="65" count="1" type="stmt"/>
        <line num="75" count="1" type="stmt"/>
      </file>
    </package>
    <package name="features.home">
      <metrics statements="16" coveredstatements="16" conditionals="40" coveredconditionals="34" methods="8" coveredmethods="7"/>
      <file name="ApprovedMessageScreen.tsx" path="/workspace/src/features/home/ApprovedMessageScreen.tsx">
        <metrics statements="4" coveredstatements="4" conditionals="16" coveredconditionals="14" methods="2" coveredmethods="2"/>
        <line num="26" count="3" type="stmt"/>
        <line num="27" count="3" type="stmt"/>
        <line num="29" count="3" type="cond" truecount="1" falsecount="1"/>
        <line num="32" count="3" type="stmt"/>
      </file>
      <file name="HomeScreen.tsx" path="/workspace/src/features/home/HomeScreen.tsx">
        <metrics statements="12" coveredstatements="12" conditionals="24" coveredconditionals="20" methods="6" coveredmethods="5"/>
        <line num="40" count="6" type="stmt"/>
        <line num="41" count="6" type="stmt"/>
        <line num="42" count="6" type="stmt"/>
        <line num="43" count="6" type="stmt"/>
        <line num="46" count="6" type="stmt"/>
        <line num="47" count="6" type="stmt"/>
        <line num="48" count="6" type="stmt"/>
        <line num="49" count="6" type="stmt"/>
        <line num="51" count="6" type="cond" truecount="2" falsecount="0"/>
        <line num="57" count="6" type="cond" truecount="2" falsecount="0"/>
        <line num="61" count="6" type="stmt"/>
        <line num="179" count="1" type="stmt"/>
      </file>
    </package>
    <package name="features.live">
      <metrics statements="3860" coveredstatements="3013" conditionals="4385" coveredconditionals="3353" methods="715" coveredmethods="542"/>
      <file name="LiveActivityScreen.tsx" path="/workspace/src/features/live/LiveActivityScreen.tsx">
        <metrics statements="285" coveredstatements="231" conditionals="292" coveredconditionals="203" methods="49" coveredmethods="36"/>
        <line num="48" count="3" type="stmt"/>
        <line num="49" count="69" type="cond" truecount="2" falsecount="10"/>
        <line num="51" count="5" type="stmt"/>
        <line num="56" count="0" type="stmt"/>
        <line num="63" count="0" type="stmt"/>
        <line num="65" count="64" type="stmt"/>
        <line num="69" count="3" type="stmt"/>
        <line num="96" count="3" type="stmt"/>
        <line num="103" count="3" type="stmt"/>
        <line num="113" count="5" type="cond" truecount="1" falsecount="6"/>
        <line num="115" count="0" type="stmt"/>
        <line num="122" count="0" type="stmt"/>
        <line num="129" count="0" type="stmt"/>
        <line num="136" count="0" type="stmt"/>
        <line num="143" count="0" type="stmt"/>
        <line num="150" count="0" type="stmt"/>
        <line num="157" count="5" type="stmt"/>
        <line num="161" count="3" type="stmt"/>
        <line num="163" count="3" type="stmt"/>
        <line num="168" count="3" type="stmt"/>
        <line num="173" count="3" type="stmt"/>
        <line num="191" count="3" type="stmt"/>
        <line num="194" count="4" type="stmt"/>
        <line num="195" count="4" type="stmt"/>
        <line num="197" count="0" type="stmt"/>
        <line num="201" count="3" type="stmt"/>
        <line num="209" count="4" type="stmt"/>
        <line num="211" count="4" type="stmt"/>
        <line num="212" count="4" type="stmt"/>
        <line num="215" count="4" type="cond" truecount="1" falsecount="1"/>
        <line num="216" count="4" type="cond" truecount="1" falsecount="1"/>
        <line num="220" count="0" type="stmt"/>
        <line num="228" count="4" type="stmt"/>
        <line num="229" count="4" type="stmt"/>
        <line num="230" count="4" type="stmt"/>
        <line num="232" count="4" type="cond" truecount="1" falsecount="1"/>
        <line num="233" count="4" type="stmt"/>
        <line num="238" count="0" type="stmt"/>
        <line num="239" count="0" type="cond" truecount="0" falsecount="2"/>
        <line num="240" count="0" type="stmt"/>
        <line num="245" count="0" type="cond" truecount="0" falsecount="2"/>
        <line num="246" count="0" type="stmt"/>
        <line num="248" count="0" type="stmt"/>
        <line num="249" count="0" type="stmt"/>
        <line num="252" count="0" type="stmt"/>
        <line num="266" count="66" type="stmt"/>
        <line num="267" count="66" type="stmt"/>
        <line num="270" count="66" type="cond" truecount="2" falsecount="0"/>
        <line num="271" count="66" type="stmt"/>
        <line num="273" count="26" type="stmt"/>
        <line num="278" count="66" type="stmt"/>
        <line num="279" count="66" type="stmt"/>
        <line num="280" count="66" type="stmt"/>
        <line num="281" count="66" type="stmt"/>
        <line num="282" count="66" type="stmt"/>
        <line num="283" count="66" type="stmt"/>
        <line num="284" count="66" type="stmt"/>
        <line num="286" count="66" type="stmt"/>
        <line num="287" count="66" type="stmt"/>
        <line num="288" count="66" type="stmt"/>
        <line num="289" count="66" type="stmt"/>
        <line num="290" count="66" type="stmt"/>
        <line num="291" count="66" type="stmt"/>
        <line num="292" count="66" type="stmt"/>
        <line num="293" count="66" type="stmt"/>
        <line num="296" count="66" type="stmt"/>
        <line num="297" count="66" type="stmt"/>
        <line num="298" count="66" type="stmt"/>
        <line num="299" count="66" type="stmt"/>
        <line num="302" count="66" type="cond" truecount="3" falsecount="0"/>
        <line num="306" count="66" type="cond" truecount="3" falsecount="0"/>
        <line num="310" count="66" type="cond" truecount="2" falsecount="0"/>
        <line num="314" count="66" type="cond" truecount="2" falsecount="0"/>
        <line num="318" count="66" type="cond" truecount="5" falsecount="0"/>
        <line num="321" count="66" type="stmt"/>
        <line num="325" count="66" type="stmt"/>
        <line num="326" count="66" type="stmt"/>
        <line num="327" count="66" type="stmt"/>
        <line num="328" count="66" type="stmt"/>
        <line num="329" count="66" type="stmt"/>
        <line num="331" count="66" type="stmt"/>
        <line num="332" count="7" type="stmt"/>
        <line num="333" count="7" type="stmt"/>
        <line num="334" count="7" type="stmt"/>
        <line num="335" count="7" type="stmt"/>
        <line num="336" count="7" type="stmt"/>
        <line num="337" count="7" type="stmt"/>
        <line num="338" count="7" type="cond" truecount="1" falsecount="1"/>
        <line num="339" count="7" type="stmt"/>
        <line num="340" count="7" type="stmt"/>
        <line num="343" count="66" type="stmt"/>
        <line num="344" count="14" type="stmt"/>
        <line num="345" count="14" type="stmt"/>
        <line num="346" count="14" type="stmt"/>
        <line num="347" count="14" type="stmt"/>
        <line num="348" count="14" type="stmt"/>
        <line num="349" count="14" type="stmt"/>
        <line num="350" count="14" type="stmt"/>
        <line num="351" count="14" type="stmt"/>
        <line num="352" count="14" type="stmt"/>
        <line num="356" count="66" type="stmt"/>
        <line num="358" count="14" type="stmt"/>
        <line num="359" count="2" type="cond" truecount="1" falsecount="1"/>
        <line num="360" count="2" type="cond" truecount="1" falsecount="1"/>
        <line num="362" count="0" type="stmt"/>
        <line num="364" count="2" type="cond" truecount="2" falsecount="0"/>
        <line num="368" count="1" type="stmt"/>
        <line num="369" count="1" type="stmt"/>
        <line num="371" count="1" type="cond" truecount="1" falsecount="1"/>
        <line num="376" count="66" type="stmt"/>
        <line num="377" count="14" type="stmt"/>
        <line num="378" count="0" type="cond" truecount="0" falsecount="2"/>
        <line num="380" count="14" type="stmt"/>
        <line num="383" count="66" type="stmt"/>
        <line num="384" count="41" type="cond" truecount="1" falsecount="1"/>
        <line num="385" count="0" type="cond" truecount="0" falsecount="2"/>
        <line num="389" count="0" type="stmt"/>
        <line num="393" count="66" type="stmt"/>
        <line num="394" count="58" type="cond" truecount="2" falsecount="0"/>
        <line num="403" count="56" type="stmt"/>
        <line num="405" count="2" type="stmt"/>
        <line num="406" count="2" type="stmt"/>
        <line num="407" count="2" type="stmt"/>
        <line num="416" count="66" type="stmt"/>
        <line num="421" count="41" type="cond" truecount="5" falsecount="0"/>
        <line num="427" count="66" type="stmt"/>
        <line num="431" count="13" type="stmt"/>
        <line num="432" count="13" type="cond" truecount="1" falsecount="1"/>
        <line num="437" count="0" type="stmt"/>
        <line num="439" count="13" type="stmt"/>
        <line num="440" count="13" type="stmt"/>
        <line num="441" count="13" type="stmt"/>
        <line num="442" count="13" type="stmt"/>
        <line num="443" count="13" type="stmt"/>
        <line num="444" count="13" type="stmt"/>
        <line num="445" count="13" type="stmt"/>
        <line num="448" count="66" type="stmt"/>
        <line num="461" count="10" type="cond" truecount="1" falsecount="1"/>
        <line num="462" count="0" type="stmt"/>
        <line num="464" count="10" type="cond" truecount="2" falsecount="0"/>
        <line num="467" count="10" type="stmt"/>
        <line num="471" count="10" type="cond" truecount="1" falsecount="1"/>
        <line num="472" count="0" type="stmt"/>
        <line num="474" count="10" type="cond" truecount="2" falsecount="0"/>
        <line num="475" count="1" type="stmt"/>
        <line num="480" count="9" type="cond" truecount="1" falsecount="1"/>
        <line num="481" count="0" type="stmt"/>
        <line num="486" count="9" type="stmt"/>
        <line num="488" count="1" type="stmt"/>
        <line num="489" count="9" type="cond" truecount="1" falsecount="1"/>
        <line num="490" count="0" type="stmt"/>
        <line num="495" count="9" type="cond" truecount="2" falsecount="0"/>
        <line num="499" count="1" type="stmt"/>
        <line num="508" count="8" type="cond" truecount="1" falsecount="1"/>
        <line num="514" count="0" type="stmt"/>
        <line num="519" count="8" type="stmt"/>
        <line num="520" count="8" type="stmt"/>
        <line num="521" count="8" type="cond" truecount="2" falsecount="0"/>
        <line num="522" count="6" type="stmt"/>
        <line num="527" count="8" type="stmt"/>
        <line num="530" count="66" type="stmt"/>
        <line num="534" count="4" type="stmt"/>
        <line num="535" count="4" type="cond" truecount="1" falsecount="1"/>
        <line num="536" count="4" type="stmt"/>
        <line num="537" count="4" type="stmt"/>
        <line num="538" count="4" type="cond" truecount="4" falsecount="0"/>
        <line num="539" count="2" type="stmt"/>
        <line num="546" count="66" type="stmt"/>
        <line num="547" count="8" type="stmt"/>
        <line num="548" count="8" type="cond" truecount="3" falsecount="1"/>
        <line num="549" count="8" type="stmt"/>
        <line num="550" count="8" type="stmt"/>
        <line num="551" count="8" type="cond" truecount="1" falsecount="1"/>
        <line num="552" count="8" type="stmt"/>
        <line num="553" count="8" type="stmt"/>
        <line num="554" count="8" type="stmt"/>
        <line num="555" count="8" type="stmt"/>
        <line num="556" count="8" type="stmt"/>
        <line num="559" count="8" type="stmt"/>
        <line num="560" count="8" type="stmt"/>
        <line num="565" count="0" type="stmt"/>
        <line num="567" count="8" type="cond" truecount="2" falsecount="0"/>
        <line num="568" count="7" type="cond" truecount="1" falsecount="1"/>
        <line num="569" count="0" type="stmt"/>
        <line num="570" count="0" type="stmt"/>
        <line num="572" count="7" type="stmt"/>
        <line num="573" count="7" type="stmt"/>
        <line num="575" count="7" type="cond" truecount="6" falsecount="0"/>
        <line num="581" count="12" type="stmt"/>
        <line num="583" count="7" type="cond" truecount="2" falsecount="0"/>
        <line num="584" count="1" type="stmt"/>
        <line num="585" count="1" type="stmt"/>
        <line num="587" count="6" type="stmt"/>
        <line num="594" count="6" type="cond" truecount="1" falsecount="1"/>
        <line num="595" count="6" type="cond" truecount="1" falsecount="1"/>
        <line num="596" count="0" type="stmt"/>
        <line num="597" count="0" type="stmt"/>
        <line num="599" count="6" type="cond" truecount="1" falsecount="1"/>
        <line num="600" count="0" type="stmt"/>
        <line num="602" count="6" type="stmt"/>
        <line num="607" count="6" type="stmt"/>
        <line num="608" count="6" type="stmt"/>
        <line num="609" count="6" type="stmt"/>
        <line num="610" count="6" type="stmt"/>
        <line num="611" count="6" type="stmt"/>
        <line num="614" count="66" type="stmt"/>
        <line num="615" count="6" type="cond" truecount="2" falsecount="0"/>
        <line num="616" count="5" type="stmt"/>
        <line num="617" count="5" type="stmt"/>
        <line num="618" count="5" type="cond" truecount="1" falsecount="1"/>
        <line num="623" count="0" type="stmt"/>
        <line num="624" count="0" type="stmt"/>
        <line num="626" count="5" type="stmt"/>
        <line num="630" count="5" type="cond" truecount="1" falsecount="1"/>
        <line num="631" count="5" type="stmt"/>
        <line num="632" count="5" type="stmt"/>
        <line num="633" count="5" type="stmt"/>
        <line num="634" count="5" type="stmt"/>
        <line num="635" count="5" type="stmt"/>
        <line num="638" count="5" type="stmt"/>
        <line num="639" count="5" type="stmt"/>
        <line num="644" count="0" type="stmt"/>
        <line num="646" count="5" type="cond" truecount="1" falsecount="1"/>
        <line num="653" count="0" type="stmt"/>
        <line num="655" count="5" type="cond" truecount="1" falsecount="1"/>
        <line num="656" count="0" type="stmt"/>
        <line num="657" count="0" type="stmt"/>
        <line num="659" count="5" type="cond" truecount="2" falsecount="0"/>
        <line num="660" count="1" type="stmt"/>
        <line num="661" count="1" type="stmt"/>
        <line num="663" count="4" type="stmt"/>
        <line num="664" count="4" type="stmt"/>
        <line num="671" count="4" type="cond" truecount="1" falsecount="1"/>
        <line num="672" count="4" type="cond" truecount="2" falsecount="0"/>
        <line num="673" count="2" type="stmt"/>
        <line num="674" count="2" type="stmt"/>
        <line num="676" count="2" type="cond" truecount="1" falsecount="1"/>
        <line num="677" count="0" type="stmt"/>
        <line num="679" count="2" type="stmt"/>
        <line num="681" count="0" type="stmt"/>
        <line num="682" count="2" type="cond" truecount="1" falsecount="1"/>
        <line num="683" count="0" type="stmt"/>
        <line num="684" count="0" type="stmt"/>
        <line num="687" count="2" type="stmt"/>
        <line num="688" count="2" type="cond" truecount="1" falsecount="1"/>
        <line num="689" count="2" type="cond" truecount="1" falsecount="1"/>
        <line num="690" count="2" type="stmt"/>
        <line num="691" count="2" type="stmt"/>
        <line num="693" count="0" type="stmt"/>
        <line num="695" count="2" type="stmt"/>
        <line num="696" count="2" type="stmt"/>
        <line num="703" count="2" type="cond" truecount="3" falsecount="1"/>
        <line num="704" count="2" type="stmt"/>
        <line num="708" count="66" type="stmt"/>
        <line num="709" count="0" type="stmt"/>
        <line num="710" count="0" type="stmt"/>
        <line num="714" count="66" type="cond" truecount="5" falsecount="0"/>
        <line num="720" count="66" type="cond" truecount="4" falsecount="0"/>
        <line num="724" count="66" type="cond" truecount="4" falsecount="0"/>
        <line num="729" count="66" type="stmt"/>
        <line num="750" count="0" type="stmt"/>
        <line num="765" count="31" type="stmt"/>
        <line num="769" count="31" type="cond" truecount="2" falsecount="0"/>
        <line num="772" count="31" type="stmt"/>
        <line num="777" count="4" type="stmt"/>
        <line num="799" count="0" type="stmt"/>
        <line num="800" count="0" type="stmt"/>
        <line num="815" count="0" type="stmt"/>
        <line num="816" count="0" type="stmt"/>
        <line num="829" count="0" type="stmt"/>
        <line num="852" count="8" type="stmt"/>
        <line num="894" count="6" type="stmt"/>
        <line num="924" count="13" type="stmt"/>
        <line num="925" count="13" type="stmt"/>
        <line num="926" count="13" type="stmt"/>
        <line num="927" count="4" type="stmt"/>
        <line num="930" count="13" type="stmt"/>
        <line num="932" count="13" type="cond" truecount="5" falsecount="0"/>
        <line num="937" count="13" type="cond" truecount="2" falsecount="0"/>
        <line num="939" count="13" type="cond" truecount="3" falsecount="0"/>
        <line num="942" count="13" type="stmt"/>
        <line num="943" count="13" type="stmt"/>
        <line num="962" count="0" type="stmt"/>
        <line num="1015" count="1" type="stmt"/>
        <line num="1035" count="3" type="stmt"/>
      </file>
      <file name="LiveAndroidDeviceControls.tsx" path="/workspace/src/features/live/LiveAndroidDeviceControls.tsx">
        <metrics statements="186" coveredstatements="154" conditionals="321" coveredconditionals="285" methods="31" coveredmethods="27"/>
        <line num="38" count="3" type="stmt"/>
        <line num="51" count="3" type="stmt"/>
        <line num="66" count="3" type="stmt"/>
        <line num="83" count="290" type="stmt"/>
        <line num="84" count="290" type="stmt"/>
        <line num="85" count="80" type="stmt"/>
        <line num="88" count="290" type="stmt"/>
        <line num="91" count="290" type="stmt"/>
        <line num="92" count="102" type="stmt"/>
        <line num="95" count="290" type="stmt"/>
        <line num="100" count="290" type="stmt"/>
        <line num="101" count="290" type="stmt"/>
        <line num="102" count="290" type="stmt"/>
        <line num="103" count="290" type="stmt"/>
        <line num="104" count="290" type="stmt"/>
        <line num="105" count="290" type="stmt"/>
        <line num="106" count="290" type="stmt"/>
        <line num="107" count="290" type="stmt"/>
        <line num="116" count="290" type="cond" truecount="4" falsecount="0"/>
        <line num="121" count="290" type="cond" truecount="2" falsecount="0"/>
        <line num="122" count="290" type="stmt"/>
        <line num="123" count="290" type="stmt"/>
        <line num="127" count="290" type="cond" truecount="3" falsecount="0"/>
        <line num="130" count="290" type="stmt"/>
        <line num="136" count="290" type="stmt"/>
        <line num="137" count="75" type="stmt"/>
        <line num="138" count="75" type="stmt"/>
        <line num="139" count="75" type="stmt"/>
        <line num="140" count="75" type="stmt"/>
        <line num="144" count="290" type="stmt"/>
        <line num="146" count="75" type="stmt"/>
        <line num="147" count="8" type="cond" truecount="2" falsecount="0"/>
        <line num="152" count="6" type="stmt"/>
        <line num="153" count="6" type="stmt"/>
        <line num="154" count="6" type="stmt"/>
        <line num="155" count="6" type="stmt"/>
        <line num="160" count="290" type="stmt"/>
        <line num="161" count="75" type="stmt"/>
        <line num="162" count="3" type="cond" truecount="1" falsecount="1"/>
        <line num="163" count="3" type="stmt"/>
        <line num="164" count="3" type="stmt"/>
        <line num="165" count="3" type="stmt"/>
        <line num="166" count="3" type="stmt"/>
        <line num="169" count="75" type="stmt"/>
        <line num="172" count="290" type="stmt"/>
        <line num="173" count="25" type="stmt"/>
        <line num="176" count="290" type="stmt"/>
        <line num="177" count="1" type="cond" truecount="1" falsecount="1"/>
        <line num="185" count="0" type="stmt"/>
        <line num="187" count="1" type="stmt"/>
        <line num="188" count="1" type="stmt"/>
        <line num="189" count="1" type="stmt"/>
        <line num="193" count="1" type="stmt"/>
        <line num="194" count="1" type="stmt"/>
        <line num="196" count="0" type="stmt"/>
        <line num="198" count="1" type="cond" truecount="1" falsecount="1"/>
        <line num="199" count="0" type="stmt"/>
        <line num="201" count="1" type="stmt"/>
        <line num="208" count="1" type="stmt"/>
        <line num="210" count="1" type="stmt"/>
        <line num="213" count="290" type="stmt"/>
        <line num="214" count="1" type="cond" truecount="1" falsecount="1"/>
        <line num="222" count="0" type="stmt"/>
        <line num="224" count="1" type="stmt"/>
        <line num="225" count="1" type="stmt"/>
        <line num="226" count="1" type="stmt"/>
        <line num="228" count="1" type="stmt"/>
        <line num="229" count="1" type="stmt"/>
        <line num="231" count="0" type="stmt"/>
        <line num="233" count="1" type="cond" truecount="1" falsecount="1"/>
        <line num="234" count="0" type="stmt"/>
        <line num="236" count="1" type="stmt"/>
        <line num="242" count="1" type="stmt"/>
        <line num="245" count="290" type="stmt"/>
        <line num="246" count="7" type="cond" truecount="1" falsecount="1"/>
        <line num="253" count="0" type="stmt"/>
        <line num="254" count="7" type="stmt"/>
        <line num="255" count="7" type="stmt"/>
        <line num="256" count="7" type="stmt"/>
        <line num="257" count="7" type="stmt"/>
        <line num="258" count="7" type="stmt"/>
        <line num="259" count="7" type="stmt"/>
        <line num="260" count="7" type="stmt"/>
        <line num="261" count="7" type="stmt"/>
        <line num="263" count="7" type="stmt"/>
        <line num="264" count="7" type="stmt"/>
        <line num="268" count="0" type="stmt"/>
        <line num="270" count="7" type="cond" truecount="2" falsecount="0"/>
        <line num="277" count="2" type="stmt"/>
        <line num="279" count="5" type="cond" truecount="1" falsecount="1"/>
        <line num="280" count="0" type="cond" truecount="0" falsecount="2"/>
        <line num="281" count="0" type="stmt"/>
        <line num="283" count="0" type="stmt"/>
        <line num="285" count="5" type="stmt"/>
        <line num="292" count="5" type="stmt"/>
        <line num="295" count="290" type="stmt"/>
        <line num="296" count="2" type="cond" truecount="1" falsecount="1"/>
        <line num="305" count="0" type="stmt"/>
        <line num="306" count="2" type="stmt"/>
        <line num="307" count="2" type="stmt"/>
        <line num="308" count="2" type="stmt"/>
        <line num="310" count="2" type="stmt"/>
        <line num="311" count="2" type="stmt"/>
        <line num="316" count="0" type="stmt"/>
        <line num="318" count="2" type="cond" truecount="1" falsecount="1"/>
        <line num="319" count="0" type="cond" truecount="0" falsecount="2"/>
        <line num="320" count="0" type="stmt"/>
        <line num="322" count="0" type="stmt"/>
        <line num="324" count="2" type="stmt"/>
        <line num="325" count="2" type="stmt"/>
        <line num="326" count="2" type="stmt"/>
        <line num="327" count="2" type="stmt"/>
        <line num="329" count="2" type="stmt"/>
        <line num="332" count="290" type="stmt"/>
        <line num="338" count="6" type="cond" truecount="1" falsecount="1"/>
        <line num="346" count="0" type="stmt"/>
        <line num="347" count="6" type="stmt"/>
        <line num="348" count="6" type="stmt"/>
        <line num="349" count="6" type="stmt"/>
        <line num="351" count="6" type="stmt"/>
        <line num="352" count="6" type="stmt"/>
        <line num="357" count="0" type="stmt"/>
        <line num="359" count="6" type="cond" truecount="1" falsecount="1"/>
        <line num="360" count="0" type="stmt"/>
        <line num="362" count="6" type="stmt"/>
        <line num="367" count="6" type="stmt"/>
        <line num="368" count="6" type="stmt"/>
        <line num="370" count="6" type="stmt"/>
        <line num="373" count="290" type="stmt"/>
        <line num="374" count="10" type="cond" truecount="3" falsecount="1"/>
        <line num="375" count="10" type="stmt"/>
        <line num="376" count="10" type="stmt"/>
        <line num="377" count="10" type="stmt"/>
        <line num="378" count="10" type="stmt"/>
        <line num="379" count="10" type="stmt"/>
        <line num="380" count="10" type="stmt"/>
        <line num="381" count="10" type="stmt"/>
        <line num="383" count="10" type="stmt"/>
        <line num="387" count="290" type="stmt"/>
        <line num="388" count="0" type="stmt"/>
        <line num="389" count="0" type="stmt"/>
        <line num="390" count="0" type="stmt"/>
        <line num="391" count="0" type="stmt"/>
        <line num="392" count="0" type="stmt"/>
        <line num="394" count="0" type="stmt"/>
        <line num="399" count="290" type="cond" truecount="2" falsecount="0"/>
        <line num="402" count="290" type="cond" truecount="2" falsecount="0"/>
        <line num="404" count="290" type="cond" truecount="8" falsecount="0"/>
        <line num="412" count="290" type="stmt"/>
        <line num="422" count="290" type="cond" truecount="4" falsecount="0"/>
        <line num="425" count="290" type="stmt"/>
        <line num="428" count="290" type="cond" truecount="2" falsecount="0"/>
        <line num="430" count="290" type="cond" truecount="2" falsecount="0"/>
        <line num="433" count="290" type="cond" truecount="4" falsecount="0"/>
        <line num="438" count="290" type="cond" truecount="2" falsecount="0"/>
        <line num="439" count="290" type="stmt"/>
        <line num="446" count="290" type="stmt"/>
        <line num="456" count="290" type="stmt"/>
        <line num="465" count="290" type="stmt"/>
        <line num="479" count="290" type="stmt"/>
        <line num="482" count="290" type="stmt"/>
        <line num="483" count="77" type="stmt"/>
        <line num="484" count="77" type="stmt"/>
        <line num="485" count="77" type="stmt"/>
        <line num="486" count="77" type="cond" truecount="3" falsecount="1"/>
        <line num="495" count="290" type="stmt"/>
        <line num="496" count="85" type="cond" truecount="2" falsecount="0"/>
        <line num="497" count="5" type="stmt"/>
        <line num="498" count="5" type="cond" truecount="1" falsecount="1"/>
        <line num="499" count="0" type="stmt"/>
        <line num="500" count="0" type="stmt"/>
        <line num="501" count="0" type="stmt"/>
        <line num="503" count="5" type="stmt"/>
        <line num="504" count="1" type="stmt"/>
        <line num="505" count="1" type="stmt"/>
        <line num="507" count="5" type="stmt"/>
        <line num="509" count="290" type="stmt"/>
        <line num="510" count="87" type="cond" truecount="1" falsecount="1"/>
        <line num="515" count="0" type="stmt"/>
        <line num="519" count="290" type="stmt"/>
        <line num="543" count="0" type="stmt"/>
        <line num="558" count="0" type="stmt"/>
        <line num="691" count="15" type="stmt"/>
        <line num="718" count="0" type="stmt"/>
        <line num="767" count="6" type="stmt"/>
        <line num="810" count="1" type="stmt"/>
      </file>
      <file name="LiveAppPort.ts" path="/workspace/src/features/live/LiveAppPort.ts">
        <metrics statements="0" coveredstatements="0" conditionals="0" coveredconditionals="0" methods="0" coveredmethods="0"/>
      </file>
      <file name="LiveAppShell.tsx" path="/workspace/src/features/live/LiveAppShell.tsx">
        <metrics statements="175" coveredstatements="157" conditionals="52" coveredconditionals="38" methods="70" coveredmethods="58"/>
        <line num="90" count="2" type="stmt"/>
        <line num="91" count="2" type="stmt"/>
        <line num="102" count="2" type="stmt"/>
        <line num="107" count="500" type="stmt"/>
        <line num="108" count="500" type="cond" truecount="1" falsecount="1"/>
        <line num="109" count="0" type="stmt"/>
        <line num="113" count="500" type="stmt"/>
        <line num="120" count="1" type="stmt"/>
        <line num="130" count="41" type="stmt"/>
        <line num="131" count="41" type="stmt"/>
        <line num="138" count="11" type="stmt"/>
        <line num="145" count="17" type="stmt"/>
        <line num="146" count="17" type="stmt"/>
        <line num="153" count="2" type="cond" truecount="2" falsecount="2"/>
        <line num="155" count="0" type="stmt"/>
        <line num="156" count="0" type="stmt"/>
        <line num="158" count="1" type="stmt"/>
        <line num="159" count="1" type="stmt"/>
        <line num="161" count="1" type="stmt"/>
        <line num="162" count="1" type="stmt"/>
        <line num="164" count="0" type="stmt"/>
        <line num="170" count="151" type="stmt"/>
        <line num="171" count="151" type="stmt"/>
        <line num="172" count="151" type="cond" truecount="1" falsecount="1"/>
        <line num="173" count="0" type="stmt"/>
        <line num="175" count="151" type="stmt"/>
        <line num="186" count="415" type="stmt"/>
        <line num="187" count="415" type="stmt"/>
        <line num="202" count="88" type="stmt"/>
        <line num="203" count="88" type="stmt"/>
        <line num="204" count="88" type="stmt"/>
        <line num="206" count="88" type="stmt"/>
        <line num="210" count="5" type="stmt"/>
        <line num="211" count="2" type="stmt"/>
        <line num="213" count="2" type="stmt"/>
        <line num="215" count="0" type="stmt"/>
        <line num="216" count="0" type="stmt"/>
        <line num="226" count="23" type="stmt"/>
        <line num="227" count="23" type="stmt"/>
        <line num="228" count="23" type="stmt"/>
        <line num="229" count="23" type="stmt"/>
        <line num="232" count="17" type="stmt"/>
        <line num="240" count="40" type="stmt"/>
        <line num="241" count="40" type="stmt"/>
        <line num="242" count="40" type="stmt"/>
        <line num="243" count="40" type="stmt"/>
        <line num="248" count="7" type="stmt"/>
        <line num="251" count="3" type="stmt"/>
        <line num="254" count="4" type="stmt"/>
        <line num="257" count="12" type="stmt"/>
        <line num="260" count="3" type="stmt"/>
        <line num="272" count="17" type="stmt"/>
        <line num="273" count="17" type="stmt"/>
        <line num="274" count="17" type="stmt"/>
        <line num="282" count="0" type="stmt"/>
        <line num="292" count="5" type="stmt"/>
        <line num="293" count="5" type="stmt"/>
        <line num="294" count="5" type="stmt"/>
        <line num="298" count="1" type="stmt"/>
        <line num="300" count="3" type="stmt"/>
        <line num="312" count="3" type="stmt"/>
        <line num="313" count="3" type="stmt"/>
        <line num="314" count="3" type="stmt"/>
        <line num="321" count="0" type="stmt"/>
        <line num="323" count="2" type="stmt"/>
        <line num="334" count="3" type="stmt"/>
        <line num="335" count="3" type="stmt"/>
        <line num="336" count="3" type="stmt"/>
        <line num="342" count="1" type="stmt"/>
        <line num="344" count="0" type="stmt"/>
        <line num="346" count="0" type="stmt"/>
        <line num="347" count="0" type="stmt"/>
        <line num="348" count="0" type="stmt"/>
        <line num="358" count="10" type="stmt"/>
        <line num="359" count="10" type="stmt"/>
        <line num="360" count="10" type="stmt"/>
        <line num="367" count="4" type="stmt"/>
        <line num="368" count="0" type="stmt"/>
        <line num="369" count="1" type="stmt"/>
        <line num="379" count="1" type="stmt"/>
        <line num="380" count="1" type="stmt"/>
        <line num="381" count="1" type="stmt"/>
        <line num="386" count="1" type="stmt"/>
        <line num="394" count="4" type="stmt"/>
        <line num="395" count="4" type="stmt"/>
        <line num="396" count="4" type="stmt"/>
        <line num="399" count="2" type="stmt"/>
        <line num="400" count="1" type="stmt"/>
        <line num="411" count="4" type="stmt"/>
        <line num="412" count="4" type="stmt"/>
        <line num="413" count="4" type="stmt"/>
[...]
        <line num="285" count="1" type="stmt"/>
        <line num="286" count="3" type="stmt"/>
        <line num="287" count="3" type="cond" truecount="2" falsecount="0"/>
        <line num="288" count="1" type="stmt"/>
        <line num="294" count="0" type="stmt"/>
        <line num="303" count="1" type="stmt"/>
        <line num="312" count="0" type="stmt"/>
        <line num="323" count="0" type="stmt"/>
        <line num="334" count="2" type="stmt"/>
        <line num="340" count="0" type="stmt"/>
        <line num="348" count="1" type="stmt"/>
        <line num="358" count="0" type="stmt"/>
        <line num="369" count="0" type="stmt"/>
        <line num="380" count="0" type="stmt"/>
        <line num="391" count="0" type="stmt"/>
        <line num="402" count="0" type="stmt"/>
        <line num="408" count="0" type="stmt"/>
        <line num="414" count="0" type="stmt"/>
        <line num="420" count="0" type="stmt"/>
        <line num="429" count="0" type="stmt"/>
        <line num="435" count="0" type="stmt"/>
        <line num="446" count="0" type="stmt"/>
        <line num="457" count="0" type="stmt"/>
        <line num="466" count="2" type="stmt"/>
        <line num="476" count="0" type="stmt"/>
        <line num="487" count="0" type="stmt"/>
        <line num="493" count="0" type="stmt"/>
        <line num="504" count="0" type="stmt"/>
        <line num="510" count="0" type="stmt"/>
        <line num="521" count="0" type="stmt"/>
        <line num="530" count="0" type="stmt"/>
        <line num="541" count="0" type="stmt"/>
        <line num="547" count="1" type="stmt"/>
        <line num="551" count="0" type="stmt"/>
        <line num="562" count="0" type="stmt"/>
        <line num="568" count="0" type="stmt"/>
        <line num="579" count="0" type="stmt"/>
        <line num="585" count="2" type="stmt"/>
        <line num="593" count="1" type="stmt"/>
        <line num="601" count="0" type="stmt"/>
        <line num="612" count="0" type="stmt"/>
        <line num="621" count="2" type="stmt"/>
        <line num="627" count="2" type="stmt"/>
        <line num="637" count="2" type="stmt"/>
        <line num="647" count="0" type="stmt"/>
        <line num="658" count="0" type="stmt"/>
        <line num="669" count="0" type="stmt"/>
        <line num="679" count="0" type="stmt"/>
        <line num="690" count="2" type="stmt"/>
        <line num="700" count="1" type="stmt"/>
        <line num="711" count="1" type="stmt"/>
        <line num="722" count="2" type="stmt"/>
        <line num="732" count="0" type="stmt"/>
        <line num="743" count="0" type="stmt"/>
        <line num="754" count="0" type="stmt"/>
        <line num="765" count="0" type="stmt"/>
        <line num="776" count="1" type="stmt"/>
        <line num="787" count="0" type="stmt"/>
        <line num="804" count="0" type="stmt"/>
        <line num="822" count="1" type="stmt"/>
        <line num="835" count="30" type="cond" truecount="2" falsecount="0"/>
        <line num="836" count="1" type="stmt"/>
        <line num="839" count="29" type="stmt"/>
        <line num="840" count="29" type="stmt"/>
        <line num="844" count="29" type="stmt"/>
        <line num="846" count="0" type="stmt"/>
        <line num="856" count="5" type="cond" truecount="1" falsecount="1"/>
        <line num="857" count="0" type="stmt"/>
        <line num="860" count="5" type="stmt"/>
        <line num="861" count="5" type="stmt"/>
        <line num="866" count="5" type="stmt"/>
        <line num="868" count="0" type="stmt"/>
      </file>
      <file name="NativeInvalidationSource.ts" path="/workspace/src/infrastructure/native/NativeInvalidationSource.ts">
        <metrics statements="2" coveredstatements="1" conditionals="0" coveredconditionals="0" methods="2" coveredmethods="0"/>
        <line num="5" count="2" type="stmt"/>
        <line num="6" count="0" type="stmt"/>
      </file>
      <file name="NativeRouteSource.ts" path="/workspace/src/infrastructure/native/NativeRouteSource.ts">
        <metrics statements="2" coveredstatements="1" conditionals="0" coveredconditionals="0" methods="2" coveredmethods="0"/>
        <line num="5" count="2" type="stmt"/>
        <line num="6" count="0" type="stmt"/>
      </file>
      <file name="coreSchemas.ts" path="/workspace/src/infrastructure/native/coreSchemas.ts">
        <metrics statements="19" coveredstatements="19" conditionals="0" coveredconditionals="0" methods="0" coveredmethods="0"/>
        <line num="22" count="3" type="stmt"/>
        <line num="23" count="3" type="stmt"/>
        <line num="24" count="3" type="stmt"/>
        <line num="26" count="3" type="stmt"/>
        <line num="34" count="3" type="stmt"/>
        <line num="49" count="3" type="stmt"/>
        <line num="58" count="3" type="stmt"/>
        <line num="66" count="3" type="stmt"/>
        <line num="68" count="3" type="stmt"/>
        <line num="73" count="3" type="stmt"/>
        <line num="96" count="3" type="stmt"/>
        <line num="131" count="3" type="stmt"/>
        <line num="153" count="3" type="stmt"/>
        <line num="165" count="3" type="stmt"/>
        <line num="180" count="3" type="stmt"/>
        <line num="186" count="3" type="stmt"/>
        <line num="188" count="3" type="stmt"/>
        <line num="196" count="3" type="stmt"/>
        <line num="201" count="3" type="stmt"/>
      </file>
      <file name="decodeNativeResponse.ts" path="/workspace/src/infrastructure/native/decodeNativeResponse.ts">
        <metrics statements="23" coveredstatements="23" conditionals="10" coveredconditionals="9" methods="3" coveredmethods="3"/>
        <line num="15" count="3" type="stmt"/>
        <line num="17" count="3" type="stmt"/>
        <line num="25" count="3" type="stmt"/>
        <line num="27" count="25" type="stmt"/>
        <line num="32" count="3" type="stmt"/>
        <line num="33" count="61" type="stmt"/>
        <line num="34" count="61" type="stmt"/>
        <line num="36" count="1" type="stmt"/>
        <line num="40" count="3" type="stmt"/>
        <line num="44" count="67" type="stmt"/>
        <line num="45" count="67" type="cond" truecount="2" falsecount="0"/>
        <line num="46" count="6" type="stmt"/>
        <line num="49" count="61" type="stmt"/>
        <line num="50" count="61" type="cond" truecount="2" falsecount="0"/>
        <line num="51" count="1" type="stmt"/>
        <line num="54" count="60" type="cond" truecount="2" falsecount="0"/>
        <line num="55" count="3" type="stmt"/>
        <line num="56" count="3" type="cond" truecount="1" falsecount="1"/>
        <line num="61" count="57" type="stmt"/>
        <line num="62" count="57" type="cond" truecount="2" falsecount="0"/>
        <line num="63" count="18" type="stmt"/>
        <line num="66" count="39" type="stmt"/>
        <line num="73" count="39" type="stmt"/>
      </file>
      <file name="featureSchemas.ts" path="/workspace/src/infrastructure/native/featureSchemas.ts">
        <metrics statements="60" coveredstatements="60" conditionals="4" coveredconditionals="4" methods="1" coveredmethods="1"/>
        <line num="55" count="3" type="stmt"/>
        <line num="56" count="3" type="stmt"/>
        <line num="57" count="3" type="stmt"/>
        <line num="58" count="3" type="stmt"/>
        <line num="59" count="3" type="stmt"/>
        <line num="64" count="3" type="stmt"/>
        <line num="76" count="3" type="stmt"/>
        <line num="90" count="3" type="stmt"/>
        <line num="94" count="3" type="stmt"/>
        <line num="122" count="3" type="stmt"/>
        <line num="140" count="3" type="stmt"/>
        <line num="157" count="3" type="stmt"/>
        <line num="166" count="3" type="stmt"/>
        <line num="174" count="3" type="stmt"/>
        <line num="182" count="3" type="stmt"/>
        <line num="193" count="3" type="stmt"/>
        <line num="199" count="3" type="stmt"/>
        <line num="207" count="3" type="stmt"/>
        <line num="212" count="3" type="stmt"/>
        <line num="217" count="3" type="stmt"/>
        <line num="225" count="3" type="stmt"/>
        <line num="250" count="3" type="stmt"/>
        <line num="256" count="3" type="stmt"/>
        <line num="264" count="3" type="stmt"/>
        <line num="284" count="3" type="stmt"/>
        <line num="292" count="3" type="stmt"/>
        <line num="299" count="3" type="stmt"/>
        <line num="307" count="3" type="stmt"/>
        <line num="327" count="3" type="stmt"/>
        <line num="336" count="3" type="stmt"/>
        <line num="343" count="3" type="stmt"/>
        <line num="359" count="3" type="stmt"/>
        <line num="369" count="3" type="stmt"/>
        <line num="381" count="3" type="stmt"/>
        <line num="390" count="3" type="stmt"/>
        <line num="404" count="3" type="stmt"/>
        <line num="420" count="3" type="stmt"/>
        <line num="427" count="3" type="stmt"/>
        <line num="437" count="3" type="stmt"/>
        <line num="447" count="3" type="stmt"/>
        <line num="452" count="3" type="stmt"/>
        <line num="463" count="3" type="stmt"/>
        <line num="479" count="3" type="stmt"/>
        <line num="489" count="3" type="stmt"/>
        <line num="494" count="3" type="stmt"/>
        <line num="504" count="3" type="stmt"/>
        <line num="516" count="3" type="stmt"/>
        <line num="526" count="3" type="stmt"/>
        <line num="563" count="2" type="cond" truecount="2" falsecount="0"/>
        <line num="567" count="1" type="stmt"/>
        <line num="576" count="3" type="stmt"/>
        <line num="583" count="3" type="stmt"/>
        <line num="595" count="3" type="stmt"/>
        <line num="604" count="3" type="stmt"/>
        <line num="608" count="3" type="stmt"/>
        <line num="612" count="3" type="stmt"/>
        <line num="624" count="3" type="stmt"/>
        <line num="629" count="3" type="stmt"/>
        <line num="671" count="3" type="stmt"/>
        <line num="675" count="3" type="stmt"/>
      </file>
      <file name="schemaPrimitives.ts" path="/workspace/src/infrastructure/native/schemaPrimitives.ts">
        <metrics statements="78" coveredstatements="68" conditionals="20" coveredconditionals="15" methods="28" coveredmethods="21"/>
        <line num="44" count="3" type="stmt"/>
        <line num="45" count="381" type="stmt"/>
        <line num="47" count="3" type="stmt"/>
        <line num="52" count="3" type="stmt"/>
        <line num="56" count="68" type="stmt"/>
        <line num="57" count="842" type="stmt"/>
        <line num="58" count="842" type="cond" truecount="4" falsecount="0"/>
        <line num="59" count="1" type="stmt"/>
        <line num="61" count="841" type="cond" truecount="1" falsecount="1"/>
        <line num="62" count="0" type="stmt"/>
        <line num="64" count="841" type="stmt"/>
        <line num="70" count="3" type="stmt"/>
        <line num="71" count="21" type="stmt"/>
        <line num="75" count="68" type="stmt"/>
        <line num="76" count="68" type="stmt"/>
        <line num="78" count="3" type="cond" truecount="1" falsecount="0"/>
        <line num="79" count="51" type="stmt"/>
        <line num="84" count="76" type="stmt"/>
        <line num="86" count="3" type="stmt"/>
        <line num="89" count="71" type="stmt"/>
        <line num="90" count="3" type="stmt"/>
        <line num="94" count="89" type="stmt"/>
        <line num="95" count="3" type="stmt"/>
        <line num="99" count="1" type="stmt"/>
        <line num="100" count="3" type="stmt"/>
        <line num="104" count="2" type="stmt"/>
        <line num="105" count="3" type="stmt"/>
        <line num="110" count="0" type="stmt"/>
        <line num="111" count="0" type="stmt"/>
        <line num="116" count="0" type="stmt"/>
        <line num="119" count="0" type="stmt"/>
        <line num="121" count="3" type="stmt"/>
        <line num="122" count="3" type="stmt"/>
        <line num="123" count="3" type="stmt"/>
        <line num="124" count="3" type="stmt"/>
        <line num="125" count="3" type="stmt"/>
        <line num="126" count="3" type="stmt"/>
        <line num="127" count="3" type="stmt"/>
        <line num="128" count="3" type="stmt"/>
        <line num="129" count="3" type="stmt"/>
        <line num="130" count="3" type="stmt"/>
        <line num="133" count="7" type="stmt"/>
        <line num="134" count="3" type="stmt"/>
        <line num="139" count="2" type="stmt"/>
        <line num="140" count="3" type="stmt"/>
        <line num="143" count="2" type="stmt"/>
        <line num="145" count="3" type="stmt"/>
        <line num="146" count="3" type="stmt"/>
        <line num="147" count="3" type="stmt"/>
        <line num="150" count="0" type="stmt"/>
        <line num="151" count="3" type="stmt"/>
        <line num="152" count="3" type="stmt"/>
        <line num="153" count="3" type="stmt"/>
        <line num="155" count="3" type="stmt"/>
        <line num="157" count="3" type="stmt"/>
        <line num="158" count="3" type="stmt"/>
        <line num="159" count="3" type="stmt"/>
        <line num="162" count="2" type="stmt"/>
        <line num="163" count="3" type="stmt"/>
        <line num="164" count="54" type="stmt"/>
        <line num="166" count="3" type="stmt"/>
        <line num="172" count="4" type="stmt"/>
        <line num="173" count="82" type="stmt"/>
        <line num="174" count="82" type="stmt"/>
        <line num="182" count="4" type="stmt"/>
        <line num="183" count="3" type="stmt"/>
        <line num="184" count="1" type="cond" truecount="1" falsecount="1"/>
        <line num="185" count="1" type="cond" truecount="2" falsecount="1"/>
        <line num="187" count="3" type="stmt"/>
        <line num="191" count="0" type="stmt"/>
        <line num="192" count="0" type="stmt"/>
        <line num="193" count="0" type="stmt"/>
        <line num="194" count="3" type="stmt"/>
        <line num="197" count="0" type="stmt"/>
        <line num="199" count="3" type="stmt"/>
        <line num="200" count="3" type="stmt"/>
        <line num="209" count="3" type="stmt"/>
        <line num="214" count="3" type="stmt"/>
      </file>
    </package>
    <package name="localization">
      <metrics statements="71" coveredstatements="68" conditionals="26" coveredconditionals="19" methods="18" coveredmethods="17"/>
      <file name="LocalizationProvider.tsx" path="/workspace/src/localization/LocalizationProvider.tsx">
        <metrics statements="13" coveredstatements="13" conditionals="6" coveredconditionals="5" methods="6" coveredmethods="5"/>
        <line num="8" count="269" type="stmt"/>
        <line num="9" count="256" type="stmt"/>
        <line num="10" count="256" type="stmt"/>
        <line num="12" count="16" type="cond" truecount="2" falsecount="0"/>
        <line num="13" count="16" type="stmt"/>
        <line num="14" count="16" type="cond" truecount="2" falsecount="0"/>
        <line num="15" count="13" type="stmt"/>
        <line num="18" count="256" type="stmt"/>
        <line num="21" count="269" type="stmt"/>
        <line num="24" count="13" type="stmt"/>
        <line num="25" count="5858" type="stmt"/>
        <line num="26" count="5858" type="cond" truecount="1" falsecount="1"/>
        <line num="28" count="5858" type="stmt"/>
      </file>
      <file name="bidi.ts" path="/workspace/src/localization/bidi.ts">
        <metrics statements="5" coveredstatements="5" conditionals="0" coveredconditionals="0" methods="1" coveredmethods="1"/>
        <line num="1" count="5" type="stmt"/>
        <line num="2" count="5" type="stmt"/>
        <line num="3" count="5" type="stmt"/>
        <line num="6" count="5" type="stmt"/>
        <line num="7" count="719" type="stmt"/>
      </file>
      <file name="formatLive.ts" path="/workspace/src/localization/formatLive.ts">
        <metrics statements="12" coveredstatements="10" conditionals="6" coveredconditionals="3" methods="3" coveredmethods="3"/>
        <line num="3" count="6" type="stmt"/>
        <line num="4" count="167" type="cond" truecount="1" falsecount="1"/>
        <line num="6" count="6" type="stmt"/>
        <line num="10" count="128" type="stmt"/>
        <line num="11" count="128" type="cond" truecount="1" falsecount="1"/>
        <line num="12" count="0" type="stmt"/>
        <line num="14" count="128" type="stmt"/>
        <line num="20" count="6" type="stmt"/>
        <line num="24" count="39" type="stmt"/>
        <line num="25" count="39" type="cond" truecount="1" falsecount="1"/>
        <line num="26" count="0" type="stmt"/>
        <line num="28" count="39" type="stmt"/>
      </file>
      <file name="i18n.ts" path="/workspace/src/localization/i18n.ts">
        <metrics statements="25" coveredstatements="24" conditionals="14" coveredconditionals="11" methods="5" coveredmethods="5"/>
        <line num="9" count="14" type="stmt"/>
        <line num="10" count="27" type="cond" truecount="2" falsecount="0"/>
        <line num="11" count="1" type="stmt"/>
        <line num="14" count="26" type="stmt"/>
        <line num="17" count="14" type="stmt"/>
        <line num="18" count="27" type="stmt"/>
        <line num="19" count="27" type="stmt"/>
        <line num="21" count="0" type="stmt"/>
        <line num="25" count="14" type="stmt"/>
        <line num="27" count="14" type="stmt"/>
        <line num="37" count="14" type="stmt"/>
        <line num="38" count="5871" type="cond" truecount="2" falsecount="0"/>
        <line num="39" count="74" type="stmt"/>
        <line num="41" count="5797" type="cond" truecount="2" falsecount="0"/>
        <line num="42" count="16" type="stmt"/>
        <line num="44" count="5781" type="stmt"/>
        <line num="47" count="14" type="stmt"/>
        <line num="48" count="13" type="stmt"/>
        <line num="49" count="13" type="cond" truecount="2" falsecount="0"/>
        <line num="52" count="1" type="stmt"/>
        <line num="54" count="13" type="stmt"/>
        <line num="57" count="14" type="stmt"/>
        <line num="58" count="15" type="cond" truecount="1" falsecount="1"/>
        <line num="59" count="15" type="stmt"/>
        <line num="66" count="15" type="cond" truecount="1" falsecount="1"/>
      </file>
      <file name="liveResources.ts" path="/workspace/src/localization/liveResources.ts">
        <metrics statements="2" coveredstatements="2" conditionals="0" coveredconditionals="0" methods="0" coveredmethods="0"/>
        <line num="1" count="14" type="stmt"/>
        <line num="1311" count="14" type="stmt"/>
      </file>
      <file name="productionResources.ts" path="/workspace/src/localization/productionResources.ts">
        <metrics statements="3" coveredstatements="3" conditionals="0" coveredconditionals="0" methods="0" coveredmethods="0"/>
        <line num="3" count="14" type="stmt"/>
        <line num="12" count="14" type="stmt"/>
        <line num="21" count="14" type="stmt"/>
      </file>
      <file name="reasonCopy.ts" path="/workspace/src/localization/reasonCopy.ts">
        <metrics statements="6" coveredstatements="6" conditionals="0" coveredconditionals="0" methods="2" coveredmethods="2"/>
        <line num="10" count="13" type="stmt"/>
        <line num="98" count="13" type="stmt"/>
        <line num="99" count="173" type="stmt"/>
        <line num="104" count="13" type="stmt"/>
        <line num="119" count="13" type="stmt"/>
        <line num="121" count="14" type="stmt"/>
      </file>
      <file name="resources.ts" path="/workspace/src/localization/resources.ts">
        <metrics statements="5" coveredstatements="5" conditionals="0" coveredconditionals="0" methods="1" coveredmethods="1"/>
        <line num="3" count="3" type="stmt"/>
        <line num="185" count="3" type="stmt"/>
        <line num="367" count="3" type="stmt"/>
        <line num="368" count="3369" type="stmt"/>
        <line num="371" count="3" type="stmt"/>
      </file>
    </package>
  </project>
</coverage>
