{"/workspace/src/domain/ai/model.ts": {"path":"/workspace/src/domain/ai/model.ts","statementMap":{"0":{"start":{"line":24,"column":27},"end":{"line":24,"column":61}},"1":{"start":{"line":30,"column":31},"end":{"line":30,"column":69}},"2":{"start":{"line":33,"column":33},"end":{"line":33,"column":62}},"3":{"start":{"line":36,"column":36},"end":{"line":36,"column":67}},"4":{"start":{"line":39,"column":38},"end":{"line":50,"column":10}},"5":{"start":{"line":54,"column":36},"end":{"line":60,"column":10}},"6":{"start":{"line":63,"column":32},"end":{"line":63,"column":59}},"7":{"start":{"line":74,"column":57},"end":{"line":82,"column":1}},"8":{"start":{"line":85,"column":2},"end":{"line":85,"column":27}},"9":{"start":{"line":118,"column":2},"end":{"line":120,"column":3}},"10":{"start":{"line":119,"column":4},"end":{"line":119,"column":67}},"11":{"start":{"line":121,"column":2},"end":{"line":123,"column":3}},"12":{"start":{"line":122,"column":4},"end":{"line":122,"column":67}},"13":{"start":{"line":124,"column":2},"end":{"line":129,"column":3}},"14":{"start":{"line":128,"column":4},"end":{"line":128,"column":61}},"15":{"start":{"line":130,"column":2},"end":{"line":130,"column":55}},"16":{"start":{"line":173,"column":35},"end":{"line":173,"column":60}},"17":{"start":{"line":184,"column":2},"end":{"line":187,"column":4}}},"fnMap":{"0":{"name":"aiQuotaForPlan","decl":{"start":{"line":84,"column":16},"end":{"line":84,"column":30}},"loc":{"start":{"line":84,"column":56},"end":{"line":86,"column":1}},"line":84},"1":{"name":"decideAiEntitlement","decl":{"start":{"line":114,"column":16},"end":{"line":114,"column":35}},"loc":{"start":{"line":117,"column":25},"end":{"line":131,"column":1}},"line":117},"2":{"name":"isAiSignInProvider","decl":{"start":{"line":183,"column":16},"end":{"line":183,"column":34}},"loc":{"start":{"line":183,"column":78},"end":{"line":188,"column":1}},"line":183}},"branchMap":{"0":{"loc":{"start":{"line":118,"column":2},"end":{"line":120,"column":3}},"type":"if","locations":[{"start":{"line":118,"column":2},"end":{"line":120,"column":3}},{"start":{},"end":{}}],"line":118},"1":{"loc":{"start":{"line":118,"column":6},"end":{"line":118,"column":84}},"type":"binary-expr","locations":[{"start":{"line":118,"column":6},"end":{"line":118,"column":26}},{"start":{"line":118,"column":30},"end":{"line":118,"column":84}}],"line":118},"2":{"loc":{"start":{"line":121,"column":2},"end":{"line":123,"column":3}},"type":"if","locations":[{"start":{"line":121,"column":2},"end":{"line":123,"column":3}},{"start":{},"end":{}}],"line":121},"3":{"loc":{"start":{"line":124,"column":2},"end":{"line":129,"column":3}},"type":"if","locations":[{"start":{"line":124,"column":2},"end":{"line":129,"column":3}},{"start":{},"end":{}}],"line":124},"4":{"loc":{"start":{"line":125,"column":4},"end":{"line":126,"column":60}},"type":"binary-expr","locations":[{"start":{"line":125,"column":4},"end":{"line":125,"column":55}},{"start":{"line":126,"column":4},"end":{"line":126,"column":60}}],"line":125},"5":{"loc":{"start":{"line":185,"column":4},"end":{"line":186,"column":62}},"type":"binary-expr","locations":[{"start":{"line":185,"column":4},"end":{"line":185,"column":29}},{"start":{"line":186,"column":4},"end":{"line":186,"column":62}}],"line":185}},"s":{"0":1,"1":1,"2":1,"3":1,"4":1,"5":1,"6":1,"7":1,"8":11,"9":8,"10":3,"11":5,"12":1,"13":4,"14":2,"15":2,"16":1,"17":4},"f":{"0":11,"1":8,"2":4},"b":{"0":[3,5],"1":[8,6],"2":[1,4],"3":[2,2],"4":[4,3],"5":[4,2]},"_coverageSchema":"1a1c01bbd47fc00a2c39e90264f33305004495a9","hash":"e9458409ad267f54f1c257174caf6c64d50e68b4"}
}
