TN:
SF:src/app/AppProviders.tsx
FN:11,AppSurface
FN:33,AppProviders
FNF:2
FNH:2
FNDA:122,AppSurface
FNDA:121,AppProviders
DA:12,122
DA:13,122
DA:14,122
DA:15,122
DA:34,121
DA:45,2
LF:6
LH:6
BRDA:21,0,0,1
BRDA:21,0,1,121
BRDA:25,1,0,1
BRDA:25,1,1,121
BRF:4
BRH:4
end_of_record
TN:
SF:src/app/AppRoot.tsx
FN:9,BirthdayAutopilotApp
FNF:1
FNH:1
FNDA:116,BirthdayAutopilotApp
DA:14,116
LF:1
LH:1
BRF:0
BRH:0
end_of_record
TN:
SF:src/app/FixturePreviewApp.tsx
FN:17,FixturePreviewApp
FN:23,(anonymous_1)
FN:25,(anonymous_2)
FNF:3
FNH:2
FNDA:5,FixturePreviewApp
FNDA:5,(anonymous_1)
FNDA:0,(anonymous_2)
DA:23,5
DA:24,5
DA:25,0
DA:29,5
DA:30,0
DA:39,5
DA:47,5
DA:54,5
DA:62,5
LF:9
LH:7
BRDA:18,0,0,0
BRDA:24,1,0,0
BRDA:24,1,1,5
BRDA:24,2,0,5
BRDA:24,2,1,5
BRDA:24,2,2,5
BRDA:29,3,0,0
BRDA:29,3,1,5
BRDA:66,4,0,2
BRDA:66,4,1,3
BRDA:69,5,0,5
BRDA:69,5,1,0
BRF:12
BRH:8
end_of_record
TN:
SF:src/app/NativeAppBoundary.tsx
FN:16,CompletedIdentityBoundary
FN:28,(anonymous_1)
FN:29,(anonymous_2)
FN:36,(anonymous_3)
FN:104,(anonymous_4)
FN:117,(anonymous_5)
FN:136,NativeAppBoundary
FN:144,(anonymous_7)
FN:147,(anonymous_8)
FN:169,(anonymous_9)
FN:195,(anonymous_10)
FN:218,(anonymous_11)
FNF:12
FNH:9
FNDA:306,CompletedIdentityBoundary
FNDA:1,(anonymous_1)
FNDA:108,(anonymous_2)
FNDA:0,(anonymous_3)
FNDA:0,(anonymous_4)
FNDA:2,(anonymous_5)
FNDA:380,NativeAppBoundary
FNDA:1,(anonymous_7)
FNDA:144,(anonymous_8)
FNDA:1,(anonymous_9)
FNDA:0,(anonymous_10)
FNDA:1,(anonymous_11)
DA:26,306
DA:27,306
DA:28,306
DA:29,306
DA:30,306
DA:36,306
DA:37,0
DA:40,306
DA:41,190
DA:47,116
DA:48,0
DA:60,116
DA:61,116
DA:62,116
DA:63,0
DA:69,116
DA:70,0
DA:82,116
DA:83,1
DA:95,115
DA:101,1
DA:104,0
DA:111,114
DA:113,114
DA:114,24
DA:117,2
DA:124,90
DA:141,380
DA:142,380
DA:143,380
DA:144,1
DA:147,380
DA:148,380
DA:155,380
DA:156,232
DA:163,148
DA:164,2
DA:169,1
DA:177,146
DA:178,146
DA:182,146
DA:183,2
DA:189,144
DA:190,1
DA:195,0
DA:202,143
DA:203,42
DA:204,1
DA:215,41
DA:218,1
DA:225,101
LF:51
LH:45
BRDA:40,0,0,190
BRDA:40,0,1,116
BRDA:47,1,0,0
BRDA:47,1,1,116
BRDA:62,2,0,0
BRDA:62,2,1,116
BRDA:69,3,0,0
BRDA:69,3,1,116
BRDA:82,4,0,1
BRDA:82,4,1,115
BRDA:95,5,0,1
BRDA:95,5,1,114
BRDA:113,6,0,24
BRDA:113,6,1,90
BRDA:113,7,0,114
BRDA:113,7,1,26
BRDA:155,8,0,232
BRDA:155,8,1,148
BRDA:163,9,0,2
BRDA:163,9,1,146
BRDA:182,10,0,2
BRDA:182,10,1,144
BRDA:182,11,0,146
BRDA:182,11,1,2
BRDA:189,12,0,1
BRDA:189,12,1,143
BRDA:189,13,0,144
BRDA:189,13,1,1
BRDA:202,14,0,42
BRDA:202,14,1,101
BRDA:202,15,0,143
BRDA:202,15,1,133
BRDA:203,16,0,1
BRDA:203,16,1,41
BRDA:203,17,0,42
BRDA:203,17,1,9
BRF:36
BRH:33
end_of_record
TN:
SF:src/app/navigation/RootNavigator.tsx
FN:31,(anonymous_0)
FN:34,(anonymous_1)
FN:37,(anonymous_2)
FN:41,MainTabs
FN:96,RootNavigator
FNF:5
FNH:0
FNDA:0,(anonymous_0)
FNDA:0,(anonymous_1)
FNDA:0,(anonymous_2)
FNDA:0,MainTabs
FNDA:0,RootNavigator
DA:28,0
DA:29,0
DA:31,0
DA:32,0
DA:34,0
DA:35,0
DA:37,0
DA:38,0
DA:42,0
DA:43,0
DA:44,0
DA:97,0
DA:98,0
DA:99,0
DA:100,0
DA:113,0
DA:114,0
DA:117,0
LF:18
LH:0
BRDA:101,0,0,0
BRDA:101,0,1,0
BRDA:103,1,0,0
BRDA:103,1,1,0
BRDA:113,2,0,0
BRDA:113,2,1,0
BRDA:119,3,0,0
BRDA:119,3,1,0
BRF:8
BRH:0
end_of_record
TN:
SF:src/app/navigation/types.ts
FNF:0
FNH:0
LF:0
LH:0
BRF:0
BRH:0
end_of_record
TN:
SF:src/app/providers/FixtureProvider.tsx
FN:39,(anonymous_0)
FN:55,(anonymous_1)
FN:66,(anonymous_2)
FN:77,(anonymous_3)
FN:132,FixtureProvider
FN:142,(anonymous_5)
FN:144,(anonymous_6)
FN:147,(anonymous_7)
FN:149,(anonymous_8)
FN:153,(anonymous_9)
FN:157,(anonymous_10)
FN:160,(anonymous_11)
FN:162,(anonymous_12)
FN:166,(anonymous_13)
FN:170,(anonymous_14)
FN:173,(anonymous_15)
FN:176,(anonymous_16)
FN:213,(anonymous_17)
FNF:18
FNH:12
FNDA:12,(anonymous_0)
FNDA:7,(anonymous_1)
FNDA:1,(anonymous_2)
FNDA:0,(anonymous_3)
FNDA:12,FixtureProvider
FNDA:2,(anonymous_5)
FNDA:0,(anonymous_6)
FNDA:1,(anonymous_7)
FNDA:1,(anonymous_8)
FNDA:0,(anonymous_9)
FNDA:1,(anonymous_10)
FNDA:0,(anonymous_11)
FNDA:1,(anonymous_12)
FNDA:0,(anonymous_13)
FNDA:1,(anonymous_14)
FNDA:0,(anonymous_15)
FNDA:12,(anonymous_16)
FNDA:45,(anonymous_17)
DA:39,1
DA:42,12
DA:55,1
DA:56,7
DA:58,2
DA:60,0
DA:62,1
DA:64,1
DA:67,1
DA:72,0
DA:74,1
DA:77,0
DA:81,0
DA:88,1
DA:92,0
DA:94,1
DA:96,0
DA:101,1
DA:103,0
DA:122,1
DA:138,12
DA:142,12
DA:143,12
DA:144,0
DA:147,12
DA:148,12
DA:149,1
DA:152,12
DA:153,0
DA:156,12
DA:157,1
DA:160,12
DA:161,12
DA:162,1
DA:165,12
DA:166,0
DA:169,12
DA:170,1
DA:173,12
DA:175,12
DA:176,12
DA:208,12
DA:213,1
DA:214,45
DA:215,45
DA:216,0
DA:218,45
LF:47
LH:36
BRDA:47,0,0,12
BRDA:47,0,1,12
BRDA:47,1,0,4
BRDA:47,1,1,8
BRDA:56,2,0,2
BRDA:56,2,1,0
BRDA:56,2,2,1
BRDA:56,2,3,1
BRDA:56,2,4,0
BRDA:56,2,5,1
BRDA:56,2,6,0
BRDA:56,2,7,1
BRDA:56,2,8,0
BRDA:56,2,9,1
BRDA:56,2,10,0
BRDA:64,3,0,0
BRDA:64,3,1,1
BRDA:67,4,0,1
BRDA:67,4,1,1
BRDA:67,4,2,0
BRDA:76,5,0,0
BRDA:76,5,1,1
BRDA:81,6,0,0
BRDA:81,6,1,0
BRDA:88,7,0,1
BRDA:88,7,1,0
BRDA:88,8,0,1
BRDA:88,8,1,1
BRDA:135,9,0,8
BRDA:215,10,0,0
BRDA:215,10,1,45
BRF:31
BRH:19
end_of_record
TN:
SF:src/app/providers/ThemeProvider.tsx
FN:29,ThemeProvider
FN:39,(anonymous_1)
FN:44,(anonymous_2)
FN:52,(anonymous_3)
FN:58,(anonymous_4)
FN:72,(anonymous_5)
FN:87,(anonymous_6)
FN:98,(anonymous_7)
FN:102,(anonymous_8)
FN:111,(anonymous_9)
FNF:10
FNH:10
FNDA:280,ThemeProvider
FNDA:260,(anonymous_1)
FNDA:1,(anonymous_2)
FNDA:1,(anonymous_3)
FNDA:260,(anonymous_4)
FNDA:260,(anonymous_5)
FNDA:260,(anonymous_6)
FNDA:266,(anonymous_7)
FNDA:267,(anonymous_8)
FNDA:36032,(anonymous_9)
DA:23,15
DA:33,280
DA:35,280
DA:36,280
DA:37,280
DA:39,280
DA:40,260
DA:41,260
DA:42,260
DA:45,1
DA:46,1
DA:50,260
DA:53,1
DA:54,1
DA:58,260
DA:59,260
DA:60,260
DA:63,259
DA:64,258
DA:67,1
DA:68,1
DA:72,260
DA:73,260
DA:74,260
DA:75,259
DA:76,258
DA:79,1
DA:80,1
DA:85,260
DA:86,260
DA:87,260
DA:88,260
DA:89,260
DA:90,260
DA:95,280
DA:97,280
DA:98,266
DA:101,280
DA:102,267
DA:106,280
DA:111,15
DA:112,36032
DA:113,36032
DA:114,0
DA:116,36032
LF:45
LH:44
BRDA:31,0,0,162
BRDA:43,1,0,187
BRDA:43,1,1,73
BRDA:45,2,0,1
BRDA:45,2,1,0
BRDA:53,3,0,1
BRDA:53,3,1,0
BRDA:60,4,0,187
BRDA:60,4,1,73
BRDA:63,5,0,258
BRDA:63,5,1,1
BRDA:67,6,0,1
BRDA:67,6,1,0
BRDA:75,7,0,258
BRDA:75,7,1,1
BRDA:79,8,0,1
BRDA:79,8,1,0
BRDA:95,9,0,280
BRDA:95,9,1,279
BRDA:95,9,2,161
BRDA:113,10,0,0
BRDA:113,10,1,36032
BRF:22
BRH:17
end_of_record
TN:
SF:src/application/ports/ActivityPort.ts
FNF:0
FNH:0
LF:0
LH:0
BRF:0
BRH:0
end_of_record
TN:
SF:src/application/ports/AppProjectionPort.ts
FNF:0
FNH:0
DA:19,3
LF:1
LH:1
BRF:0
BRH:0
end_of_record
TN:
SF:src/application/ports/AppRoutePort.ts
FNF:0
FNH:0
LF:0
LH:0
BRF:0
BRH:0
end_of_record
TN:
SF:src/application/ports/AutomationPort.ts
FNF:0
FNH:0
LF:0
LH:0
BRF:0
BRH:0
end_of_record
TN:
SF:src/application/ports/BirthdayNativePort.ts
FNF:0
FNH:0
LF:0
LH:0
BRF:0
BRH:0
end_of_record
TN:
SF:src/application/ports/DeviceLifecyclePort.ts
FNF:0
FNH:0
LF:0
LH:0
BRF:0
BRH:0
end_of_record
TN:
SF:src/application/ports/IdentityContactsPort.ts
FNF:0
FNH:0
LF:0
LH:0
BRF:0
BRH:0
end_of_record
TN:
SF:src/application/ports/MessagePort.ts
FNF:0
FNH:0
LF:0
LH:0
BRF:0
BRH:0
end_of_record
TN:
SF:src/application/ports/NativeActionPort.ts
FNF:0
FNH:0
LF:0
LH:0
BRF:0
BRH:0
end_of_record
TN:
SF:src/application/ports/PeoplePort.ts
FNF:0
FNH:0
LF:0
LH:0
BRF:0
BRH:0
end_of_record
TN:
SF:src/application/ports/PrivacyPort.ts
FNF:0
FNH:0
LF:0
LH:0
BRF:0
BRH:0
end_of_record
TN:
SF:src/application/ports/PublicResourcesPort.ts
FNF:0
FNH:0
LF:0
LH:0
BRF:0
BRH:0
end_of_record
TN:
SF:src/design-system/components/AccessibleTextInput.tsx
FN:16,AccessibleTextInputComponent
FN:36,(anonymous_1)
FN:40,(anonymous_2)
FNF:3
FNH:3
FNDA:304,AccessibleTextInputComponent
FNDA:1,(anonymous_1)
FNDA:1,(anonymous_2)
DA:13,13
DA:20,304
DA:21,304
DA:22,304
DA:23,304
DA:24,304
DA:25,2
DA:30,302
DA:37,1
DA:38,1
DA:41,1
DA:42,1
DA:55,13
LF:13
LH:13
BRDA:24,0,0,2
BRDA:24,0,1,302
BRDA:49,1,0,1
BRDA:49,1,1,301
BRF:4
BRH:4
end_of_record
TN:
SF:src/design-system/components/AppText.tsx
FN:31,AppText
FNF:1
FNH:1
FNDA:21107,AppText
DA:22,13
DA:38,21107
DA:40,21107
DA:48,21107
LF:4
LH:4
BRDA:33,0,0,5933
BRDA:34,1,0,14690
BRDA:40,2,0,5850
BRDA:40,2,1,15257
BRDA:42,3,0,562
BRDA:42,3,1,14695
BRDA:44,4,0,5
BRDA:44,4,1,14690
BRF:8
BRH:8
end_of_record
TN:
SF:src/design-system/components/Icon.tsx
FN:57,Icon
FNF:1
FNH:1
FNDA:4419,Icon
DA:33,13
DA:58,4419
DA:59,4419
DA:60,4419
DA:61,4419
DA:62,4419
DA:63,0
DA:71,4419
DA:75,4419
LF:9
LH:8
BRDA:57,0,0,0
BRDA:57,1,0,3136
BRDA:58,2,0,315
BRDA:58,2,1,4104
BRDA:62,3,0,0
BRDA:62,3,1,4419
BRDA:62,4,0,4419
BRDA:62,4,1,4419
BRDA:95,5,0,491
BRDA:95,5,1,3928
BRDA:104,6,0,731
BRDA:104,6,1,3197
BRDA:122,7,0,2
BRDA:122,7,1,3195
BRF:14
BRH:12
end_of_record
TN:
SF:src/design-system/components/Primitives.tsx
FN:50,(anonymous_0)
FN:57,FocusablePressable
FN:69,(anonymous_2)
FN:73,(anonymous_3)
FN:77,(anonymous_4)
FN:85,Screen
FN:95,(anonymous_6)
FN:96,(anonymous_7)
FN:134,Card
FN:167,InlineReviewCard
FN:187,(anonymous_10)
FN:189,(anonymous_11)
FN:199,(anonymous_12)
FN:207,(anonymous_13)
FN:215,(anonymous_14)
FN:232,(anonymous_15)
FN:237,(anonymous_16)
FN:244,(anonymous_17)
FN:280,Button
FN:317,(anonymous_19)
FN:318,(anonymous_20)
FN:321,(anonymous_21)
FN:347,(anonymous_22)
FN:385,StatusRow
FN:421,ReadinessBanner
FN:471,FixtureNotice
FN:487,SectionHeading
FN:504,ChoiceChip
FN:522,(anonymous_28)
FN:523,(anonymous_29)
FN:526,(anonymous_30)
FN:555,SingleChoiceGroup
FN:573,SearchField
FN:613,(anonymous_33)
FN:623,SettingRow
FN:643,(anonymous_35)
FN:644,(anonymous_36)
FN:647,(anonymous_37)
FN:669,LabeledSwitch
FN:691,(anonymous_39)
FN:692,(anonymous_40)
FN:694,(anonymous_41)
FN:719,PersonRow
FN:754,(anonymous_43)
FN:755,(anonymous_44)
FN:758,(anonymous_45)
FN:800,KeyValue
FNF:47
FNH:44
FNDA:5912,(anonymous_0)
FNDA:845,FocusablePressable
FNDA:1,(anonymous_2)
FNDA:1,(anonymous_3)
FNDA:845,(anonymous_4)
FNDA:1775,Screen
FNDA:559,(anonymous_6)
FNDA:0,(anonymous_7)
FNDA:1932,Card
FNDA:34,InlineReviewCard
FNDA:31,(anonymous_10)
FNDA:31,(anonymous_11)
FNDA:2,(anonymous_12)
FNDA:1,(anonymous_13)
FNDA:1,(anonymous_14)
FNDA:0,(anonymous_15)
FNDA:31,(anonymous_16)
FNDA:2,(anonymous_17)
FNDA:2728,Button
FNDA:1,(anonymous_19)
FNDA:1,(anonymous_20)
FNDA:2728,(anonymous_21)
FNDA:1883,(anonymous_22)
FNDA:1255,StatusRow
FNDA:628,ReadinessBanner
FNDA:23,FixtureNotice
FNDA:1471,SectionHeading
FNDA:1051,ChoiceChip
FNDA:1,(anonymous_28)
FNDA:1,(anonymous_29)
FNDA:1051,(anonymous_30)
FNDA:158,SingleChoiceGroup
FNDA:99,SearchField
FNDA:0,(anonymous_33)
FNDA:726,SettingRow
FNDA:1,(anonymous_35)
FNDA:1,(anonymous_36)
FNDA:726,(anonymous_37)
FNDA:6,LabeledSwitch
FNDA:1,(anonymous_39)
FNDA:1,(anonymous_40)
FNDA:6,(anonymous_41)
FNDA:556,PersonRow
FNDA:1,(anonymous_43)
FNDA:1,(anonymous_44)
FNDA:556,(anonymous_45)
FNDA:905,KeyValue
DA:46,12
DA:50,5912
DA:63,845
DA:64,845
DA:66,845
DA:70,1
DA:71,1
DA:74,1
DA:75,1
DA:77,845
DA:92,1775
DA:93,1775
DA:94,1775
DA:95,559
DA:97,0
DA:105,1775
DA:142,1932
DA:143,1932
DA:177,34
DA:178,34
DA:179,34
DA:180,34
DA:181,34
DA:182,34
DA:185,34
DA:187,34
DA:188,31
DA:189,31
DA:190,31
DA:191,31
DA:192,31
DA:193,1
DA:198,34
DA:200,2
DA:201,1
DA:202,1
DA:203,1
DA:204,1
DA:206,1
DA:208,1
DA:213,0
DA:215,1
DA:216,1
DA:217,0
DA:219,1
DA:220,1
DA:221,1
DA:223,1
DA:224,1
DA:227,0
DA:228,0
DA:232,0
DA:237,34
DA:238,31
DA:239,0
DA:243,34
DA:245,2
DA:246,2
DA:251,34
DA:290,2728
DA:291,2728
DA:293,2728
DA:301,2728
DA:307,2728
DA:317,1
DA:318,1
DA:321,2728
DA:347,12
DA:351,1883
DA:353,641
DA:359,543
DA:365,187
DA:371,465
DA:377,47
DA:396,1255
DA:397,1255
DA:398,1255
DA:438,628
DA:439,628
DA:440,628
DA:441,628
DA:472,23
DA:473,23
DA:474,23
DA:494,1471
DA:515,1051
DA:516,1051
DA:517,1051
DA:522,1
DA:523,1
DA:526,1051
DA:560,158
DA:588,99
DA:589,99
DA:613,0
DA:636,726
DA:637,726
DA:638,726
DA:639,726
DA:643,1
DA:644,1
DA:647,726
DA:682,6
DA:683,6
DA:684,6
DA:691,1
DA:692,1
DA:694,6
DA:744,556
DA:745,556
DA:746,556
DA:747,556
DA:754,1
DA:755,1
DA:758,556
DA:807,905
DA:817,12
LF:117
LH:109
BRDA:54,0,0,6
BRDA:54,0,1,5906
BRDA:78,1,0,845
BRDA:78,1,1,0
BRDA:88,2,0,18
BRDA:89,3,0,1290
BRDA:108,4,0,1757
BRDA:108,4,1,18
BRDA:111,5,0,1272
BRDA:111,5,1,503
BRDA:153,6,0,0
BRDA:153,6,1,1932
BRDA:192,7,0,1
BRDA:192,7,1,30
BRDA:200,8,0,1
BRDA:200,8,1,1
BRDA:208,9,0,0
BRDA:208,9,1,1
BRDA:209,10,0,1
BRDA:209,10,1,1
BRDA:209,10,2,1
BRDA:216,11,0,0
BRDA:216,11,1,1
BRDA:216,12,0,1
BRDA:216,12,1,1
BRDA:220,13,0,1
BRDA:220,13,1,0
BRDA:223,14,0,1
BRDA:223,14,1,0
BRDA:227,15,0,0
BRDA:227,15,1,0
BRDA:238,16,0,0
BRDA:238,16,1,31
BRDA:283,17,0,539
BRDA:284,18,0,1383
BRDA:293,19,0,542
BRDA:293,19,1,2186
BRDA:295,20,0,101
BRDA:295,20,1,2085
BRDA:297,21,0,1238
BRDA:297,21,1,847
BRDA:301,22,0,643
BRDA:301,22,1,2085
BRDA:301,23,0,2728
BRDA:301,23,1,2186
BRDA:303,24,0,847
BRDA:303,24,1,1238
BRDA:314,25,0,2601
BRDA:314,25,1,127
BRDA:326,26,0,1238
BRDA:326,26,1,1490
BRDA:326,27,0,2728
BRDA:326,27,1,1490
BRDA:329,28,0,1238
BRDA:329,28,1,1490
BRDA:329,29,0,2728
BRDA:329,29,1,1490
BRDA:330,30,0,215
BRDA:330,30,1,2513
BRDA:331,31,0,0
BRDA:331,31,1,2728
BRDA:331,32,0,2728
BRDA:331,32,1,0
BRDA:336,33,0,12
BRDA:336,33,1,2716
BRDA:351,34,0,641
BRDA:351,34,1,543
BRDA:351,34,2,187
BRDA:351,34,3,465
BRDA:351,34,4,47
BRDA:388,35,0,28
BRDA:411,36,0,803
BRDA:411,36,1,452
BRDA:426,37,0,627
BRDA:440,38,0,628
BRDA:440,38,1,6
BRDA:444,39,0,6
BRDA:444,39,1,622
BRDA:445,40,0,6
BRDA:445,40,1,622
BRDA:459,41,0,6
BRDA:459,41,1,622
BRDA:459,42,0,628
BRDA:459,42,1,6
BRDA:499,43,0,113
BRDA:499,43,1,1358
BRDA:529,44,0,259
BRDA:529,44,1,792
BRDA:530,45,0,259
BRDA:530,45,1,792
BRDA:531,46,0,0
BRDA:531,46,1,1051
BRDA:532,47,0,0
BRDA:532,47,1,1051
BRDA:537,48,0,259
BRDA:537,48,1,792
BRDA:538,49,0,258
BRDA:538,49,1,1
BRDA:546,50,0,259
BRDA:546,50,1,792
BRDA:608,51,0,99
BRDA:608,51,1,5
BRDA:610,52,0,5
BRDA:610,52,1,0
BRDA:628,53,0,691
BRDA:649,54,0,0
BRDA:649,54,1,726
BRDA:663,55,0,726
BRDA:663,55,1,722
BRDA:696,56,0,0
BRDA:696,56,1,6
BRDA:713,57,0,3
BRDA:713,57,1,3
BRDA:728,58,0,12
BRDA:729,59,0,551
BRDA:752,60,0,5
BRDA:752,60,1,551
BRDA:761,61,0,2
BRDA:761,61,1,554
BRDA:762,62,0,2
BRDA:762,62,1,554
BRDA:763,63,0,0
BRDA:763,63,1,556
BRDA:774,64,0,551
BRDA:774,64,1,5
BRDA:781,65,0,0
BRDA:781,65,1,556
BRDA:781,66,0,556
BRDA:781,66,1,556
BRDA:791,67,0,2
BRDA:791,67,1,554
BRDA:792,68,0,2
BRDA:792,68,1,554
BRDA:794,69,0,556
BRDA:794,69,1,554
BRDA:812,70,0,905
BRDA:812,70,1,0
BRF:137
BRH:118
end_of_record
TN:
SF:src/design-system/components/RouteAccessibilityFocus.tsx
FN:15,RouteAccessibilityFocus
FN:24,(anonymous_1)
FN:26,(anonymous_2)
FN:40,(anonymous_3)
FNF:4
FNH:4
FNDA:354,RouteAccessibilityFocus
FNDA:272,(anonymous_1)
FNDA:267,(anonymous_2)
FNDA:272,(anonymous_3)
DA:22,354
DA:24,354
DA:25,272
DA:26,272
DA:27,267
DA:28,267
DA:29,267
DA:30,2
DA:35,267
DA:36,267
DA:40,272
DA:41,272
DA:42,272
DA:46,354
DA:59,3
LF:15
LH:15
BRDA:27,0,0,0
BRDA:27,0,1,267
BRDA:29,1,0,2
BRDA:29,1,1,265
BRDA:35,2,0,267
BRDA:35,2,1,0
BRF:6
BRH:4
end_of_record
TN:
SF:src/design-system/tokens/theme.ts
FN:85,(anonymous_0)
FNF:1
FNH:1
FNDA:270,(anonymous_0)
DA:39,16
DA:62,16
DA:85,16
DA:89,270
DA:91,270
DA:102,16
DA:111,16
DA:118,16
LF:8
LH:8
BRDA:89,0,0,3
BRDA:89,0,1,267
BRDA:96,1,0,4
BRDA:96,1,1,266
BRDA:96,2,0,1
BRDA:96,2,1,3
BRDA:97,3,0,4
BRDA:97,3,1,266
BRF:8
BRH:8
end_of_record
TN:
SF:src/domain/account/model.ts
FNF:0
FNH:0
LF:0
LH:0
BRF:0
BRH:0
end_of_record
TN:
SF:src/domain/activity/model.ts
FNF:0
FNH:0
DA:5,3
DA:34,3
LF:2
LH:2
BRF:0
BRH:0
end_of_record
TN:
SF:src/domain/approvals/model.ts
FNF:0
FNH:0
DA:9,3
LF:1
LH:1
BRF:0
BRH:0
end_of_record
TN:
SF:src/domain/automation/model.ts
FNF:0
FNH:0
DA:13,3
DA:42,3
LF:2
LH:2
BRF:0
BRH:0
end_of_record
TN:
SF:src/domain/birthdays/model.ts
FNF:0
FNH:0
DA:5,1
LF:1
LH:1
BRF:0
BRH:0
end_of_record
TN:
SF:src/domain/contacts/model.ts
FNF:0
FNH:0
DA:13,3
LF:1
LH:1
BRF:0
BRH:0
end_of_record
TN:
SF:src/domain/device/model.ts
FNF:0
FNH:0
DA:8,1
LF:1
LH:1
BRF:0
BRH:0
end_of_record
TN:
SF:src/domain/home/model.ts
FNF:0
FNH:0
LF:0
LH:0
BRF:0
BRH:0
end_of_record
TN:
SF:src/domain/legal/model.ts
FNF:0
FNH:0
DA:1,1
LF:1
LH:1
BRF:0
BRH:0
end_of_record
TN:
SF:src/domain/messages/model.ts
FNF:0
FNH:0
DA:8,7
DA:9,7
DA:39,7
LF:3
LH:3
BRF:0
BRH:0
end_of_record
TN:
SF:src/domain/navigation/model.ts
FNF:0
FNH:0
LF:0
LH:0
BRF:0
BRH:0
end_of_record
TN:
SF:src/domain/privacy/model.ts
FNF:0
FNH:0
DA:5,3
LF:1
LH:1
BRF:0
BRH:0
end_of_record
TN:
SF:src/domain/readiness/model.ts
FNF:0
FNH:0
LF:0
LH:0
BRF:0
BRH:0
end_of_record
TN:
SF:src/domain/setup/model.ts
FNF:0
FNH:0
DA:10,3
LF:1
LH:1
BRF:0
BRH:0
end_of_record
TN:
SF:src/domain/shared/brand.ts
FNF:0
FNH:0
LF:0
LH:0
BRF:0
BRH:0
end_of_record
TN:
SF:src/domain/shared/platform.ts
FNF:0
FNH:0
LF:0
LH:0
BRF:0
BRH:0
end_of_record
TN:
SF:src/domain/shared/reasonCodes.ts
FNF:0
FNH:0
DA:1,7
LF:1
LH:1
BRF:0
BRH:0
end_of_record
TN:
SF:src/domain/shared/result.ts
FNF:0
FNH:0
LF:0
LH:0
BRF:0
BRH:0
end_of_record
TN:
SF:src/domain/shared/temporal.ts
FN:13,(anonymous_0)
FN:24,(anonymous_1)
FN:33,(anonymous_2)
FN:36,(anonymous_3)
FN:45,(anonymous_4)
FNF:5
FNH:5
FNDA:108,(anonymous_0)
FNDA:1,(anonymous_1)
FNDA:251,(anonymous_2)
FNDA:110,(anonymous_3)
FNDA:245,(anonymous_4)
DA:8,9
DA:9,9
DA:11,9
DA:13,9
DA:14,108
DA:15,108
DA:16,108
DA:17,108
DA:24,9
DA:25,1
DA:26,1
DA:27,0
DA:30,1
DA:33,9
DA:34,251
DA:36,9
DA:37,110
DA:38,110
DA:45,9
DA:46,245
DA:47,245
DA:48,245
LF:22
LH:21
BRDA:18,0,0,108
BRDA:18,0,1,108
BRDA:18,0,2,107
BRDA:26,1,0,0
BRDA:26,1,1,1
BRDA:39,2,0,110
BRDA:39,2,1,107
BRDA:39,2,2,106
BRF:8
BRH:7
end_of_record
TN:
SF:src/domain/validation/ephemeralPhone.ts
FN:6,(anonymous_0)
FNF:1
FNH:1
FNDA:4,(anonymous_0)
DA:4,3
DA:6,3
DA:9,4
DA:10,4
DA:11,4
DA:12,0
DA:18,4
LF:7
LH:6
BRDA:10,0,0,4
BRDA:10,0,1,0
BRDA:11,1,0,0
BRDA:11,1,1,4
BRDA:11,2,0,4
BRDA:11,2,1,4
BRDA:11,2,2,4
BRF:7
BRH:5
end_of_record
TN:
SF:src/domain/validation/templateDraft.ts
FN:18,(anonymous_0)
FN:120,(anonymous_1)
FN:128,(anonymous_2)
FN:131,(anonymous_3)
FN:134,(anonymous_4)
FN:183,(anonymous_5)
FN:186,(anonymous_6)
FN:191,(anonymous_7)
FN:206,(anonymous_8)
FN:209,(anonymous_9)
FN:214,(anonymous_10)
FN:227,(anonymous_11)
FN:234,(anonymous_12)
FN:261,(anonymous_13)
FNF:14
FNH:14
FNDA:45,(anonymous_0)
FNDA:195,(anonymous_1)
FNDA:191,(anonymous_2)
FNDA:6,(anonymous_3)
FNDA:195,(anonymous_4)
FNDA:135,(anonymous_5)
FNDA:4138,(anonymous_6)
FNDA:135,(anonymous_7)
FNDA:1143,(anonymous_8)
FNDA:266,(anonymous_9)
FNDA:135,(anonymous_10)
FNDA:225,(anonymous_11)
FNDA:228,(anonymous_12)
FNDA:122,(anonymous_13)
DA:9,5
DA:10,5
DA:11,5
DA:12,5
DA:18,5
DA:19,45
DA:20,45
DA:22,0
DA:26,5
DA:30,5
DA:31,5
DA:32,5
DA:36,5
DA:38,5
DA:40,5
DA:63,5
DA:64,5
DA:66,5
DA:67,5
DA:71,5
DA:75,5
DA:76,5
DA:77,5
DA:82,5
DA:83,5
DA:88,5
DA:90,5
DA:92,5
DA:94,5
DA:96,5
DA:98,5
DA:100,5
DA:102,5
DA:104,5
DA:106,5
DA:108,5
DA:110,5
DA:112,5
DA:114,5
DA:116,5
DA:118,5
DA:120,5
DA:121,195
DA:127,5
DA:128,5
DA:129,191
DA:131,6
DA:134,5
DA:138,195
DA:139,195
DA:140,195
DA:143,107
DA:145,195
DA:152,9
DA:154,195
DA:155,9
DA:156,195
DA:157,5
DA:159,195
DA:167,6
DA:169,195
DA:170,195
DA:171,195
DA:172,195
DA:173,195
DA:174,195
DA:175,195
DA:176,195
DA:177,195
DA:178,195
DA:179,195
DA:180,195
DA:183,5
DA:184,135
DA:187,4138
DA:191,5
DA:195,135
DA:196,135
DA:198,135
DA:199,135
DA:200,0
DA:202,135
DA:203,135
DA:204,29
DA:206,1143
DA:209,266
DA:214,5
DA:217,135
DA:218,135
DA:220,135
DA:221,0
DA:224,135
DA:225,135
DA:226,135
DA:227,225
DA:230,9
DA:233,135
DA:234,228
DA:236,135
DA:237,135
DA:238,101
DA:241,135
DA:242,3
DA:244,135
DA:245,0
DA:247,135
DA:251,135
DA:252,3
DA:254,135
DA:255,5
DA:257,135
DA:258,1
DA:260,135
DA:262,122
DA:278,8
DA:280,135
DA:281,105
DA:283,135
DA:284,31
DA:286,135
DA:287,0
DA:290,135
DA:291,117
DA:295,18
DA:298,18
DA:300,18
LF:126
LH:121
BRDA:124,0,0,195
BRDA:124,0,1,0
BRDA:129,1,0,191
BRDA:129,1,1,191
BRDA:140,2,0,107
BRDA:140,2,1,88
BRDA:141,3,0,25
BRDA:141,3,1,170
BRDA:145,4,0,9
BRDA:145,4,1,186
BRDA:146,5,0,195
BRDA:146,5,1,191
BRDA:146,5,2,187
BRDA:146,5,3,186
BRDA:146,5,4,186
BRDA:154,6,0,9
BRDA:154,6,1,186
BRDA:156,7,0,5
BRDA:156,7,1,190
BRDA:159,8,0,6
BRDA:159,8,1,189
BRDA:160,9,0,195
BRDA:160,9,1,193
BRDA:160,9,2,192
BRDA:160,9,3,192
BRDA:160,9,4,191
BRDA:160,9,5,191
BRDA:169,10,0,3
BRDA:169,10,1,192
BRDA:169,11,0,195
BRDA:169,11,1,193
BRDA:170,12,0,3
BRDA:170,12,1,192
BRDA:171,13,0,2
BRDA:171,13,1,193
BRDA:172,14,0,3
BRDA:172,14,1,192
BRDA:173,15,0,3
BRDA:173,15,1,192
BRDA:174,16,0,3
BRDA:174,16,1,192
BRDA:175,17,0,2
BRDA:175,17,1,193
BRDA:176,18,0,3
BRDA:176,18,1,192
BRDA:177,19,0,3
BRDA:177,19,1,192
BRDA:178,20,0,2
BRDA:178,20,1,193
BRDA:179,21,0,2
BRDA:179,21,1,193
BRDA:184,22,0,135
BRDA:184,22,1,135
BRDA:187,23,0,4138
BRDA:187,23,1,4136
BRDA:198,24,0,6
BRDA:198,24,1,129
BRDA:199,25,0,0
BRDA:199,25,1,135
BRDA:199,26,0,135
BRDA:199,26,1,135
BRDA:202,27,0,135
BRDA:202,27,1,29
BRDA:203,28,0,29
BRDA:203,28,1,106
BRDA:220,29,0,0
BRDA:220,29,1,135
BRDA:224,30,0,135
BRDA:224,30,1,9
BRDA:226,31,0,9
BRDA:226,31,1,126
BRDA:227,32,0,135
BRDA:227,32,1,133
BRDA:236,33,0,125
BRDA:236,33,1,10
BRDA:237,34,0,101
BRDA:237,34,1,34
BRDA:241,35,0,3
BRDA:241,35,1,132
BRDA:244,36,0,0
BRDA:244,36,1,135
BRDA:251,37,0,3
BRDA:251,37,1,132
BRDA:254,38,0,5
BRDA:254,38,1,130
BRDA:257,39,0,1
BRDA:257,39,1,134
BRDA:260,40,0,8
BRDA:260,40,1,127
BRDA:280,41,0,105
BRDA:280,41,1,30
BRDA:283,42,0,31
BRDA:283,42,1,104
BRDA:286,43,0,0
BRDA:286,43,1,135
BRDA:286,44,0,135
BRDA:286,44,1,33
BRDA:290,45,0,117
BRDA:290,45,1,18
BRDA:295,46,0,10
BRDA:295,46,1,8
BRF:101
BRH:96
end_of_record
TN:
SF:src/domain/validation/windowDraft.ts
FN:13,(anonymous_0)
FN:18,(anonymous_1)
FN:64,(anonymous_2)
FN:66,(anonymous_3)
FNF:4
FNH:4
FNDA:8,(anonymous_0)
FNDA:122,(anonymous_1)
FNDA:12,(anonymous_2)
FNDA:12,(anonymous_3)
DA:13,8
DA:18,5
DA:21,122
DA:22,122
DA:23,122
DA:25,122
DA:27,122
DA:28,2
DA:31,122
DA:36,4
DA:39,122
DA:40,120
DA:41,120
DA:43,120
DA:44,120
DA:45,120
DA:47,120
DA:55,6
DA:59,122
DA:60,12
DA:65,12
DA:67,12
DA:73,110
DA:74,110
DA:76,110
DA:83,110
LF:26
LH:26
BRDA:25,0,0,122
BRDA:25,0,1,5
BRDA:27,1,0,2
BRDA:27,1,1,120
BRDA:27,2,0,122
BRDA:27,2,1,120
BRDA:27,2,2,120
BRDA:31,3,0,4
BRDA:31,3,1,118
BRDA:32,4,0,122
BRDA:32,4,1,122
BRDA:32,4,2,120
BRDA:39,5,0,120
BRDA:39,5,1,2
BRDA:39,6,0,122
BRDA:39,6,1,120
BRDA:39,6,2,120
BRDA:43,7,0,115
BRDA:43,7,1,5
BRDA:47,8,0,6
BRDA:47,8,1,114
BRDA:48,9,0,120
BRDA:48,9,1,118
BRDA:48,9,2,117
BRDA:48,9,3,116
BRDA:48,9,4,115
BRDA:48,9,5,115
BRDA:48,9,6,3
BRDA:59,10,0,12
BRDA:59,10,1,110
BRDA:67,11,0,12
BRDA:67,11,1,12
BRDA:76,12,0,108
BRDA:76,12,1,2
BRF:34
BRH:34
end_of_record
TN:
SF:src/features/activity/ActivityDetailScreen.tsx
FN:20,ActivityDetailScreen
FN:24,(anonymous_1)
FNF:2
FNH:2
FNDA:1,ActivityDetailScreen
FNDA:1,(anonymous_1)
DA:21,1
DA:22,1
DA:23,1
DA:24,1
DA:27,1
LF:5
LH:5
BRDA:33,0,0,1
BRDA:33,0,1,0
BRDA:46,1,0,1
BRDA:46,1,1,0
BRDA:46,2,0,1
BRDA:46,2,1,1
BRF:6
BRH:4
end_of_record
TN:
SF:src/features/activity/ActivityScreen.tsx
FN:21,(anonymous_0)
FN:39,ActivityScreen
FN:51,(anonymous_2)
FN:56,(anonymous_3)
FNF:4
FNH:4
FNDA:4,(anonymous_0)
FNDA:1,ActivityScreen
FNDA:3,(anonymous_2)
FNDA:1,(anonymous_3)
DA:21,1
DA:25,4
DA:27,2
DA:29,1
DA:31,1
DA:33,0
DA:35,0
DA:40,1
DA:41,1
DA:43,1
DA:45,1
DA:52,3
DA:57,1
LF:13
LH:11
BRDA:25,0,0,2
BRDA:25,0,1,1
BRDA:25,0,2,1
BRDA:25,0,3,0
BRDA:25,0,4,0
BRDA:43,1,0,1
BRDA:43,1,1,0
BRF:7
BRH:4
end_of_record
TN:
SF:src/features/activity/AttentionScreen.tsx
FN:17,AttentionScreen
FN:49,(anonymous_1)
FNF:2
FNH:2
FNDA:2,AttentionScreen
FNDA:1,(anonymous_1)
DA:18,2
DA:19,2
DA:21,2
DA:49,1
LF:4
LH:4
BRDA:29,0,0,2
BRDA:29,0,1,0
BRDA:34,1,0,2
BRDA:34,1,1,0
BRDA:40,2,0,1
BRDA:40,2,1,1
BRF:6
BRH:4
end_of_record
TN:
SF:src/features/fixtures/data.ts
FN:51,(anonymous_0)
FNF:1
FNH:1
FNDA:12,(anonymous_0)
DA:13,1
DA:51,1
DA:52,12
DA:65,1
DA:75,1
LF:5
LH:5
BRF:0
BRH:0
end_of_record
TN:
SF:src/features/home/ApprovedMessageScreen.tsx
FN:20,ApprovedMessageScreen
FN:29,(anonymous_1)
FNF:2
FNH:2
FNDA:3,ApprovedMessageScreen
FNDA:3,(anonymous_1)
DA:26,3
DA:27,3
DA:29,3
DA:32,3
LF:4
LH:4
BRDA:29,0,0,3
BRDA:29,0,1,0
BRDA:39,1,0,3
BRDA:39,1,1,0
BRDA:44,2,0,1
BRDA:44,2,1,2
BRDA:53,3,0,1
BRDA:53,3,1,2
BRDA:56,4,0,1
BRDA:56,4,1,2
BRDA:62,5,0,2
BRDA:62,5,1,1
BRDA:64,6,0,1
BRDA:64,6,1,1
BRDA:83,7,0,2
BRDA:83,7,1,1
BRF:16
BRH:14
end_of_record
TN:
SF:src/features/home/HomeScreen.tsx
FN:33,HomeScreen
FN:42,(anonymous_1)
FN:46,(anonymous_2)
FN:47,(anonymous_3)
FN:48,(anonymous_4)
FN:49,(anonymous_5)
FNF:6
FNH:5
FNDA:6,HomeScreen
FNDA:6,(anonymous_1)
FNDA:0,(anonymous_2)
FNDA:2,(anonymous_3)
FNDA:1,(anonymous_4)
FNDA:1,(anonymous_5)
DA:40,6
DA:41,6
DA:42,6
DA:43,6
DA:46,6
DA:47,6
DA:48,6
DA:49,6
DA:51,6
DA:57,6
DA:61,6
DA:179,1
LF:12
LH:12
BRDA:51,0,0,1
BRDA:51,0,1,5
BRDA:53,1,0,4
BRDA:53,1,1,1
BRDA:57,2,0,5
BRDA:57,2,1,1
BRDA:69,3,0,5
BRDA:69,3,1,1
BRDA:74,4,0,0
BRDA:74,4,1,6
BRDA:76,5,0,1
BRDA:76,5,1,5
BRDA:77,6,0,1
BRDA:77,6,1,5
BRDA:84,7,0,6
BRDA:84,7,1,0
BRDA:94,8,0,5
BRDA:94,8,1,1
BRDA:139,9,0,5
BRDA:139,9,1,1
BRDA:162,10,0,0
BRDA:162,10,1,6
BRDA:165,11,0,0
BRDA:165,11,1,6
BRF:24
BRH:20
end_of_record
TN:
SF:src/features/live/LiveActivityScreen.tsx
FN:48,(anonymous_0)
FN:103,(anonymous_1)
FN:191,(anonymous_2)
FN:201,(anonymous_3)
FN:230,(anonymous_4)
FN:255,LiveActivityScreen
FN:272,(anonymous_6)
FN:279,(anonymous_7)
FN:331,(anonymous_8)
FN:343,(anonymous_9)
FN:346,(anonymous_10)
FN:357,(anonymous_11)
FN:358,(anonymous_12)
FN:360,(anonymous_13)
FN:376,(anonymous_14)
FN:377,(anonymous_15)
FN:380,(anonymous_16)
FN:383,(anonymous_17)
FN:393,(anonymous_18)
FN:416,(anonymous_19)
FN:427,(anonymous_20)
FN:448,(anonymous_21)
FN:488,(anonymous_22)
FN:530,(anonymous_23)
FN:546,(anonymous_24)
FN:581,(anonymous_25)
FN:614,(anonymous_26)
FN:681,(anonymous_27)
FN:704,(anonymous_28)
FN:708,(anonymous_29)
FN:750,(anonymous_30)
FN:764,(anonymous_31)
FN:777,(anonymous_32)
FN:798,(anonymous_33)
FN:800,(anonymous_34)
FN:814,(anonymous_35)
FN:816,(anonymous_36)
FN:829,(anonymous_37)
FN:852,(anonymous_38)
FN:852,(anonymous_39)
FN:894,(anonymous_40)
FN:894,(anonymous_41)
FN:913,LiveActivityDetailScreen
FN:927,(anonymous_43)
FN:942,(anonymous_44)
FN:962,(anonymous_45)
FN:1015,(anonymous_46)
FN:1015,(anonymous_47)
FN:1035,(anonymous_48)
FNF:49
FNH:36
FNDA:69,(anonymous_0)
FNDA:5,(anonymous_1)
FNDA:4,(anonymous_2)
FNDA:4,(anonymous_3)
FNDA:4,(anonymous_4)
FNDA:66,LiveActivityScreen
FNDA:26,(anonymous_6)
FNDA:28,(anonymous_7)
FNDA:7,(anonymous_8)
FNDA:14,(anonymous_9)
FNDA:14,(anonymous_10)
FNDA:14,(anonymous_11)
FNDA:2,(anonymous_12)
FNDA:2,(anonymous_13)
FNDA:14,(anonymous_14)
FNDA:0,(anonymous_15)
FNDA:14,(anonymous_16)
FNDA:41,(anonymous_17)
FNDA:58,(anonymous_18)
FNDA:41,(anonymous_19)
FNDA:13,(anonymous_20)
FNDA:10,(anonymous_21)
FNDA:1,(anonymous_22)
FNDA:4,(anonymous_23)
FNDA:8,(anonymous_24)
FNDA:12,(anonymous_25)
FNDA:6,(anonymous_26)
FNDA:0,(anonymous_27)
FNDA:0,(anonymous_28)
FNDA:0,(anonymous_29)
FNDA:0,(anonymous_30)
FNDA:31,(anonymous_31)
FNDA:4,(anonymous_32)
FNDA:0,(anonymous_33)
FNDA:0,(anonymous_34)
FNDA:0,(anonymous_35)
FNDA:0,(anonymous_36)
FNDA:0,(anonymous_37)
FNDA:8,(anonymous_38)
FNDA:0,(anonymous_39)
FNDA:6,(anonymous_40)
FNDA:0,(anonymous_41)
FNDA:13,LiveActivityDetailScreen
FNDA:4,(anonymous_43)
FNDA:4,(anonymous_44)
FNDA:0,(anonymous_45)
FNDA:1,(anonymous_46)
FNDA:1,(anonymous_47)
FNDA:3,(anonymous_48)
DA:48,3
DA:49,69
DA:51,5
DA:56,0
DA:63,0
DA:65,64
DA:69,3
DA:96,3
DA:103,3
DA:113,5
DA:115,0
DA:122,0
DA:129,0
DA:136,0
DA:143,0
DA:150,0
DA:157,5
DA:161,3
DA:163,3
DA:168,3
DA:173,3
DA:191,3
DA:194,4
DA:195,4
DA:197,0
DA:201,3
DA:209,4
DA:211,4
DA:212,4
DA:215,4
DA:216,4
DA:220,0
DA:228,4
DA:229,4
DA:230,4
DA:232,4
DA:233,4
DA:238,0
DA:239,0
DA:240,0
DA:245,0
DA:246,0
DA:248,0
DA:249,0
DA:252,0
DA:266,66
DA:267,66
DA:270,66
DA:271,66
DA:273,26
DA:278,66
DA:279,66
DA:280,66
DA:281,66
DA:282,66
DA:283,66
DA:284,66
DA:286,66
DA:287,66
DA:288,66
DA:289,66
DA:290,66
DA:291,66
DA:292,66
DA:293,66
DA:296,66
DA:297,66
DA:298,66
DA:299,66
DA:302,66
DA:306,66
DA:310,66
DA:314,66
DA:318,66
DA:321,66
DA:325,66
DA:326,66
DA:327,66
DA:328,66
DA:329,66
DA:331,66
DA:332,7
DA:333,7
DA:334,7
DA:335,7
DA:336,7
DA:337,7
DA:338,7
DA:339,7
DA:340,7
DA:343,66
DA:344,14
DA:345,14
DA:346,14
DA:347,14
DA:348,14
DA:349,14
DA:350,14
DA:351,14
DA:352,14
DA:356,66
DA:358,14
DA:359,2
DA:360,2
DA:362,0
DA:364,2
DA:368,1
DA:369,1
DA:371,1
DA:376,66
DA:377,14
DA:378,0
DA:380,14
DA:383,66
DA:384,41
DA:385,0
DA:389,0
DA:393,66
DA:394,58
DA:403,56
DA:405,2
DA:406,2
DA:407,2
DA:416,66
DA:421,41
DA:427,66
DA:431,13
DA:432,13
DA:437,0
DA:439,13
DA:440,13
DA:441,13
DA:442,13
DA:443,13
DA:444,13
DA:445,13
DA:448,66
DA:461,10
DA:462,0
DA:464,10
DA:467,10
DA:471,10
DA:472,0
DA:474,10
DA:475,1
DA:480,9
DA:481,0
DA:486,9
DA:488,1
DA:489,9
DA:490,0
DA:495,9
DA:499,1
DA:508,8
DA:514,0
DA:519,8
DA:520,8
DA:521,8
DA:522,6
DA:527,8
DA:530,66
DA:534,4
DA:535,4
DA:536,4
DA:537,4
DA:538,4
DA:539,2
DA:546,66
DA:547,8
DA:548,8
DA:549,8
DA:550,8
DA:551,8
DA:552,8
DA:553,8
DA:554,8
DA:555,8
DA:556,8
DA:559,8
DA:560,8
DA:565,0
DA:567,8
DA:568,7
DA:569,0
DA:570,0
DA:572,7
DA:573,7
DA:575,7
DA:581,12
DA:583,7
DA:584,1
DA:585,1
DA:587,6
DA:594,6
DA:595,6
DA:596,0
DA:597,0
DA:599,6
DA:600,0
DA:602,6
DA:607,6
DA:608,6
DA:609,6
DA:610,6
DA:611,6
DA:614,66
DA:615,6
DA:616,5
DA:617,5
DA:618,5
DA:623,0
DA:624,0
DA:626,5
DA:630,5
DA:631,5
DA:632,5
DA:633,5
DA:634,5
DA:635,5
DA:638,5
DA:639,5
DA:644,0
DA:646,5
DA:653,0
DA:655,5
DA:656,0
DA:657,0
DA:659,5
DA:660,1
DA:661,1
DA:663,4
DA:664,4
DA:671,4
DA:672,4
DA:673,2
DA:674,2
DA:676,2
DA:677,0
DA:679,2
DA:681,0
DA:682,2
DA:683,0
DA:684,0
DA:687,2
DA:688,2
DA:689,2
DA:690,2
DA:691,2
DA:693,0
DA:695,2
DA:696,2
DA:703,2
DA:704,2
DA:708,66
DA:709,0
DA:710,0
DA:714,66
DA:720,66
DA:724,66
DA:729,66
DA:750,0
DA:765,31
DA:769,31
DA:772,31
DA:777,4
DA:799,0
DA:800,0
DA:815,0
DA:816,0
DA:829,0
DA:852,8
DA:894,6
DA:924,13
DA:925,13
DA:926,13
DA:927,4
DA:930,13
DA:932,13
DA:937,13
DA:939,13
DA:942,13
DA:943,13
DA:962,0
DA:1015,1
DA:1035,3
LF:285
LH:231
BRDA:49,0,0,5
BRDA:49,0,1,0
BRDA:49,0,2,0
BRDA:49,0,3,0
BRDA:49,0,4,0
BRDA:49,0,5,0
BRDA:49,0,6,0
BRDA:49,0,7,0
BRDA:49,0,8,0
BRDA:49,0,9,0
BRDA:49,0,10,0
BRDA:49,0,11,64
BRDA:113,1,0,0
BRDA:113,1,1,0
BRDA:113,1,2,0
BRDA:113,1,3,0
BRDA:113,1,4,0
BRDA:113,1,5,0
BRDA:113,1,6,5
BRDA:213,2,0,4
BRDA:213,2,1,0
BRDA:215,3,0,0
BRDA:215,3,1,4
BRDA:216,4,0,0
BRDA:216,4,1,4
BRDA:217,5,0,4
BRDA:217,5,1,0
BRDA:232,6,0,4
BRDA:232,6,1,0
BRDA:239,7,0,0
BRDA:239,7,1,0
BRDA:245,8,0,0
BRDA:245,8,1,0
BRDA:270,9,0,66
BRDA:270,9,1,66
BRDA:274,10,0,26
BRDA:274,10,1,0
BRDA:302,11,0,66
BRDA:302,11,1,38
BRDA:302,11,2,38
BRDA:306,12,0,66
BRDA:306,12,1,38
BRDA:306,12,2,37
BRDA:310,13,0,38
BRDA:310,13,1,28
BRDA:314,14,0,38
BRDA:314,14,1,28
BRDA:318,15,0,33
BRDA:318,15,1,33
BRDA:318,16,0,66
BRDA:318,16,1,38
BRDA:318,16,2,37
BRDA:323,17,0,33
BRDA:323,17,1,33
BRDA:338,18,0,0
BRDA:338,18,1,7
BRDA:359,19,0,0
BRDA:359,19,1,2
BRDA:360,20,0,2
BRDA:360,20,1,0
BRDA:364,21,0,1
BRDA:364,21,1,1
BRDA:365,22,0,2
BRDA:365,22,1,1
BRDA:371,23,0,1
BRDA:371,23,1,0
BRDA:378,24,0,0
BRDA:378,24,1,0
BRDA:384,25,0,41
BRDA:384,25,1,0
BRDA:385,26,0,0
BRDA:385,26,1,0
BRDA:386,27,0,0
BRDA:386,27,1,0
BRDA:394,28,0,56
BRDA:394,28,1,2
BRDA:395,29,0,58
BRDA:395,29,1,2
BRDA:395,29,2,2
BRDA:395,29,3,2
BRDA:395,29,4,2
BRDA:395,29,5,2
BRDA:395,29,6,2
BRDA:421,30,0,41
BRDA:421,30,1,41
BRDA:421,30,2,40
BRDA:421,30,3,40
BRDA:421,30,4,40
BRDA:432,31,0,0
BRDA:432,31,1,13
BRDA:433,32,0,13
BRDA:433,32,1,13
BRDA:433,32,2,13
BRDA:461,33,0,0
BRDA:461,33,1,10
BRDA:464,34,0,4
BRDA:464,34,1,6
BRDA:471,35,0,0
BRDA:471,35,1,10
BRDA:474,36,0,1
BRDA:474,36,1,9
BRDA:480,37,0,0
BRDA:480,37,1,9
BRDA:489,38,0,0
BRDA:489,38,1,9
BRDA:495,39,0,1
BRDA:495,39,1,8
BRDA:496,40,0,9
BRDA:496,40,1,9
BRDA:502,41,0,1
BRDA:502,41,1,0
BRDA:508,42,0,0
BRDA:508,42,1,8
BRDA:509,43,0,8
BRDA:509,43,1,2
BRDA:509,43,2,2
BRDA:509,43,3,2
BRDA:521,44,0,6
BRDA:521,44,1,2
BRDA:532,45,0,3
BRDA:535,46,0,0
BRDA:535,46,1,4
BRDA:538,47,0,2
BRDA:538,47,1,2
BRDA:538,48,0,4
BRDA:538,48,1,3
BRDA:548,49,0,0
BRDA:548,49,1,8
BRDA:548,50,0,8
BRDA:548,50,1,8
BRDA:551,51,0,0
BRDA:551,51,1,8
BRDA:567,52,0,1
BRDA:567,52,1,7
BRDA:568,53,0,0
BRDA:568,53,1,7
BRDA:575,54,0,7
BRDA:575,54,1,7
BRDA:575,54,2,7
BRDA:575,54,3,7
BRDA:575,54,4,6
BRDA:575,54,5,6
BRDA:583,55,0,1
BRDA:583,55,1,6
BRDA:594,56,0,0
BRDA:594,56,1,6
BRDA:595,57,0,0
BRDA:595,57,1,6
BRDA:599,58,0,0
BRDA:599,58,1,6
BRDA:615,59,0,1
BRDA:615,59,1,5
BRDA:618,60,0,0
BRDA:618,60,1,5
BRDA:619,61,0,5
BRDA:619,61,1,5
BRDA:619,61,2,5
BRDA:630,62,0,0
BRDA:630,62,1,5
BRDA:646,63,0,0
BRDA:646,63,1,5
BRDA:655,64,0,0
BRDA:655,64,1,5
BRDA:659,65,0,1
BRDA:659,65,1,4
BRDA:671,66,0,0
BRDA:671,66,1,4
BRDA:672,67,0,2
BRDA:672,67,1,2
BRDA:676,68,0,0
BRDA:676,68,1,2
BRDA:682,69,0,0
BRDA:682,69,1,2
BRDA:688,70,0,0
BRDA:688,70,1,2
BRDA:689,71,0,2
BRDA:689,71,1,0
BRDA:697,72,0,2
BRDA:697,72,1,0
BRDA:699,73,0,0
BRDA:699,73,1,0
BRDA:703,74,0,2
BRDA:703,74,1,0
BRDA:703,75,0,2
BRDA:703,75,1,2
BRDA:714,76,0,6
BRDA:714,76,1,60
BRDA:714,77,0,66
BRDA:714,77,1,6
BRDA:714,77,2,6
BRDA:720,78,0,36
BRDA:720,78,1,30
BRDA:720,79,0,66
BRDA:720,79,1,64
BRDA:724,80,0,66
BRDA:724,80,1,64
BRDA:724,80,2,31
BRDA:724,80,3,31
BRDA:743,81,0,28
BRDA:743,81,1,38
BRDA:746,82,0,0
BRDA:746,82,1,66
BRDA:753,83,0,38
BRDA:753,83,1,28
BRDA:755,84,0,0
BRDA:755,84,1,38
BRDA:758,85,0,7
BRDA:758,85,1,31
BRDA:769,86,0,27
BRDA:769,86,1,4
BRDA:780,87,0,0
BRDA:780,87,1,31
BRDA:780,88,0,31
BRDA:780,88,1,31
BRDA:790,89,0,0
BRDA:790,89,1,38
BRDA:790,90,0,38
BRDA:790,90,1,36
BRDA:794,91,0,0
BRDA:794,91,1,0
BRDA:794,91,2,0
BRDA:805,92,0,0
BRDA:805,92,1,38
BRDA:805,93,0,38
BRDA:805,93,1,36
BRDA:810,94,0,0
BRDA:810,94,1,0
BRDA:810,94,2,0
BRDA:818,95,0,0
BRDA:818,95,1,0
BRDA:819,96,0,0
BRDA:819,96,1,0
BRDA:825,97,0,0
BRDA:825,97,1,38
BRDA:833,98,0,0
BRDA:833,98,1,38
BRDA:833,99,0,38
BRDA:833,99,1,38
BRDA:837,100,0,18
BRDA:837,100,1,20
BRDA:837,101,0,38
BRDA:837,101,1,24
BRDA:847,102,0,6
BRDA:847,102,1,12
BRDA:858,103,0,6
BRDA:858,103,1,32
BRDA:871,104,0,6
BRDA:871,104,1,0
BRDA:878,105,0,6
BRDA:878,105,1,0
BRDA:889,106,0,0
BRDA:889,106,1,6
BRDA:932,107,0,5
BRDA:932,107,1,8
BRDA:932,108,0,13
BRDA:932,108,1,5
BRDA:932,108,2,5
BRDA:937,109,0,5
BRDA:937,109,1,8
BRDA:939,110,0,13
BRDA:939,110,1,5
BRDA:939,110,2,5
BRDA:955,111,0,8
BRDA:955,111,1,5
BRDA:958,112,0,0
BRDA:958,112,1,13
BRDA:965,113,0,0
BRDA:965,113,1,13
BRDA:965,114,0,13
BRDA:965,114,1,5
BRDA:968,115,0,0
BRDA:968,115,1,13
BRDA:968,116,0,13
BRDA:968,116,1,5
BRDA:973,117,0,5
BRDA:973,117,1,8
BRDA:984,118,0,2
BRDA:984,118,1,3
BRDA:991,119,0,0
BRDA:991,119,1,5
BRDA:999,120,0,0
BRDA:999,120,1,5
BRDA:1007,121,0,2
BRDA:1007,121,1,3
BRDA:1011,122,0,1
BRDA:1011,122,1,1
BRDA:1019,123,0,1
BRDA:1019,123,1,1
BRDA:1032,124,0,4
BRDA:1032,124,1,1
BRDA:1032,125,0,5
BRDA:1032,125,1,4
BRF:292
BRH:203
end_of_record
TN:
SF:src/features/live/LiveAndroidDeviceControls.tsx
FN:68,LiveAndroidDeviceControls
FN:85,(anonymous_1)
FN:92,(anonymous_2)
FN:136,(anonymous_3)
FN:138,(anonymous_4)
FN:145,(anonymous_5)
FN:146,(anonymous_6)
FN:160,(anonymous_7)
FN:161,(anonymous_8)
FN:169,(anonymous_9)
FN:172,(anonymous_10)
FN:176,(anonymous_11)
FN:213,(anonymous_12)
FN:245,(anonymous_13)
FN:295,(anonymous_14)
FN:332,(anonymous_15)
FN:373,(anonymous_16)
FN:387,(anonymous_17)
FN:482,(anonymous_18)
FN:485,(anonymous_19)
FN:495,(anonymous_20)
FN:503,(anonymous_21)
FN:507,(anonymous_22)
FN:509,(anonymous_23)
FN:543,(anonymous_24)
FN:558,(anonymous_25)
FN:690,(anonymous_26)
FN:718,(anonymous_27)
FN:767,(anonymous_28)
FN:809,(anonymous_29)
FN:810,(anonymous_30)
FNF:31
FNH:27
FNDA:290,LiveAndroidDeviceControls
FNDA:80,(anonymous_1)
FNDA:102,(anonymous_2)
FNDA:75,(anonymous_3)
FNDA:75,(anonymous_4)
FNDA:75,(anonymous_5)
FNDA:8,(anonymous_6)
FNDA:75,(anonymous_7)
FNDA:3,(anonymous_8)
FNDA:75,(anonymous_9)
FNDA:25,(anonymous_10)
FNDA:1,(anonymous_11)
FNDA:1,(anonymous_12)
FNDA:7,(anonymous_13)
FNDA:2,(anonymous_14)
FNDA:6,(anonymous_15)
FNDA:10,(anonymous_16)
FNDA:0,(anonymous_17)
FNDA:77,(anonymous_18)
FNDA:77,(anonymous_19)
FNDA:85,(anonymous_20)
FNDA:1,(anonymous_21)
FNDA:5,(anonymous_22)
FNDA:87,(anonymous_23)
FNDA:0,(anonymous_24)
FNDA:0,(anonymous_25)
FNDA:15,(anonymous_26)
FNDA:0,(anonymous_27)
FNDA:6,(anonymous_28)
FNDA:1,(anonymous_29)
FNDA:1,(anonymous_30)
DA:38,3
DA:51,3
DA:66,3
DA:83,290
DA:84,290
DA:85,80
DA:88,290
DA:91,290
DA:92,102
DA:95,290
DA:100,290
DA:101,290
DA:102,290
DA:103,290
DA:104,290
DA:105,290
DA:106,290
DA:107,290
DA:116,290
DA:121,290
DA:122,290
DA:123,290
DA:127,290
DA:130,290
DA:136,290
DA:137,75
DA:138,75
DA:139,75
DA:140,75
DA:144,290
DA:146,75
DA:147,8
DA:152,6
DA:153,6
DA:154,6
DA:155,6
DA:160,290
DA:161,75
DA:162,3
DA:163,3
DA:164,3
DA:165,3
DA:166,3
DA:169,75
DA:172,290
DA:173,25
DA:176,290
DA:177,1
DA:185,0
DA:187,1
DA:188,1
DA:189,1
DA:193,1
DA:194,1
DA:196,0
DA:198,1
DA:199,0
DA:201,1
DA:208,1
DA:210,1
DA:213,290
DA:214,1
DA:222,0
DA:224,1
DA:225,1
DA:226,1
DA:228,1
DA:229,1
DA:231,0
DA:233,1
DA:234,0
DA:236,1
DA:242,1
DA:245,290
DA:246,7
DA:253,0
DA:254,7
DA:255,7
DA:256,7
DA:257,7
DA:258,7
DA:259,7
DA:260,7
DA:261,7
DA:263,7
DA:264,7
DA:268,0
DA:270,7
DA:277,2
DA:279,5
DA:280,0
DA:281,0
DA:283,0
DA:285,5
DA:292,5
DA:295,290
DA:296,2
DA:305,0
DA:306,2
DA:307,2
DA:308,2
DA:310,2
DA:311,2
DA:316,0
DA:318,2
DA:319,0
DA:320,0
DA:322,0
DA:324,2
DA:325,2
DA:326,2
DA:327,2
DA:329,2
DA:332,290
DA:338,6
DA:346,0
DA:347,6
DA:348,6
DA:349,6
DA:351,6
DA:352,6
DA:357,0
DA:359,6
DA:360,0
DA:362,6
DA:367,6
DA:368,6
DA:370,6
DA:373,290
DA:374,10
DA:375,10
DA:376,10
DA:377,10
DA:378,10
DA:379,10
DA:380,10
DA:381,10
DA:383,10
DA:387,290
DA:388,0
DA:389,0
DA:390,0
DA:391,0
DA:392,0
DA:394,0
DA:399,290
DA:402,290
DA:404,290
DA:412,290
DA:422,290
DA:425,290
DA:428,290
DA:430,290
DA:433,290
DA:438,290
DA:439,290
DA:446,290
DA:456,290
DA:465,290
DA:479,290
DA:482,290
DA:483,77
DA:484,77
DA:485,77
DA:486,77
DA:495,290
DA:496,85
DA:497,5
DA:498,5
DA:499,0
DA:500,0
DA:501,0
DA:503,5
DA:504,1
DA:505,1
DA:507,5
DA:509,290
DA:510,87
DA:515,0
DA:519,290
DA:543,0
DA:558,0
DA:691,15
DA:718,0
DA:767,6
DA:810,1
LF:186
LH:154
BRDA:74,0,0,0
BRDA:116,1,0,271
BRDA:116,1,1,19
BRDA:116,2,0,290
BRDA:116,2,1,271
BRDA:121,3,0,68
BRDA:121,3,1,222
BRDA:124,4,0,290
BRDA:124,4,1,271
BRDA:127,5,0,290
BRDA:127,5,1,140
BRDA:127,5,2,138
BRDA:147,6,0,6
BRDA:147,6,1,2
BRDA:148,7,0,8
BRDA:148,7,1,6
BRDA:148,7,2,5
BRDA:162,8,0,3
BRDA:162,8,1,0
BRDA:177,9,0,0
BRDA:177,9,1,1
BRDA:178,10,0,1
BRDA:178,10,1,1
BRDA:178,10,2,1
BRDA:178,10,3,1
BRDA:178,10,4,1
BRDA:178,10,5,1
BRDA:198,11,0,0
BRDA:198,11,1,1
BRDA:202,12,0,0
BRDA:202,12,1,1
BRDA:204,13,0,0
BRDA:204,13,1,1
BRDA:214,14,0,0
BRDA:214,14,1,1
BRDA:215,15,0,1
BRDA:215,15,1,1
BRDA:215,15,2,1
BRDA:215,15,3,1
BRDA:215,15,4,1
BRDA:215,15,5,1
BRDA:233,16,0,0
BRDA:233,16,1,1
BRDA:237,17,0,1
BRDA:237,17,1,0
BRDA:246,18,0,0
BRDA:246,18,1,7
BRDA:247,19,0,7
BRDA:247,19,1,7
BRDA:247,19,2,7
BRDA:247,19,3,7
BRDA:247,19,4,7
BRDA:247,19,5,0
BRDA:270,20,0,2
BRDA:270,20,1,5
BRDA:271,21,0,7
BRDA:271,21,1,7
BRDA:271,21,2,5
BRDA:271,21,3,5
BRDA:271,21,4,5
BRDA:279,22,0,0
BRDA:279,22,1,5
BRDA:280,23,0,0
BRDA:280,23,1,0
BRDA:296,24,0,0
BRDA:296,24,1,2
BRDA:297,25,0,2
BRDA:297,25,1,2
BRDA:297,25,2,2
BRDA:297,25,3,2
BRDA:297,25,4,2
BRDA:297,25,5,2
BRDA:297,25,6,2
BRDA:318,26,0,0
BRDA:318,26,1,2
BRDA:319,27,0,0
BRDA:319,27,1,0
BRDA:338,28,0,0
BRDA:338,28,1,6
BRDA:339,29,0,6
BRDA:339,29,1,6
BRDA:339,29,2,6
BRDA:339,29,3,6
BRDA:339,29,4,6
BRDA:339,29,5,6
BRDA:353,30,0,2
BRDA:353,30,1,4
BRDA:359,31,0,0
BRDA:359,31,1,6
BRDA:363,32,0,2
BRDA:363,32,1,4
BRDA:374,33,0,0
BRDA:374,33,1,10
BRDA:374,34,0,10
BRDA:374,34,1,10
BRDA:399,35,0,138
BRDA:399,35,1,152
BRDA:402,36,0,290
BRDA:402,36,1,222
BRDA:404,37,0,51
BRDA:404,37,1,239
BRDA:404,38,0,290
BRDA:404,38,1,138
BRDA:404,38,2,56
BRDA:404,38,3,54
BRDA:404,38,4,52
BRDA:404,38,5,4
BRDA:413,39,0,290
BRDA:413,39,1,51
BRDA:413,39,2,33
BRDA:415,40,0,3
BRDA:415,40,1,30
BRDA:417,41,0,9
BRDA:417,41,1,21
BRDA:419,42,0,21
BRDA:419,42,1,14
BRDA:422,43,0,2
BRDA:422,43,1,288
BRDA:422,44,0,290
BRDA:422,44,1,2
BRDA:426,45,0,290
BRDA:426,45,1,4
BRDA:428,46,0,290
BRDA:428,46,1,239
BRDA:430,47,0,290
BRDA:430,47,1,2
BRDA:431,48,0,2
BRDA:431,48,1,1
BRDA:433,49,0,290
BRDA:433,49,1,138
BRDA:433,49,2,137
BRDA:433,49,3,137
BRDA:438,50,0,290
BRDA:438,50,1,138
BRDA:440,51,0,290
BRDA:440,51,1,181
BRDA:440,51,2,181
BRDA:440,51,3,160
BRDA:440,51,4,160
BRDA:447,52,0,290
BRDA:447,52,1,174
BRDA:447,52,2,174
BRDA:447,52,3,140
BRDA:447,52,4,127
BRDA:447,52,5,51
BRDA:447,52,6,49
BRDA:447,52,7,47
BRDA:457,53,0,290
BRDA:457,53,1,5
BRDA:457,53,2,5
BRDA:457,53,3,5
BRDA:457,53,4,5
BRDA:457,53,5,5
BRDA:457,53,6,5
BRDA:466,54,0,290
BRDA:466,54,1,138
BRDA:466,54,2,81
BRDA:466,54,3,80
BRDA:466,54,4,74
BRDA:466,54,5,66
BRDA:466,54,6,48
BRDA:466,54,7,48
BRDA:466,54,8,45
BRDA:466,54,9,45
BRDA:466,54,10,43
BRDA:466,54,11,20
BRDA:466,54,12,1
BRDA:466,54,13,42
BRDA:466,54,14,5
BRDA:468,55,0,81
BRDA:468,55,1,1
BRDA:473,56,0,48
BRDA:473,56,1,26
BRDA:475,57,0,45
BRDA:475,57,1,2
BRDA:480,58,0,290
BRDA:480,58,1,290
BRDA:480,58,2,10
BRDA:486,59,0,0
BRDA:486,59,1,77
BRDA:486,60,0,77
BRDA:486,60,1,77
BRDA:496,61,0,80
BRDA:496,61,1,5
BRDA:498,62,0,0
BRDA:498,62,1,5
BRDA:510,63,0,0
BRDA:510,63,1,87
BRDA:511,64,0,87
BRDA:511,64,1,5
BRDA:511,64,2,5
BRDA:511,64,3,5
BRDA:522,65,0,0
BRDA:522,65,1,290
BRDA:530,66,0,87
BRDA:530,66,1,203
BRDA:536,67,0,76
BRDA:536,67,1,214
BRDA:536,68,0,290
BRDA:536,68,1,87
BRDA:539,69,0,0
BRDA:539,69,1,290
BRDA:539,70,0,290
BRDA:539,70,1,87
BRDA:546,71,0,11
BRDA:546,71,1,279
BRDA:546,72,0,290
BRDA:546,72,1,87
BRDA:548,73,0,2
BRDA:548,73,1,9
BRDA:556,74,0,2
BRDA:556,74,1,2
BRDA:565,75,0,2
BRDA:565,75,1,9
BRDA:567,76,0,0
BRDA:567,76,1,9
BRDA:569,77,0,4
BRDA:569,77,1,5
BRDA:575,78,0,2
BRDA:575,78,1,9
BRDA:577,79,0,0
BRDA:577,79,1,9
BRDA:582,80,0,3
BRDA:582,80,1,8
BRDA:582,81,0,11
BRDA:582,81,1,5
BRDA:582,81,2,5
BRDA:582,81,3,3
BRDA:593,82,0,4
BRDA:593,82,1,7
BRDA:593,83,0,11
BRDA:593,83,1,6
BRDA:593,83,2,6
BRDA:593,83,3,4
BRDA:609,84,0,130
BRDA:609,84,1,160
BRDA:615,85,0,48
BRDA:615,85,1,242
BRDA:615,86,0,290
BRDA:615,86,1,150
BRDA:618,87,0,1
BRDA:618,87,1,289
BRDA:618,88,0,290
BRDA:618,88,1,2
BRDA:619,89,0,2
BRDA:619,89,1,1
BRDA:627,90,0,0
BRDA:627,90,1,290
BRDA:627,91,0,290
BRDA:627,91,1,138
BRDA:627,91,2,0
BRDA:632,92,0,38
BRDA:632,92,1,252
BRDA:635,93,0,38
BRDA:635,93,1,26
BRDA:640,94,0,1
BRDA:640,94,1,289
BRDA:640,95,0,290
BRDA:640,95,1,1
BRDA:655,96,0,14
BRDA:655,96,1,276
BRDA:655,97,0,290
BRDA:655,97,1,82
BRDA:655,97,2,25
BRDA:655,97,3,20
BRDA:668,98,0,14
BRDA:668,98,1,13
BRDA:668,98,2,13
BRDA:677,99,0,1
BRDA:677,99,1,289
BRDA:677,100,0,290
BRDA:677,100,1,82
BRDA:685,101,0,5
BRDA:685,101,1,285
BRDA:685,102,0,290
BRDA:685,102,1,5
BRDA:701,103,0,5
BRDA:701,103,1,0
BRDA:723,104,0,53
BRDA:723,104,1,237
BRDA:723,105,0,290
BRDA:723,105,1,53
BRDA:728,106,0,3
BRDA:728,106,1,50
BRDA:730,107,0,2
BRDA:730,107,1,48
BRDA:735,108,0,32
BRDA:735,108,1,21
BRDA:741,109,0,15
BRDA:741,109,1,38
BRDA:748,110,0,15
BRDA:748,110,1,38
BRDA:755,111,0,20
BRDA:755,111,1,33
BRDA:755,112,0,53
BRDA:755,112,1,35
BRDA:755,112,2,20
BRDA:755,112,3,48
BRDA:755,112,4,26
BRDA:763,113,0,20
BRDA:763,113,1,15
BRDA:763,113,2,15
BRDA:771,114,0,0
BRDA:771,114,1,53
BRDA:771,115,0,53
BRDA:771,115,1,2
BRDA:771,115,2,0
BRDA:777,116,0,0
BRDA:777,116,1,0
BRDA:777,116,2,0
BRDA:785,117,0,3
BRDA:785,117,1,50
BRDA:785,118,0,53
BRDA:785,118,1,3
BRDA:785,118,2,3
BRDA:801,119,0,32
BRDA:801,119,1,21
BRDA:805,120,0,1
BRDA:805,120,1,31
BRDA:815,121,0,1
BRDA:815,121,1,31
BRF:321
BRH:285
end_of_record
TN:
SF:src/features/live/LiveAppPort.ts
FNF:0
FNH:0
LF:0
LH:0
BRF:0
BRH:0
end_of_record
TN:
SF:src/features/live/LiveAppShell.tsx
FN:106,useLiveNavigationDependencies
FN:116,navigateToTab
FN:125,navigateToLeafFromTab
FN:134,navigateToLeafFromHome
FN:141,navigateToPerson
FN:149,navigateToActivityRecovery
FN:168,useRootNavigation
FN:178,LiveRouteFrame
FN:200,LiveHomeRoute
FN:210,(anonymous_9)
FN:211,(anonymous_10)
FN:212,(anonymous_11)
FN:215,(anonymous_12)
FN:216,(anonymous_13)
FN:225,LivePeopleRoute
FN:232,(anonymous_15)
FN:239,LiveSettingsRoute
FN:247,(anonymous_17)
FN:250,(anonymous_18)
FN:253,(anonymous_19)
FN:256,(anonymous_20)
FN:259,(anonymous_21)
FN:268,LivePersonRoute
FN:282,(anonymous_23)
FN:289,LiveActivityRoute
FN:298,(anonymous_25)
FN:299,(anonymous_26)
FN:308,LiveActivityDetailRoute
FN:321,(anonymous_28)
FN:322,(anonymous_29)
FN:331,LiveAttentionRoute
FN:342,(anonymous_31)
FN:343,(anonymous_32)
FN:346,(anonymous_33)
FN:347,(anonymous_34)
FN:348,(anonymous_35)
FN:355,LiveAutomationRoute
FN:367,(anonymous_37)
FN:368,(anonymous_38)
FN:369,(anonymous_39)
FN:376,LiveDiagnosticsRoute
FN:386,(anonymous_41)
FN:391,LiveHelpLegalRoute
FN:399,(anonymous_43)
FN:400,(anonymous_44)
FN:408,LiveMessageRoute
FN:415,(anonymous_46)
FN:420,LivePrivacyRoute
FN:429,(anonymous_48)
FN:431,(anonymous_49)
FN:441,LiveScheduleRoute
FN:452,(anonymous_51)
FN:460,LiveTabButton
FN:488,(anonymous_53)
FN:513,LiveTabBar
FN:533,(anonymous_55)
FN:544,(anonymous_56)
FN:548,(anonymous_57)
FN:568,(anonymous_58)
FN:572,LiveMainTabs
FN:592,LiveAppShell
FN:608,(anonymous_61)
FN:626,(anonymous_62)
FN:640,(anonymous_63)
FN:647,(anonymous_64)
FN:654,(anonymous_65)
FN:677,(anonymous_66)
FN:678,(anonymous_67)
FN:682,(anonymous_68)
FN:684,(anonymous_69)
FNF:70
FNH:58
FNDA:500,useLiveNavigationDependencies
FNDA:1,navigateToTab
FNDA:41,navigateToLeafFromTab
FNDA:11,navigateToLeafFromHome
FNDA:17,navigateToPerson
FNDA:2,navigateToActivityRecovery
FNDA:151,useRootNavigation
FNDA:415,LiveRouteFrame
FNDA:88,LiveHomeRoute
FNDA:5,(anonymous_9)
FNDA:2,(anonymous_10)
FNDA:2,(anonymous_11)
FNDA:0,(anonymous_12)
FNDA:0,(anonymous_13)
FNDA:23,LivePeopleRoute
FNDA:17,(anonymous_15)
FNDA:40,LiveSettingsRoute
FNDA:7,(anonymous_17)
FNDA:3,(anonymous_18)
FNDA:4,(anonymous_19)
FNDA:12,(anonymous_20)
FNDA:3,(anonymous_21)
FNDA:17,LivePersonRoute
FNDA:0,(anonymous_23)
FNDA:5,LiveActivityRoute
FNDA:1,(anonymous_25)
FNDA:3,(anonymous_26)
FNDA:3,LiveActivityDetailRoute
FNDA:0,(anonymous_28)
FNDA:2,(anonymous_29)
FNDA:3,LiveAttentionRoute
FNDA:1,(anonymous_31)
FNDA:0,(anonymous_32)
FNDA:0,(anonymous_33)
FNDA:0,(anonymous_34)
FNDA:0,(anonymous_35)
FNDA:10,LiveAutomationRoute
FNDA:4,(anonymous_37)
FNDA:0,(anonymous_38)
FNDA:1,(anonymous_39)
FNDA:1,LiveDiagnosticsRoute
FNDA:1,(anonymous_41)
FNDA:4,LiveHelpLegalRoute
FNDA:2,(anonymous_43)
FNDA:1,(anonymous_44)
FNDA:4,LiveMessageRoute
FNDA:1,(anonymous_46)
FNDA:17,LivePrivacyRoute
FNDA:1,(anonymous_48)
FNDA:1,(anonymous_49)
FNDA:4,LiveScheduleRoute
FNDA:2,(anonymous_51)
FNDA:843,LiveTabButton
FNDA:845,(anonymous_53)
FNDA:281,LiveTabBar
FNDA:843,(anonymous_55)
FNDA:0,(anonymous_56)
FNDA:56,(anonymous_57)
FNDA:275,(anonymous_58)
FNDA:140,LiveMainTabs
FNDA:91,LiveAppShell
FNDA:87,(anonymous_61)
FNDA:81,(anonymous_62)
FNDA:82,(anonymous_63)
FNDA:81,(anonymous_64)
FNDA:79,(anonymous_65)
FNDA:1,(anonymous_66)
FNDA:0,(anonymous_67)
FNDA:0,(anonymous_68)
FNDA:78,(anonymous_69)
DA:90,2
DA:91,2
DA:102,2
DA:107,500
DA:108,500
DA:109,0
DA:113,500
DA:120,1
DA:130,41
DA:131,41
DA:138,11
DA:145,17
DA:146,17
DA:153,2
DA:155,0
DA:156,0
DA:158,1
DA:159,1
DA:161,1
DA:162,1
DA:164,0
DA:170,151
DA:171,151
DA:172,151
DA:173,0
DA:175,151
DA:186,415
DA:187,415
DA:202,88
DA:203,88
DA:204,88
DA:206,88
DA:210,5
DA:211,2
DA:213,2
DA:215,0
DA:216,0
DA:226,23
DA:227,23
DA:228,23
DA:229,23
DA:232,17
DA:240,40
DA:241,40
DA:242,40
DA:243,40
DA:248,7
DA:251,3
DA:254,4
DA:257,12
DA:260,3
DA:272,17
DA:273,17
DA:274,17
DA:282,0
DA:292,5
DA:293,5
DA:294,5
DA:298,1
DA:300,3
DA:312,3
DA:313,3
DA:314,3
DA:321,0
DA:323,2
DA:334,3
DA:335,3
DA:336,3
DA:342,1
DA:344,0
DA:346,0
DA:347,0
DA:348,0
DA:358,10
DA:359,10
DA:360,10
DA:367,4
DA:368,0
DA:369,1
DA:379,1
DA:380,1
DA:381,1
DA:386,1
DA:394,4
DA:395,4
DA:396,4
DA:399,2
DA:400,1
DA:411,4
DA:412,4
DA:413,4
DA:415,1
DA:424,17
DA:425,17
DA:426,17
DA:429,1
DA:432,1
DA:444,4
DA:445,4
DA:446,4
DA:452,2
DA:477,843
DA:478,843
DA:479,843
DA:488,845
DA:504,2
DA:514,281
DA:515,281
DA:516,281
DA:517,281
DA:523,281
DA:534,843
DA:535,843
DA:536,843
DA:537,843
DA:538,843
DA:545,0
DA:546,0
DA:549,56
DA:550,56
DA:555,56
DA:556,56
DA:568,2
DA:569,275
DA:573,140
DA:574,140
DA:600,91
DA:601,91
DA:602,91
DA:603,91
DA:604,91
DA:605,91
DA:606,91
DA:607,91
DA:608,87
DA:625,91
DA:626,81
DA:640,91
DA:641,82
DA:642,82
DA:643,1
DA:644,1
DA:647,91
DA:648,81
DA:649,3
DA:650,3
DA:651,3
DA:653,78
DA:654,78
DA:655,79
DA:656,0
DA:657,0
DA:659,79
DA:660,79
DA:661,79
DA:662,79
DA:663,79
DA:664,79
DA:665,79
DA:666,1
DA:667,1
DA:674,79
DA:677,78
DA:678,1
DA:680,78
DA:681,78
DA:682,78
DA:684,78
DA:685,78
DA:686,78
DA:687,78
DA:688,78
DA:689,78
DA:693,91
DA:731,2
LF:175
LH:157
BRDA:108,0,0,0
BRDA:108,0,1,500
BRDA:153,1,0,0
BRDA:153,1,1,1
BRDA:153,1,2,1
BRDA:153,1,3,0
BRDA:172,2,0,0
BRDA:172,2,1,151
BRDA:189,3,0,225
BRDA:189,3,1,190
BRDA:478,4,0,281
BRDA:478,4,1,562
BRDA:491,5,0,283
BRDA:491,5,1,562
BRDA:492,6,0,6
BRDA:492,6,1,839
BRDA:492,7,0,0
BRDA:492,7,1,839
BRDA:537,8,0,843
BRDA:537,8,1,9
BRDA:545,9,0,0
BRDA:545,9,1,0
BRDA:549,10,0,0
BRDA:549,10,1,56
BRDA:555,11,0,56
BRDA:555,11,1,0
BRDA:555,12,0,56
BRDA:555,12,1,56
BRDA:627,13,0,0
BRDA:627,13,1,81
BRDA:629,14,0,0
BRDA:629,14,1,81
BRDA:642,15,0,81
BRDA:642,15,1,1
BRDA:642,16,0,82
BRDA:642,16,1,1
BRDA:648,17,0,3
BRDA:648,17,1,78
BRDA:655,18,0,0
BRDA:655,18,1,79
BRDA:664,19,0,79
BRDA:664,19,1,0
BRDA:664,20,0,79
BRDA:664,20,1,79
BRDA:665,21,0,1
BRDA:665,21,1,78
BRDA:673,22,0,79
BRDA:673,22,1,79
BRDA:680,23,0,78
BRDA:680,23,1,0
BRDA:697,24,0,1
BRDA:697,24,1,90
BRF:52
BRH:38
end_of_record
TN:
SF:src/features/live/LiveAttentionScreen.tsx
FN:56,(anonymous_0)
FN:92,(anonymous_1)
FN:151,(anonymous_2)
FN:162,LiveAttentionScreen
FN:178,(anonymous_4)
FN:200,(anonymous_5)
FN:206,(anonymous_6)
FN:214,(anonymous_7)
FN:273,(anonymous_8)
FN:287,(anonymous_9)
FN:289,(anonymous_10)
FN:299,(anonymous_11)
FN:320,(anonymous_12)
FN:358,(anonymous_13)
FN:372,(anonymous_14)
FN:372,(anonymous_15)
FN:381,(anonymous_16)
FN:396,(anonymous_17)
FNF:18
FNH:17
FNDA:230,(anonymous_0)
FNDA:46,(anonymous_1)
FNDA:46,(anonymous_2)
FNDA:49,LiveAttentionScreen
FNDA:16,(anonymous_4)
FNDA:46,(anonymous_5)
FNDA:43,(anonymous_6)
FNDA:5,(anonymous_7)
FNDA:0,(anonymous_8)
FNDA:100,(anonymous_9)
FNDA:184,(anonymous_10)
FNDA:46,(anonymous_11)
FNDA:5,(anonymous_12)
FNDA:1,(anonymous_13)
FNDA:4,(anonymous_14)
FNDA:4,(anonymous_15)
FNDA:8,(anonymous_16)
FNDA:7,(anonymous_17)
DA:35,3
DA:40,3
DA:47,3
DA:56,3
DA:57,230
DA:64,20
DA:66,210
DA:77,15
DA:79,195
DA:87,20
DA:89,175
DA:92,3
DA:93,46
DA:94,46
DA:95,3
DA:97,43
DA:101,4
DA:103,39
DA:111,14
DA:113,25
DA:114,3
DA:116,22
DA:119,3
DA:126,3
DA:132,3
DA:139,3
DA:145,3
DA:151,3
DA:152,46
DA:154,37
DA:156,6
DA:158,3
DA:177,49
DA:178,49
DA:179,49
DA:180,49
DA:181,49
DA:182,49
DA:183,49
DA:185,49
DA:189,49
DA:191,49
DA:194,49
DA:200,49
DA:201,46
DA:202,46
DA:207,43
DA:214,49
DA:215,5
DA:216,0
DA:218,5
DA:219,5
DA:220,5
DA:221,5
DA:223,5
DA:224,5
DA:229,0
DA:231,5
DA:232,2
DA:233,1
DA:235,2
DA:236,2
DA:237,2
DA:239,3
DA:240,3
DA:245,3
DA:248,49
DA:273,0
DA:288,100
DA:289,184
DA:291,100
DA:292,36
DA:300,46
DA:301,46
DA:320,5
DA:358,1
DA:372,4
DA:382,8
DA:397,7
DA:444,3
LF:80
LH:77
BRDA:57,0,0,20
BRDA:57,0,1,210
BRDA:58,1,0,230
BRDA:58,1,1,215
BRDA:58,1,2,215
BRDA:58,1,3,215
BRDA:58,1,4,215
BRDA:66,2,0,15
BRDA:66,2,1,195
BRDA:67,3,0,210
BRDA:67,3,1,195
BRDA:67,3,2,195
BRDA:67,3,3,20
BRDA:67,3,4,195
BRDA:67,3,5,195
BRDA:67,3,6,195
BRDA:67,3,7,195
BRDA:67,3,8,195
BRDA:79,4,0,20
BRDA:79,4,1,175
BRDA:80,5,0,195
BRDA:80,5,1,195
BRDA:80,5,2,195
BRDA:80,5,3,195
BRDA:80,5,4,195
BRDA:80,5,5,175
BRDA:94,6,0,3
BRDA:94,6,1,43
BRDA:94,7,0,46
BRDA:94,7,1,43
BRDA:97,8,0,4
BRDA:97,8,1,39
BRDA:98,9,0,43
BRDA:98,9,1,43
BRDA:103,10,0,14
BRDA:103,10,1,25
BRDA:104,11,0,39
BRDA:104,11,1,39
BRDA:104,11,2,35
BRDA:104,11,3,25
BRDA:104,11,4,25
BRDA:104,11,5,25
BRDA:113,12,0,3
BRDA:113,12,1,22
BRDA:113,13,0,25
BRDA:113,13,1,4
BRDA:152,14,0,37
BRDA:152,14,1,6
BRDA:152,14,2,3
BRDA:185,15,0,27
BRDA:185,15,1,22
BRDA:189,16,0,0
BRDA:189,16,1,49
BRDA:191,17,0,49
BRDA:191,17,1,24
BRDA:191,17,2,24
BRDA:202,18,0,43
BRDA:202,18,1,3
BRDA:207,19,0,43
BRDA:207,19,1,0
BRDA:215,20,0,0
BRDA:215,20,1,5
BRDA:215,21,0,5
BRDA:215,21,1,5
BRDA:231,22,0,2
BRDA:231,22,1,3
BRDA:232,23,0,1
BRDA:232,23,1,1
BRDA:241,24,0,1
BRDA:241,24,1,2
BRDA:266,25,0,22
BRDA:266,25,1,27
BRDA:269,26,0,0
BRDA:269,26,1,49
BRDA:277,27,0,27
BRDA:277,27,1,22
BRDA:279,28,0,1
BRDA:279,28,1,26
BRDA:282,29,0,2
BRDA:282,29,1,25
BRDA:291,30,0,64
BRDA:291,30,1,36
BRDA:312,31,0,26
BRDA:312,31,1,20
BRDA:315,32,0,6
BRDA:315,32,1,20
BRDA:324,33,0,16
BRDA:324,33,1,4
BRDA:338,34,0,1
BRDA:338,34,1,3
BRDA:353,35,0,0
BRDA:353,35,1,27
BRDA:357,36,0,27
BRDA:357,36,1,27
BRDA:364,37,0,25
BRDA:364,37,1,24
BRDA:368,38,0,5
BRDA:368,38,1,20
BRDA:376,39,0,5
BRDA:376,39,1,20
BRDA:392,40,0,7
BRDA:392,40,1,1
BRDA:398,41,0,7
BRDA:398,41,1,0
BRDA:412,42,0,0
BRDA:412,42,1,5
BRDA:424,43,0,1
BRDA:424,43,1,4
BRF:108
BRH:101
end_of_record
TN:
SF:src/features/live/LiveAutomationScreen.tsx
FN:106,(anonymous_0)
FN:112,LiveAndroidAutomation
FN:125,(anonymous_2)
FN:126,(anonymous_3)
FN:128,(anonymous_4)
FN:132,(anonymous_5)
FN:135,(anonymous_6)
FN:170,(anonymous_7)
FN:172,(anonymous_8)
FN:179,(anonymous_9)
FN:186,(anonymous_10)
FN:187,(anonymous_11)
FN:197,(anonymous_12)
FN:205,(anonymous_13)
FN:206,(anonymous_14)
FN:211,(anonymous_15)
FN:217,(anonymous_16)
FN:220,(anonymous_17)
FN:237,(anonymous_18)
FN:253,(anonymous_19)
FN:330,(anonymous_20)
FN:398,(anonymous_21)
FN:443,(anonymous_22)
FN:508,(anonymous_23)
FN:568,(anonymous_24)
FN:789,(anonymous_25)
FN:792,(anonymous_26)
FN:794,(anonymous_27)
FN:798,(anonymous_28)
FN:804,(anonymous_29)
FN:808,(anonymous_30)
FN:809,(anonymous_31)
FN:823,(anonymous_32)
FN:978,(anonymous_33)
FN:987,(anonymous_34)
FN:992,(anonymous_35)
FN:994,(anonymous_36)
FN:999,(anonymous_37)
FN:1006,(anonymous_38)
FN:1014,(anonymous_39)
FN:1037,(anonymous_40)
FN:1061,(anonymous_41)
FN:1087,(anonymous_42)
FN:1184,(anonymous_43)
FN:1199,(anonymous_44)
FN:1217,(anonymous_45)
FN:1232,(anonymous_46)
FN:1238,(anonymous_47)
FN:1290,(anonymous_48)
FN:1351,(anonymous_49)
FN:1360,(anonymous_50)
FN:1368,(anonymous_51)
FN:1376,(anonymous_52)
FN:1393,(anonymous_53)
FN:1393,(anonymous_54)
FN:1409,(anonymous_55)
FN:1462,(anonymous_56)
FN:1517,(anonymous_57)
FN:1539,(anonymous_58)
FN:1558,LiveAutomationScreen
FNF:60
FNH:47
FNDA:24,(anonymous_0)
FNDA:137,LiveAndroidAutomation
FNDA:41,(anonymous_2)
FNDA:45,(anonymous_3)
FNDA:41,(anonymous_4)
FNDA:41,(anonymous_5)
FNDA:41,(anonymous_6)
FNDA:28,(anonymous_7)
FNDA:28,(anonymous_8)
FNDA:21,(anonymous_9)
FNDA:28,(anonymous_10)
FNDA:7,(anonymous_11)
FNDA:7,(anonymous_12)
FNDA:28,(anonymous_13)
FNDA:3,(anonymous_14)
FNDA:3,(anonymous_15)
FNDA:28,(anonymous_16)
FNDA:1,(anonymous_17)
FNDA:1,(anonymous_18)
FNDA:1,(anonymous_19)
FNDA:4,(anonymous_20)
FNDA:1,(anonymous_21)
FNDA:6,(anonymous_22)
FNDA:3,(anonymous_23)
FNDA:1,(anonymous_24)
FNDA:8,(anonymous_25)
FNDA:8,(anonymous_26)
FNDA:11,(anonymous_27)
FNDA:8,(anonymous_28)
FNDA:2,(anonymous_29)
FNDA:8,(anonymous_30)
FNDA:8,(anonymous_31)
FNDA:0,(anonymous_32)
FNDA:46,(anonymous_33)
FNDA:0,(anonymous_34)
FNDA:10,(anonymous_35)
FNDA:34,(anonymous_36)
FNDA:33,(anonymous_37)
FNDA:30,(anonymous_38)
FNDA:80,(anonymous_39)
FNDA:4,(anonymous_40)
FNDA:0,(anonymous_41)
FNDA:0,(anonymous_42)
FNDA:0,(anonymous_43)
FNDA:0,(anonymous_44)
FNDA:0,(anonymous_45)
FNDA:0,(anonymous_46)
FNDA:8,(anonymous_47)
FNDA:0,(anonymous_48)
FNDA:1,(anonymous_49)
FNDA:5,(anonymous_50)
FNDA:1,(anonymous_51)
FNDA:1,(anonymous_52)
FNDA:1,(anonymous_53)
FNDA:1,(anonymous_54)
FNDA:0,(anonymous_55)
FNDA:0,(anonymous_56)
FNDA:0,(anonymous_57)
FNDA:0,(anonymous_58)
FNDA:28,LiveAutomationScreen
DA:63,3
DA:65,3
DA:76,3
DA:95,3
DA:106,3
DA:107,24
DA:110,3
DA:123,137
DA:124,137
DA:125,137
DA:126,137
DA:127,137
DA:128,41
DA:131,137
DA:132,41
DA:135,137
DA:136,137
DA:142,137
DA:143,137
DA:148,137
DA:153,137
DA:154,137
DA:155,137
DA:156,137
DA:157,137
DA:158,137
DA:159,137
DA:160,137
DA:161,137
DA:162,137
DA:163,137
DA:164,137
DA:165,137
DA:166,137
DA:170,137
DA:171,28
DA:172,28
DA:173,28
DA:174,28
DA:175,28
DA:179,137
DA:180,21
DA:181,21
DA:182,21
DA:185,137
DA:187,28
DA:188,7
DA:194,7
DA:195,7
DA:196,7
DA:197,7
DA:198,7
DA:200,7
DA:205,137
DA:206,28
DA:207,3
DA:208,3
DA:209,3
DA:210,3
DA:211,3
DA:212,3
DA:214,3
DA:217,28
DA:220,137
DA:221,1
DA:222,1
DA:223,1
DA:230,1
DA:231,1
DA:233,1
DA:234,1
DA:237,137
DA:238,1
DA:239,1
DA:240,1
DA:241,1
DA:242,1
DA:243,1
DA:250,1
DA:253,137
DA:254,1
DA:261,0
DA:263,1
DA:264,1
DA:265,1
DA:266,1
DA:267,1
DA:268,1
DA:269,1
DA:270,1
DA:271,1
DA:272,1
DA:273,1
DA:275,1
DA:276,1
DA:281,0
DA:283,1
DA:287,0
DA:289,1
DA:290,0
DA:291,0
DA:299,0
DA:303,0
DA:305,0
DA:306,0
DA:307,0
DA:309,1
DA:316,1
DA:320,0
DA:322,1
DA:327,1
DA:330,137
DA:331,4
DA:346,0
DA:348,4
DA:349,4
DA:350,4
DA:351,0
DA:352,0
DA:354,4
DA:355,4
DA:356,4
DA:357,4
DA:358,4
DA:359,4
DA:360,4
DA:362,4
DA:363,4
DA:368,0
DA:370,4
DA:376,0
DA:378,4
DA:379,0
DA:380,0
DA:382,4
DA:383,0
DA:384,0
DA:386,4
DA:393,4
DA:394,4
DA:395,4
DA:398,137
DA:399,1
DA:418,0
DA:420,1
DA:421,1
DA:423,1
DA:424,1
DA:429,0
DA:431,1
DA:432,0
DA:433,0
DA:435,1
DA:436,1
DA:437,1
DA:438,1
DA:439,1
DA:440,1
DA:443,137
DA:444,6
DA:464,0
DA:466,6
DA:467,6
DA:468,6
DA:469,6
DA:470,6
DA:471,6
DA:472,6
DA:474,6
DA:475,6
DA:480,0
DA:482,6
DA:488,0
DA:490,6
DA:491,0
DA:492,0
DA:494,6
DA:495,0
DA:496,0
DA:498,6
DA:505,6
DA:508,137
DA:509,3
DA:533,0
DA:535,3
DA:536,3
DA:538,3
DA:539,3
DA:550,0
DA:552,3
DA:553,1
DA:554,1
DA:556,2
DA:557,2
DA:558,2
DA:565,2
DA:568,137
DA:569,1
DA:582,0
DA:584,1
DA:585,1
DA:587,1
DA:588,1
DA:592,0
DA:594,1
DA:595,0
DA:596,0
DA:598,1
DA:599,1
DA:600,1
DA:601,1
DA:605,137
DA:610,137
DA:614,137
DA:617,137
DA:619,137
DA:623,137
DA:628,137
DA:638,137
DA:644,137
DA:664,137
DA:669,137
DA:671,137
DA:672,137
DA:673,137
DA:674,137
DA:681,137
DA:687,137
DA:691,137
DA:696,137
DA:704,137
DA:715,137
DA:719,137
DA:730,137
DA:745,137
DA:755,137
DA:761,137
DA:770,137
DA:772,137
DA:776,137
DA:780,137
DA:784,137
DA:788,137
DA:789,8
DA:791,137
DA:793,8
DA:794,11
DA:797,137
DA:799,8
DA:805,2
DA:807,137
DA:808,8
DA:809,8
DA:811,137
DA:816,137
DA:821,137
DA:823,0
DA:826,137
DA:829,137
DA:832,137
DA:838,137
DA:841,137
DA:843,137
DA:845,137
DA:846,137
DA:847,137
DA:854,137
DA:862,137
DA:863,137
DA:864,137
DA:865,137
DA:877,137
DA:895,137
DA:907,137
DA:919,137
DA:928,137
DA:941,137
DA:957,137
DA:963,137
DA:975,137
DA:978,137
DA:979,46
DA:980,10
DA:981,10
DA:982,0
DA:983,0
DA:984,0
DA:985,0
DA:987,10
DA:988,0
DA:989,0
DA:990,0
DA:992,10
DA:994,137
DA:995,34
DA:996,5
DA:999,137
DA:1000,33
DA:1001,4
DA:1002,4
DA:1003,4
DA:1006,137
DA:1007,30
DA:1008,1
DA:1009,1
DA:1010,1
DA:1011,1
DA:1014,137
DA:1015,80
DA:1016,29
DA:1017,29
DA:1018,29
DA:1020,51
DA:1021,0
DA:1023,51
DA:1024,1
DA:1026,51
DA:1027,1
DA:1037,137
DA:1038,4
DA:1039,4
DA:1040,4
DA:1041,4
DA:1042,4
DA:1043,4
DA:1046,137
DA:1050,0
DA:1061,0
DA:1067,137
DA:1087,0
DA:1184,0
DA:1199,0
DA:1217,0
DA:1232,0
DA:1239,8
DA:1290,0
DA:1351,1
DA:1360,5
DA:1368,1
DA:1377,1
DA:1378,1
DA:1393,1
DA:1410,0
DA:1463,0
DA:1464,0
DA:1517,0
DA:1539,0
DA:1571,28
DA:1581,3
LF:349
LH:290
BRDA:107,0,0,24
BRDA:107,0,1,24
BRDA:188,1,0,7
BRDA:188,1,1,0
BRDA:189,2,0,7
BRDA:189,2,1,3
BRDA:189,2,2,3
BRDA:189,2,3,0
BRDA:198,3,0,0
BRDA:198,3,1,7
BRDA:207,4,0,3
BRDA:207,4,1,0
BRDA:212,5,0,0
BRDA:212,5,1,3
BRDA:221,6,0,1
BRDA:221,6,1,0
BRDA:254,7,0,0
BRDA:254,7,1,1
BRDA:255,8,0,1
BRDA:255,8,1,1
BRDA:255,8,2,1
BRDA:255,8,3,1
BRDA:255,8,4,1
BRDA:283,9,0,0
BRDA:283,9,1,1
BRDA:284,10,0,1
BRDA:284,10,1,1
BRDA:289,11,0,0
BRDA:289,11,1,1
BRDA:290,12,0,0
BRDA:290,12,1,0
BRDA:299,13,0,0
BRDA:299,13,1,0
BRDA:300,14,0,0
BRDA:300,14,1,0
BRDA:316,15,0,0
BRDA:316,15,1,1
BRDA:317,16,0,1
BRDA:317,16,1,1
BRDA:323,17,0,1
BRDA:323,17,1,0
BRDA:331,18,0,0
BRDA:331,18,1,4
BRDA:332,19,0,4
BRDA:332,19,1,4
BRDA:332,19,2,4
BRDA:332,19,3,4
BRDA:332,19,4,4
BRDA:332,19,5,4
BRDA:332,19,6,4
BRDA:332,19,7,4
BRDA:332,19,8,4
BRDA:332,19,9,4
BRDA:350,20,0,0
BRDA:350,20,1,4
BRDA:370,21,0,0
BRDA:370,21,1,4
BRDA:371,22,0,4
BRDA:371,22,1,4
BRDA:371,22,2,4
BRDA:371,22,3,4
BRDA:378,23,0,0
BRDA:378,23,1,4
BRDA:382,24,0,0
BRDA:382,24,1,4
BRDA:399,25,0,0
BRDA:399,25,1,1
BRDA:400,26,0,1
BRDA:400,26,1,1
BRDA:400,26,2,1
BRDA:400,26,3,1
BRDA:400,26,4,1
BRDA:400,26,5,1
BRDA:400,26,6,1
BRDA:400,26,7,1
BRDA:400,26,8,1
BRDA:400,26,9,1
BRDA:400,26,10,1
BRDA:400,26,11,1
BRDA:400,26,12,1
BRDA:400,26,13,1
BRDA:431,27,0,0
BRDA:431,27,1,1
BRDA:444,28,0,0
BRDA:444,28,1,6
BRDA:445,29,0,6
BRDA:445,29,1,6
BRDA:445,29,2,6
BRDA:445,29,3,6
BRDA:445,29,4,6
BRDA:445,29,5,6
BRDA:445,29,6,6
BRDA:445,29,7,6
BRDA:445,29,8,6
BRDA:445,29,9,6
BRDA:445,29,10,6
BRDA:445,29,11,6
BRDA:445,30,0,5
BRDA:445,30,1,1
BRDA:459,31,0,5
BRDA:459,31,1,1
BRDA:476,32,0,5
BRDA:476,32,1,1
BRDA:482,33,0,0
BRDA:482,33,1,6
BRDA:483,34,0,6
BRDA:483,34,1,6
BRDA:483,34,2,6
BRDA:483,34,3,6
BRDA:490,35,0,0
BRDA:490,35,1,6
BRDA:494,36,0,0
BRDA:494,36,1,6
BRDA:509,37,0,0
BRDA:509,37,1,3
BRDA:510,38,0,3
BRDA:510,38,1,3
BRDA:510,38,2,3
BRDA:510,38,3,3
BRDA:510,38,4,3
BRDA:510,38,5,3
BRDA:510,38,6,3
BRDA:510,38,7,3
BRDA:510,38,8,3
BRDA:510,38,9,3
BRDA:510,38,10,3
BRDA:510,38,11,3
BRDA:510,38,12,3
BRDA:510,38,13,3
BRDA:510,38,14,3
BRDA:510,38,15,3
BRDA:510,39,0,2
BRDA:510,39,1,1
BRDA:528,40,0,2
BRDA:528,40,1,1
BRDA:540,41,0,2
BRDA:540,41,1,1
BRDA:552,42,0,1
BRDA:552,42,1,2
BRDA:560,43,0,1
BRDA:560,43,1,1
BRDA:569,44,0,0
BRDA:569,44,1,1
BRDA:570,45,0,1
BRDA:570,45,1,1
BRDA:570,45,2,1
BRDA:570,45,3,1
BRDA:570,45,4,1
BRDA:570,45,5,1
BRDA:570,45,6,1
BRDA:570,45,7,1
BRDA:570,45,8,1
BRDA:594,46,0,0
BRDA:594,46,1,1
BRDA:605,47,0,81
BRDA:605,47,1,56
BRDA:605,48,0,137
BRDA:605,48,1,81
BRDA:610,49,0,137
BRDA:610,49,1,81
BRDA:610,49,2,80
BRDA:614,50,0,81
BRDA:614,50,1,56
BRDA:619,51,0,137
BRDA:619,51,1,81
BRDA:619,51,2,81
BRDA:619,51,3,81
BRDA:624,52,0,137
BRDA:624,52,1,81
BRDA:624,52,2,81
BRDA:629,53,0,137
BRDA:629,53,1,80
BRDA:629,53,2,80
BRDA:629,53,3,80
BRDA:629,53,4,80
BRDA:629,53,5,80
BRDA:629,53,6,80
BRDA:638,54,0,75
BRDA:638,54,1,62
BRDA:638,55,0,137
BRDA:638,55,1,75
BRDA:638,55,2,75
BRDA:638,55,3,75
BRDA:645,56,0,137
BRDA:645,56,1,81
BRDA:645,56,2,75
BRDA:645,56,3,24
BRDA:645,56,4,2
BRDA:645,56,5,53
BRDA:645,56,6,42
BRDA:645,56,7,13
BRDA:645,56,8,2
BRDA:645,56,9,11
BRDA:645,56,10,5
BRDA:645,56,11,6
BRDA:645,56,12,5
BRDA:645,56,13,1
BRDA:645,56,14,4
BRDA:645,56,15,0
BRDA:645,56,16,4
BRDA:645,56,17,0
BRDA:665,57,0,137
BRDA:665,57,1,131
BRDA:665,57,2,74
BRDA:665,57,3,74
BRDA:669,58,0,137
BRDA:669,58,1,75
BRDA:675,59,0,137
BRDA:675,59,1,75
BRDA:675,59,2,74
BRDA:682,60,0,137
BRDA:682,60,1,24
BRDA:682,60,2,2
BRDA:687,61,0,137
BRDA:687,61,1,78
BRDA:687,61,2,78
BRDA:687,61,3,78
BRDA:692,62,0,137
BRDA:692,62,1,72
BRDA:692,62,2,72
BRDA:697,63,0,137
BRDA:697,63,1,80
BRDA:697,63,2,22
BRDA:697,63,3,22
BRDA:697,63,4,22
BRDA:705,64,0,137
BRDA:705,64,1,80
BRDA:705,64,2,69
BRDA:705,64,3,67
BRDA:705,64,4,66
BRDA:705,64,5,66
BRDA:705,64,6,66
BRDA:715,65,0,137
BRDA:715,65,1,81
BRDA:715,65,2,81
BRDA:715,65,3,81
BRDA:720,66,0,137
BRDA:720,66,1,80
BRDA:720,66,2,69
BRDA:720,66,3,69
BRDA:720,66,4,69
BRDA:720,66,5,69
BRDA:720,66,6,69
BRDA:730,67,0,137
BRDA:730,67,1,135
BRDA:730,67,2,135
BRDA:733,68,0,135
BRDA:733,68,1,78
BRDA:733,68,2,67
BRDA:733,68,3,45
BRDA:733,68,4,44
BRDA:733,68,5,44
BRDA:733,68,6,45
BRDA:733,68,7,45
BRDA:733,68,8,45
BRDA:746,69,0,137
BRDA:746,69,1,80
BRDA:746,69,2,69
BRDA:746,69,3,68
BRDA:746,69,4,68
BRDA:746,69,5,66
BRDA:746,69,6,68
BRDA:746,69,7,68
BRDA:756,70,0,137
BRDA:756,70,1,70
BRDA:756,70,2,70
BRDA:756,70,3,70
BRDA:762,71,0,137
BRDA:762,71,1,80
BRDA:762,71,2,22
BRDA:762,71,3,21
BRDA:762,71,4,21
BRDA:762,71,5,21
BRDA:770,72,0,137
BRDA:770,72,1,81
BRDA:772,73,0,6
BRDA:772,73,1,131
BRDA:776,74,0,1
BRDA:776,74,1,136
BRDA:780,75,0,0
BRDA:780,75,1,137
BRDA:784,76,0,6
BRDA:784,76,1,131
BRDA:784,77,0,137
BRDA:784,77,1,131
BRDA:793,78,0,8
BRDA:793,78,1,8
BRDA:797,79,0,137
BRDA:797,79,1,134
BRDA:799,80,0,8
BRDA:799,80,1,8
BRDA:799,80,2,5
BRDA:805,81,0,2
BRDA:805,81,1,2
BRDA:811,82,0,137
BRDA:811,82,1,57
BRDA:811,82,2,55
BRDA:811,82,3,53
BRDA:816,83,0,45
BRDA:816,83,1,92
BRDA:816,84,0,137
BRDA:816,84,1,45
BRDA:816,84,2,45
BRDA:822,85,0,137
BRDA:822,85,1,2
BRDA:826,86,0,137
BRDA:826,86,1,24
BRDA:829,87,0,137
BRDA:829,87,1,45
BRDA:829,87,2,45
BRDA:833,88,0,137
BRDA:833,88,1,57
BRDA:833,88,2,55
BRDA:833,88,3,53
BRDA:839,89,0,137
BRDA:839,89,1,45
BRDA:843,90,0,137
BRDA:843,90,1,89
BRDA:846,91,0,137
BRDA:846,91,1,115
BRDA:848,92,0,137
BRDA:848,92,1,24
BRDA:848,92,2,135
BRDA:848,92,3,135
BRDA:848,92,4,127
BRDA:848,92,5,49
BRDA:854,93,0,137
BRDA:854,93,1,80
BRDA:854,93,2,63
BRDA:854,93,3,56
BRDA:854,93,4,50
BRDA:854,93,5,34
BRDA:854,93,6,50
BRDA:854,93,7,50
BRDA:862,94,0,137
BRDA:862,94,1,50
BRDA:862,94,2,34
BRDA:862,94,3,34
BRDA:863,95,0,137
BRDA:863,95,1,123
BRDA:866,96,0,137
BRDA:866,96,1,81
BRDA:866,96,2,81
BRDA:866,96,3,81
BRDA:866,96,4,80
BRDA:866,96,5,78
BRDA:866,96,6,80
BRDA:866,96,7,80
BRDA:866,96,8,80
BRDA:866,96,9,80
BRDA:866,96,10,80
BRDA:866,96,11,56
BRDA:878,97,0,137
BRDA:878,97,1,3
BRDA:878,97,2,3
BRDA:878,97,3,3
BRDA:878,97,4,3
BRDA:878,97,5,3
BRDA:878,97,6,3
BRDA:878,97,7,3
BRDA:878,97,8,3
BRDA:878,97,9,3
BRDA:878,97,10,3
BRDA:878,97,11,3
BRDA:878,97,12,3
BRDA:878,97,13,3
BRDA:878,97,14,3
BRDA:895,98,0,137
BRDA:895,98,1,80
BRDA:895,98,2,61
BRDA:895,98,3,54
BRDA:895,98,4,54
BRDA:895,98,5,54
BRDA:895,98,6,42
BRDA:895,98,7,30
BRDA:895,98,8,30
BRDA:895,98,9,24
BRDA:895,98,10,24
BRDA:907,99,0,137
BRDA:907,99,1,80
BRDA:907,99,2,2
BRDA:907,99,3,2
BRDA:907,99,4,2
BRDA:907,99,5,2
BRDA:907,99,6,1
BRDA:907,99,7,1
BRDA:907,99,8,1
BRDA:907,99,9,1
BRDA:907,99,10,1
BRDA:919,100,0,137
BRDA:919,100,1,80
BRDA:919,100,2,10
BRDA:919,100,3,10
BRDA:919,100,4,10
BRDA:919,100,5,9
BRDA:919,100,6,5
BRDA:919,100,7,0
BRDA:928,101,0,137
BRDA:928,101,1,80
BRDA:928,101,2,63
BRDA:928,101,3,56
BRDA:928,101,4,5
BRDA:928,101,5,5
BRDA:928,101,6,5
BRDA:928,101,7,5
BRDA:928,101,8,0
BRDA:928,101,9,0
BRDA:928,101,10,5
BRDA:928,101,11,5
BRDA:941,102,0,137
BRDA:941,102,1,80
BRDA:941,102,2,66
BRDA:941,102,3,66
BRDA:941,102,4,65
BRDA:941,102,5,13
BRDA:941,102,6,8
BRDA:941,102,7,8
BRDA:941,102,8,8
BRDA:941,102,9,8
BRDA:941,102,10,8
BRDA:950,103,0,7
BRDA:950,103,1,1
BRDA:953,104,0,7
BRDA:953,104,1,1
BRDA:957,105,0,137
BRDA:957,105,1,80
BRDA:957,105,2,10
BRDA:957,105,3,1
BRDA:957,105,4,1
BRDA:957,105,5,0
BRDA:964,106,0,137
BRDA:964,106,1,120
BRDA:964,106,2,101
BRDA:964,106,3,100
BRDA:964,106,4,100
BRDA:964,106,5,99
BRDA:964,106,6,96
BRDA:964,106,7,94
BRDA:964,106,8,84
BRDA:964,106,9,80
BRDA:976,107,0,137
BRDA:976,107,1,135
BRDA:979,108,0,36
BRDA:979,108,1,10
BRDA:981,109,0,0
BRDA:981,109,1,10
BRDA:995,110,0,5
BRDA:995,110,1,29
BRDA:1000,111,0,4
BRDA:1000,111,1,29
BRDA:1007,112,0,1
BRDA:1007,112,1,29
BRDA:1015,113,0,29
BRDA:1015,113,1,51
BRDA:1016,114,0,0
BRDA:1016,114,1,29
BRDA:1017,115,0,0
BRDA:1017,115,1,29
BRDA:1020,116,0,0
BRDA:1020,116,1,51
BRDA:1020,117,0,51
BRDA:1020,117,1,4
BRDA:1023,118,0,1
BRDA:1023,118,1,50
BRDA:1023,119,0,51
BRDA:1023,119,1,11
BRDA:1023,119,2,7
BRDA:1026,120,0,1
BRDA:1026,120,1,50
BRDA:1026,121,0,51
BRDA:1026,121,1,2
BRDA:1046,122,0,0
BRDA:1046,122,1,137
BRDA:1047,123,0,137
BRDA:1047,123,1,81
BRDA:1080,124,0,56
BRDA:1080,124,1,81
BRDA:1083,125,0,0
BRDA:1083,125,1,137
BRDA:1090,126,0,81
BRDA:1090,126,1,56
BRDA:1092,127,0,0
BRDA:1092,127,1,81
BRDA:1097,128,0,0
BRDA:1097,128,1,0
BRDA:1103,129,0,10
BRDA:1103,129,1,71
BRDA:1103,130,0,81
BRDA:1103,130,1,10
BRDA:1107,131,0,10
BRDA:1107,131,1,6
BRDA:1113,132,0,2
BRDA:1113,132,1,79
BRDA:1113,133,0,81
BRDA:1113,133,1,2
BRDA:1113,133,2,2
BRDA:1123,134,0,1
BRDA:1123,134,1,80
BRDA:1123,135,0,81
BRDA:1123,135,1,1
BRDA:1123,135,2,1
BRDA:1132,136,0,81
BRDA:1132,136,1,0
BRDA:1137,137,0,6
BRDA:1137,137,1,75
BRDA:1143,138,0,45
BRDA:1143,138,1,36
BRDA:1147,139,0,45
BRDA:1147,139,1,0
BRDA:1151,140,0,42
BRDA:1151,140,1,3
BRDA:1153,141,0,1
BRDA:1153,141,1,2
BRDA:1153,142,0,3
BRDA:1153,142,1,3
BRDA:1160,143,0,2
BRDA:1160,143,1,79
BRDA:1160,144,0,81
BRDA:1160,144,1,2
BRDA:1169,145,0,2
BRDA:1169,145,1,79
BRDA:1169,146,0,81
BRDA:1169,146,1,81
BRDA:1169,146,2,57
BRDA:1173,147,0,2
BRDA:1173,147,1,79
BRDA:1173,148,0,81
BRDA:1173,148,1,24
BRDA:1173,148,2,2
BRDA:1173,148,3,2
BRDA:1173,148,4,2
BRDA:1173,148,5,2
BRDA:1173,148,6,2
BRDA:1173,148,7,2
BRDA:1189,149,0,0
BRDA:1189,149,1,81
BRDA:1189,150,0,81
BRDA:1189,150,1,0
BRDA:1189,150,2,0
BRDA:1189,150,3,0
BRDA:1189,150,4,0
BRDA:1189,150,5,0
BRDA:1189,150,6,0
BRDA:1204,151,0,2
BRDA:1204,151,1,79
BRDA:1204,152,0,81
BRDA:1204,152,1,57
BRDA:1204,152,2,2
BRDA:1204,152,3,2
BRDA:1204,152,4,2
BRDA:1204,152,5,2
BRDA:1204,152,6,2
BRDA:1204,152,7,2
BRDA:1216,153,0,2
BRDA:1216,153,1,2
BRDA:1222,154,0,0
BRDA:1222,154,1,81
BRDA:1222,155,0,81
BRDA:1222,155,1,8
BRDA:1222,155,2,7
BRDA:1222,155,3,7
BRDA:1222,155,4,2
BRDA:1222,155,5,2
BRDA:1222,155,6,2
BRDA:1236,156,0,5
BRDA:1236,156,1,76
BRDA:1236,157,0,81
BRDA:1236,157,1,5
BRDA:1242,158,0,5
BRDA:1242,158,1,3
BRDA:1245,159,0,3
BRDA:1245,159,1,2
BRDA:1248,160,0,1
BRDA:1248,160,1,2
BRDA:1257,161,0,5
BRDA:1257,161,1,0
BRDA:1257,162,0,5
BRDA:1257,162,1,5
BRDA:1257,162,2,5
BRDA:1257,162,3,5
BRDA:1257,162,4,5
BRDA:1265,163,0,5
BRDA:1265,163,1,4
BRDA:1265,163,2,4
BRDA:1265,163,3,4
BRDA:1265,163,4,4
BRDA:1272,164,0,3
BRDA:1272,164,1,2
BRDA:1278,165,0,1
BRDA:1278,165,1,80
BRDA:1278,166,0,81
BRDA:1278,166,1,1
BRDA:1286,167,0,1
BRDA:1286,167,1,80
BRDA:1286,168,0,81
BRDA:1286,168,1,1
BRDA:1295,169,0,19
BRDA:1295,169,1,62
BRDA:1295,170,0,81
BRDA:1295,170,1,57
BRDA:1295,170,2,24
BRDA:1295,170,3,24
BRDA:1304,171,0,12
BRDA:1304,171,1,69
BRDA:1304,172,0,81
BRDA:1304,172,1,17
BRDA:1324,173,0,0
BRDA:1324,173,1,12
BRDA:1332,174,0,0
BRDA:1332,174,1,12
BRDA:1336,175,0,12
BRDA:1336,175,1,12
BRDA:1342,176,0,20
BRDA:1342,176,1,61
BRDA:1342,177,0,81
BRDA:1342,177,1,50
BRDA:1342,177,2,34
BRDA:1342,177,3,34
BRDA:1342,177,4,29
BRDA:1342,177,5,28
BRDA:1356,178,0,19
BRDA:1356,178,1,62
BRDA:1359,179,0,19
BRDA:1359,179,1,18
BRDA:1364,180,0,1
BRDA:1364,180,1,80
BRDA:1367,181,0,1
BRDA:1367,181,1,1
BRDA:1372,182,0,5
BRDA:1372,182,1,76
BRDA:1375,183,0,5
BRDA:1375,183,1,5
BRDA:1377,184,0,1
BRDA:1377,184,1,0
BRDA:1377,185,0,1
BRDA:1377,185,1,1
BRDA:1385,186,0,7
BRDA:1385,186,1,74
BRDA:1385,187,0,81
BRDA:1385,187,1,7
BRDA:1389,188,0,1
BRDA:1389,188,1,6
BRDA:1397,189,0,1
BRDA:1397,189,1,6
BRDA:1402,190,0,1
BRDA:1402,190,1,0
BRDA:1419,191,0,5
BRDA:1419,191,1,76
BRDA:1419,192,0,81
BRDA:1419,192,1,5
BRDA:1452,193,0,5
BRDA:1452,193,1,0
BRDA:1470,194,0,8
BRDA:1470,194,1,73
BRDA:1470,195,0,81
BRDA:1470,195,1,14
BRDA:1470,195,2,9
BRDA:1474,196,0,7
BRDA:1474,196,1,1
BRDA:1503,197,0,8
BRDA:1503,197,1,0
BRDA:1506,198,0,7
BRDA:1506,198,1,1
BRDA:1522,199,0,1
BRDA:1522,199,1,80
BRDA:1522,200,0,81
BRDA:1522,200,1,2
BRDA:1528,201,0,1
BRDA:1528,201,1,0
BRDA:1544,202,0,3
BRDA:1544,202,1,78
BRDA:1544,203,0,81
BRDA:1544,203,1,3
BRF:673
BRH:608
end_of_record
TN:
SF:src/features/live/LiveBatchApprovalScreen.tsx
FN:54,LiveBatchApprovalScreen
FN:65,(anonymous_1)
FN:116,(anonymous_2)
FN:129,(anonymous_3)
FN:133,(anonymous_4)
FN:145,(anonymous_5)
FN:146,(anonymous_6)
FN:149,(anonymous_7)
FN:176,(anonymous_8)
FN:177,(anonymous_9)
FN:180,(anonymous_10)
FN:183,(anonymous_11)
FN:212,(anonymous_12)
FN:223,(anonymous_13)
FN:237,(anonymous_14)
FN:246,(anonymous_15)
FN:262,(anonymous_16)
FN:279,(anonymous_17)
FN:317,(anonymous_18)
FN:334,(anonymous_19)
FN:375,(anonymous_20)
FN:382,(anonymous_21)
FN:384,(anonymous_22)
FN:404,(anonymous_23)
FN:405,(anonymous_24)
FN:446,(anonymous_25)
FN:477,(anonymous_26)
FN:545,(anonymous_27)
FN:548,(anonymous_28)
FN:549,(anonymous_29)
FN:550,(anonymous_30)
FN:581,(anonymous_31)
FN:622,(anonymous_32)
FN:694,(anonymous_33)
FN:711,(anonymous_34)
FN:772,(anonymous_35)
FN:772,(anonymous_36)
FNF:37
FNH:31
FNDA:23,LiveBatchApprovalScreen
FNDA:13,(anonymous_1)
FNDA:3,(anonymous_2)
FNDA:3,(anonymous_3)
FNDA:3,(anonymous_4)
FNDA:3,(anonymous_5)
FNDA:3,(anonymous_6)
FNDA:3,(anonymous_7)
FNDA:3,(anonymous_8)
FNDA:0,(anonymous_9)
FNDA:3,(anonymous_10)
FNDA:23,(anonymous_11)
FNDA:6,(anonymous_12)
FNDA:4,(anonymous_13)
FNDA:21,(anonymous_14)
FNDA:0,(anonymous_15)
FNDA:7,(anonymous_16)
FNDA:2,(anonymous_17)
FNDA:2,(anonymous_18)
FNDA:4,(anonymous_19)
FNDA:53,(anonymous_20)
FNDA:53,(anonymous_21)
FNDA:53,(anonymous_22)
FNDA:54,(anonymous_23)
FNDA:54,(anonymous_24)
FNDA:3,(anonymous_25)
FNDA:3,(anonymous_26)
FNDA:52,(anonymous_27)
FNDA:1,(anonymous_28)
FNDA:1,(anonymous_29)
FNDA:1,(anonymous_30)
FNDA:0,(anonymous_31)
FNDA:0,(anonymous_32)
FNDA:3,(anonymous_33)
FNDA:53,(anonymous_34)
FNDA:0,(anonymous_35)
FNDA:0,(anonymous_36)
DA:63,23
DA:64,23
DA:66,13
DA:69,23
DA:74,23
DA:75,23
DA:76,23
DA:77,23
DA:78,23
DA:79,23
DA:80,23
DA:81,23
DA:82,23
DA:85,23
DA:88,23
DA:91,23
DA:94,23
DA:100,23
DA:103,23
DA:107,23
DA:110,23
DA:114,23
DA:116,23
DA:117,3
DA:118,3
DA:119,3
DA:120,3
DA:121,3
DA:122,3
DA:123,3
DA:124,3
DA:125,3
DA:126,3
DA:129,23
DA:131,3
DA:132,3
DA:133,3
DA:134,3
DA:135,3
DA:136,3
DA:137,3
DA:138,3
DA:139,3
DA:140,3
DA:144,23
DA:146,3
DA:147,3
DA:150,3
DA:155,3
DA:156,2
DA:157,2
DA:158,2
DA:160,1
DA:167,0
DA:168,0
DA:170,1
DA:176,23
DA:177,3
DA:178,0
DA:180,3
DA:183,23
DA:184,23
DA:185,23
DA:186,10
DA:187,4
DA:188,4
DA:189,4
DA:190,4
DA:193,0
DA:199,0
DA:202,0
DA:203,0
DA:212,23
DA:213,6
DA:214,6
DA:215,6
DA:216,6
DA:217,6
DA:218,6
DA:219,6
DA:220,6
DA:223,23
DA:227,4
DA:228,4
DA:237,23
DA:241,21
DA:246,23
DA:251,0
DA:252,0
DA:253,0
DA:254,0
DA:257,0
DA:258,0
DA:262,23
DA:267,7
DA:268,0
DA:270,7
DA:271,7
DA:272,0
DA:274,7
DA:275,0
DA:277,7
DA:279,2
DA:280,7
DA:281,0
DA:289,7
DA:290,0
DA:302,7
DA:303,7
DA:304,7
DA:305,7
DA:306,7
DA:310,7
DA:317,23
DA:321,2
DA:322,2
DA:323,2
DA:324,2
DA:334,23
DA:353,4
DA:354,4
DA:355,4
DA:356,4
DA:357,0
DA:358,0
DA:361,4
DA:362,4
DA:367,0
DA:369,4
DA:370,4
DA:371,0
DA:372,0
DA:374,4
DA:375,53
DA:377,4
DA:382,53
DA:384,53
DA:386,4
DA:387,0
DA:388,0
DA:391,4
DA:396,4
DA:397,4
DA:398,0
DA:399,0
DA:401,4
DA:402,4
DA:404,54
DA:405,54
DA:406,4
DA:407,0
DA:408,0
DA:411,4
DA:412,4
DA:413,0
DA:414,0
DA:415,0
DA:416,0
DA:418,0
DA:428,0
DA:431,4
DA:442,4
DA:443,4
DA:446,23
DA:450,3
DA:451,3
DA:457,0
DA:459,3
DA:460,3
DA:461,3
DA:462,3
DA:463,3
DA:464,3
DA:465,3
DA:477,23
DA:478,3
DA:479,3
DA:480,3
DA:486,0
DA:487,0
DA:489,3
DA:490,3
DA:491,3
DA:492,3
DA:494,3
DA:495,3
DA:500,0
DA:502,3
DA:503,0
DA:505,3
DA:506,0
DA:511,0
DA:513,3
DA:514,0
DA:515,0
DA:516,0
DA:517,0
DA:518,0
DA:526,0
DA:528,3
DA:533,3
DA:534,3
DA:535,0
DA:540,0
DA:542,3
DA:543,3
DA:544,3
DA:545,52
DA:548,3
DA:549,1
DA:550,1
DA:551,3
DA:552,0
DA:557,0
DA:560,3
DA:562,3
DA:563,3
DA:564,3
DA:565,3
DA:566,2
DA:567,2
DA:569,1
DA:581,23
DA:582,0
DA:583,0
DA:584,0
DA:585,0
DA:586,0
DA:587,0
DA:588,0
DA:589,0
DA:590,0
DA:595,0
DA:599,23
DA:600,6
DA:611,17
DA:612,0
DA:623,0
DA:624,0
DA:631,17
DA:632,17
DA:634,17
DA:639,17
DA:694,3
DA:712,53
DA:772,0
DA:781,2
LF:247
LH:181
BRDA:103,0,0,23
BRDA:103,0,1,17
BRDA:103,0,2,10
BRDA:107,1,0,17
BRDA:107,1,1,6
BRDA:124,2,0,0
BRDA:124,2,1,3
BRDA:147,3,0,3
BRDA:147,3,1,0
BRDA:150,4,0,3
BRDA:150,4,1,0
BRDA:150,4,2,0
BRDA:155,5,0,2
BRDA:155,5,1,1
BRDA:160,6,0,0
BRDA:160,6,1,1
BRDA:161,7,0,1
BRDA:161,7,1,0
BRDA:178,8,0,0
BRDA:178,8,1,0
BRDA:185,9,0,13
BRDA:185,9,1,10
BRDA:186,10,0,6
BRDA:186,10,1,4
BRDA:187,11,0,4
BRDA:187,11,1,0
BRDA:187,12,0,4
BRDA:187,12,1,4
BRDA:193,13,0,0
BRDA:193,13,1,0
BRDA:193,13,2,0
BRDA:193,13,3,0
BRDA:193,13,4,0
BRDA:199,14,0,0
BRDA:199,14,1,0
BRDA:199,14,2,0
BRDA:202,15,0,0
BRDA:202,15,1,0
BRDA:202,16,0,0
BRDA:202,16,1,0
BRDA:229,17,0,4
BRDA:229,17,1,4
BRDA:229,17,2,4
BRDA:229,17,3,4
BRDA:229,17,4,4
BRDA:241,18,0,21
BRDA:241,18,1,21
BRDA:241,18,2,21
BRDA:241,18,3,21
BRDA:252,19,0,0
BRDA:252,19,1,0
BRDA:255,20,0,0
BRDA:255,20,1,0
BRDA:257,21,0,0
BRDA:257,21,1,0
BRDA:257,22,0,0
BRDA:257,22,1,0
BRDA:267,23,0,0
BRDA:267,23,1,7
BRDA:271,24,0,0
BRDA:271,24,1,7
BRDA:274,25,0,0
BRDA:274,25,1,7
BRDA:280,26,0,0
BRDA:280,26,1,7
BRDA:289,27,0,0
BRDA:289,27,1,7
BRDA:322,28,0,0
BRDA:322,28,1,2
BRDA:325,29,0,0
BRDA:325,29,1,2
BRDA:353,30,0,0
BRDA:353,30,1,4
BRDA:356,31,0,0
BRDA:356,31,1,4
BRDA:369,32,0,0
BRDA:369,32,1,4
BRDA:370,33,0,0
BRDA:370,33,1,4
BRDA:377,34,0,4
BRDA:377,34,1,4
BRDA:377,34,2,4
BRDA:377,34,3,4
BRDA:377,34,4,4
BRDA:377,34,5,4
BRDA:386,35,0,0
BRDA:386,35,1,4
BRDA:396,36,0,0
BRDA:396,36,1,4
BRDA:397,37,0,0
BRDA:397,37,1,4
BRDA:404,38,0,4
BRDA:404,38,1,4
BRDA:406,39,0,0
BRDA:406,39,1,4
BRDA:412,40,0,0
BRDA:412,40,1,4
BRDA:414,41,0,0
BRDA:414,41,1,0
BRDA:451,42,0,0
BRDA:451,42,1,3
BRDA:452,43,0,3
BRDA:452,43,1,3
BRDA:452,43,2,3
BRDA:452,43,3,3
BRDA:480,44,0,0
BRDA:480,44,1,3
BRDA:481,45,0,3
BRDA:481,45,1,3
BRDA:481,45,2,3
BRDA:481,45,3,3
BRDA:502,46,0,0
BRDA:502,46,1,3
BRDA:505,47,0,0
BRDA:505,47,1,3
BRDA:513,48,0,0
BRDA:513,48,1,3
BRDA:516,49,0,0
BRDA:516,49,1,0
BRDA:519,50,0,0
BRDA:519,50,1,0
BRDA:533,51,0,0
BRDA:533,51,1,3
BRDA:534,52,0,0
BRDA:534,52,1,3
BRDA:548,53,0,3
BRDA:548,53,1,3
BRDA:548,53,2,3
BRDA:551,54,0,0
BRDA:551,54,1,3
BRDA:565,55,0,2
BRDA:565,55,1,1
BRDA:583,56,0,0
BRDA:583,56,1,0
BRDA:586,57,0,0
BRDA:586,57,1,0
BRDA:590,58,0,0
BRDA:590,58,1,0
BRDA:591,59,0,0
BRDA:591,59,1,0
BRDA:591,59,2,0
BRDA:599,60,0,6
BRDA:599,60,1,17
BRDA:611,61,0,0
BRDA:611,61,1,17
BRDA:634,62,0,4
BRDA:634,62,1,13
BRDA:634,63,0,17
BRDA:634,63,1,7
BRDA:634,63,2,4
BRDA:646,64,0,1
BRDA:646,64,1,16
BRDA:650,65,0,0
BRDA:650,65,1,17
BRDA:661,66,0,2
BRDA:661,66,1,15
BRDA:661,67,0,17
BRDA:661,67,1,13
BRDA:661,67,2,5
BRDA:661,67,3,2
BRDA:661,67,4,2
BRDA:679,68,0,11
BRDA:679,68,1,6
BRDA:679,69,0,17
BRDA:679,69,1,13
BRDA:689,70,0,6
BRDA:689,70,1,5
BRDA:693,71,0,11
BRDA:693,71,1,5
BRDA:700,72,0,4
BRDA:700,72,1,13
BRDA:726,73,0,53
BRDA:726,73,1,0
BRDA:747,74,0,53
BRDA:747,74,1,0
BRDA:754,75,0,0
BRDA:754,75,1,4
BRDA:765,76,0,4
BRDA:765,76,1,4
BRF:179
BRH:106
end_of_record
TN:
SF:src/features/live/LiveCloudPrivacyBoundary.tsx
FN:11,LiveCloudPrivacyBoundary
FNF:1
FNH:1
FNDA:3,LiveCloudPrivacyBoundary
DA:16,3
DA:18,3
LF:2
LH:2
BRDA:24,0,0,3
BRDA:24,0,1,0
BRF:2
BRH:1
end_of_record
TN:
SF:src/features/live/LiveDiagnosticsScreen.tsx
FN:32,(anonymous_0)
FN:35,(anonymous_1)
FN:50,(anonymous_2)
FN:58,LiveDiagnosticsScreen
FN:77,(anonymous_4)
FN:89,(anonymous_5)
FN:91,(anonymous_6)
FN:101,(anonymous_7)
FN:102,(anonymous_8)
FN:108,(anonymous_9)
FN:109,(anonymous_10)
FN:112,(anonymous_11)
FN:115,(anonymous_12)
FN:121,(anonymous_13)
FN:159,(anonymous_14)
FN:207,(anonymous_15)
FN:241,(anonymous_16)
FN:244,(anonymous_17)
FN:247,(anonymous_18)
FN:250,(anonymous_19)
FN:254,(anonymous_20)
FNF:21
FNH:21
FNDA:21,(anonymous_0)
FNDA:14,(anonymous_1)
FNDA:10,(anonymous_2)
FNDA:38,LiveDiagnosticsScreen
FNDA:4,(anonymous_4)
FNDA:15,(anonymous_5)
FNDA:15,(anonymous_6)
FNDA:15,(anonymous_7)
FNDA:2,(anonymous_8)
FNDA:15,(anonymous_9)
FNDA:1,(anonymous_10)
FNDA:15,(anonymous_11)
FNDA:18,(anonymous_12)
FNDA:16,(anonymous_13)
FNDA:4,(anonymous_14)
FNDA:1,(anonymous_15)
FNDA:9,(anonymous_16)
FNDA:9,(anonymous_17)
FNDA:9,(anonymous_18)
FNDA:9,(anonymous_19)
FNDA:9,(anonymous_20)
DA:30,3
DA:32,3
DA:33,21
DA:35,3
DA:38,14
DA:39,14
DA:40,14
DA:50,10
DA:65,38
DA:66,38
DA:67,38
DA:68,38
DA:69,38
DA:70,38
DA:71,38
DA:72,38
DA:73,38
DA:74,38
DA:75,38
DA:77,38
DA:78,4
DA:79,4
DA:80,4
DA:81,4
DA:82,4
DA:83,4
DA:84,4
DA:85,4
DA:86,4
DA:89,38
DA:90,15
DA:91,15
DA:92,15
DA:93,15
DA:94,15
DA:95,15
DA:96,15
DA:100,38
DA:102,15
DA:103,2
DA:108,38
DA:109,15
DA:110,1
DA:112,15
DA:115,38
DA:116,18
DA:121,38
DA:122,16
DA:123,15
DA:124,15
DA:125,15
DA:126,15
DA:127,15
DA:128,15
DA:129,15
DA:130,15
DA:131,15
DA:132,15
DA:134,15
DA:135,15
DA:137,0
DA:139,15
DA:140,14
DA:141,14
DA:142,14
DA:143,0
DA:144,0
DA:146,14
DA:147,9
DA:148,9
DA:150,5
DA:155,5
DA:156,5
DA:159,38
DA:160,4
DA:161,4
DA:166,1
DA:167,3
DA:168,3
DA:169,3
DA:170,3
DA:171,3
DA:172,3
DA:174,3
DA:175,3
DA:179,0
DA:181,3
DA:185,0
DA:186,3
DA:187,3
DA:188,3
DA:189,0
DA:190,0
DA:191,0
DA:192,0
DA:194,0
DA:196,0
DA:198,3
DA:207,38
DA:208,1
DA:209,1
DA:212,38
DA:242,9
DA:243,9
DA:244,9
DA:246,9
DA:247,9
DA:249,9
DA:251,9
DA:253,9
DA:255,9
DA:261,9
LF:112
LH:101
BRDA:33,0,0,21
BRDA:33,0,1,20
BRDA:33,0,2,19
BRDA:38,1,0,0
BRDA:38,1,1,14
BRDA:38,2,0,14
BRDA:38,2,1,14
BRDA:41,3,0,14
BRDA:41,3,1,13
BRDA:41,3,2,13
BRDA:41,3,3,12
BRDA:41,3,4,12
BRDA:41,3,5,11
BRDA:41,3,6,11
BRDA:41,3,7,11
BRDA:41,3,8,10
BRDA:41,3,9,8
[...]
BRDA:744,72,0,56
BRDA:744,72,1,8
BRDA:755,73,0,0
BRDA:755,73,1,4
BRDA:760,74,0,3
BRDA:760,74,1,53
BRDA:767,75,0,20
BRDA:767,75,1,36
BRDA:767,76,0,56
BRDA:767,76,1,39
BRDA:770,77,0,17
BRDA:770,77,1,3
BRDA:774,78,0,0
BRDA:774,78,1,20
BRDA:776,79,0,0
BRDA:776,79,1,20
BRDA:782,80,0,19
BRDA:782,80,1,1
BRDA:786,81,0,0
BRDA:786,81,1,19
BRDA:788,82,0,0
BRDA:788,82,1,19
BRDA:793,83,0,0
BRDA:793,83,1,19
BRDA:798,84,0,19
BRDA:798,84,1,0
BRDA:798,85,0,19
BRDA:798,85,1,19
BRDA:798,85,2,19
BRDA:833,86,0,24
BRDA:833,86,1,32
BRDA:843,87,0,6
BRDA:843,87,1,18
BRDA:852,88,0,5
BRDA:852,88,1,19
BRDA:872,89,0,0
BRDA:872,89,1,56
BRDA:877,90,0,1
BRDA:877,90,1,55
BRDA:882,91,0,0
BRDA:882,91,1,1
BRDA:882,92,0,1
BRDA:882,92,1,1
BRDA:882,92,2,1
BRDA:894,93,0,1
BRDA:894,93,1,1
BRDA:908,94,0,47
BRDA:908,94,1,8
BRDA:908,95,0,8
BRDA:908,95,1,0
BRDA:910,96,0,4
BRDA:910,96,1,4
BRDA:914,97,0,4
BRDA:914,97,1,0
BRDA:923,98,0,2
BRDA:923,98,1,6
BRDA:924,99,0,8
BRDA:924,99,1,6
BRDA:931,100,0,56
BRDA:931,100,1,0
BRDA:931,101,0,56
BRDA:931,101,1,55
BRDA:931,101,2,8
BRDA:943,102,0,8
BRDA:943,102,1,48
BRDA:946,103,0,8
BRDA:946,103,1,6
BRDA:948,104,0,1
BRDA:948,104,1,0
BRDA:956,105,0,1
BRDA:956,105,1,55
BRDA:960,106,0,56
BRDA:960,106,1,55
BRF:271
BRH:219
end_of_record
TN:
SF:src/features/live/lifecycleRecovery.ts
FN:4,(anonymous_0)
FN:22,(anonymous_1)
FNF:2
FNH:2
FNDA:381,(anonymous_0)
FNDA:261,(anonymous_1)
DA:4,2
DA:8,381
DA:9,123
DA:11,258
DA:17,8
DA:19,250
DA:22,2
DA:25,261
LF:8
LH:8
BRDA:8,0,0,123
BRDA:8,0,1,258
BRDA:11,1,0,8
BRDA:11,1,1,250
BRDA:12,2,0,258
BRDA:12,2,1,258
BRDA:12,2,2,246
BRDA:12,2,3,246
BRF:8
BRH:8
end_of_record
TN:
SF:src/features/live/nativeProblem.ts
FN:18,(anonymous_0)
FN:31,(anonymous_1)
FN:50,(anonymous_2)
FNF:3
FNH:3
FNDA:2,(anonymous_0)
FNDA:38,(anonymous_1)
FNDA:66,(anonymous_2)
DA:6,12
DA:12,12
DA:18,12
DA:20,2
DA:25,12
DA:31,12
DA:32,38
DA:34,36
DA:38,2
DA:40,0
DA:42,0
DA:44,0
DA:46,0
DA:50,12
DA:53,66
DA:55,4
DA:57,0
DA:59,0
DA:63,0
DA:67,3
DA:69,59
LF:21
LH:14
BRDA:32,0,0,36
BRDA:32,0,1,1
BRDA:32,0,2,1
BRDA:32,0,3,2
BRDA:32,0,4,0
BRDA:32,0,5,0
BRDA:32,0,6,0
BRDA:32,0,7,0
BRDA:53,1,0,4
BRDA:53,1,1,0
BRDA:53,1,2,0
BRDA:53,1,3,0
BRDA:53,1,4,2
BRDA:53,1,5,2
BRDA:53,1,6,3
BRDA:53,1,7,59
BRDA:59,2,0,0
BRDA:59,2,1,0
BRF:18
BRH:9
end_of_record
TN:
SF:src/features/live/peoplePagination.ts
FN:33,(anonymous_0)
FN:36,(anonymous_1)
FN:46,(anonymous_2)
FNF:3
FNH:3
FNDA:290,(anonymous_0)
FNDA:230,(anonymous_1)
FNDA:46,(anonymous_2)
DA:14,3
DA:15,3
DA:20,3
DA:21,3
DA:33,3
DA:34,290
DA:36,3
DA:37,230
DA:46,3
DA:57,46
DA:58,46
DA:59,46
DA:61,46
DA:63,255
DA:64,255
DA:70,0
DA:72,255
DA:74,250
DA:78,1
DA:83,249
DA:87,0
DA:90,249
DA:91,249
DA:92,249
DA:93,249
DA:97,1
DA:100,248
DA:101,10560
DA:102,1
DA:104,10559
DA:105,10559
DA:107,247
DA:108,0
DA:111,247
DA:112,247
DA:113,38
DA:114,0
DA:116,38
DA:128,209
DA:129,0
DA:131,209
DA:132,209
DA:135,0
LF:43
LH:37
BRDA:34,0,0,290
BRDA:34,0,1,290
BRDA:37,1,0,230
BRDA:37,1,1,6
BRDA:37,1,2,230
BRDA:67,2,0,46
BRDA:67,2,1,209
BRDA:72,3,0,5
BRDA:72,3,1,250
BRDA:74,4,0,1
BRDA:74,4,1,249
BRDA:75,5,0,250
BRDA:75,5,1,206
BRDA:83,6,0,0
BRDA:83,6,1,249
BRDA:84,7,0,249
BRDA:84,7,1,205
BRDA:93,8,0,1
BRDA:93,8,1,248
BRDA:94,9,0,249
BRDA:94,9,1,248
BRDA:101,10,0,1
BRDA:101,10,1,10559
BRDA:105,11,0,10541
BRDA:105,11,1,18
BRDA:107,12,0,0
BRDA:107,12,1,247
BRDA:112,13,0,38
BRDA:112,13,1,209
BRDA:113,14,0,0
BRDA:113,14,1,38
BRDA:128,15,0,0
BRDA:128,15,1,209
BRDA:128,16,0,209
BRDA:128,16,1,209
BRF:35
BRH:31
end_of_record
TN:
SF:src/features/live/useLiveProjection.ts
FN:27,useLiveProjection
FN:41,(anonymous_1)
FN:44,(anonymous_2)
FN:61,(anonymous_3)
FN:79,(anonymous_4)
FN:81,(anonymous_5)
FN:82,(anonymous_6)
FN:89,(anonymous_7)
FN:90,(anonymous_8)
FN:91,(anonymous_9)
FN:95,(anonymous_10)
FN:101,(anonymous_11)
FN:102,(anonymous_12)
FN:104,(anonymous_13)
FN:107,(anonymous_14)
FN:112,(anonymous_15)
FNF:16
FNH:13
FNDA:4030,useLiveProjection
FNDA:1297,(anonymous_1)
FNDA:1297,(anonymous_2)
FNDA:1293,(anonymous_3)
FNDA:955,(anonymous_4)
FNDA:0,(anonymous_5)
FNDA:955,(anonymous_6)
FNDA:955,(anonymous_7)
FNDA:158,(anonymous_8)
FNDA:194,(anonymous_9)
FNDA:0,(anonymous_10)
FNDA:955,(anonymous_11)
FNDA:33,(anonymous_12)
FNDA:0,(anonymous_13)
FNDA:955,(anonymous_14)
FNDA:210,(anonymous_15)
DA:32,4030
DA:35,4030
DA:36,4030
DA:37,4030
DA:38,4030
DA:40,4030
DA:42,1297
DA:43,1297
DA:44,1297
DA:45,1297
DA:51,1297
DA:52,1297
DA:54,0
DA:57,1297
DA:58,3
DA:61,1294
DA:62,1293
DA:63,1255
DA:65,38
DA:66,18
DA:72,20
DA:74,1294
DA:79,4030
DA:80,955
DA:81,955
DA:82,955
DA:83,955
DA:84,955
DA:88,4030
DA:90,955
DA:91,158
DA:92,194
DA:94,158
DA:95,102
DA:101,4030
DA:102,955
DA:103,33
DA:104,30
DA:107,955
DA:110,4030
DA:112,210
LF:41
LH:40
BRDA:41,0,0,0
BRDA:45,1,0,337
BRDA:45,1,1,960
BRDA:45,2,0,1297
BRDA:45,2,1,342
BRDA:57,3,0,3
BRDA:57,3,1,1294
BRDA:57,4,0,1297
BRDA:57,4,1,1297
BRDA:62,5,0,1255
BRDA:62,5,1,38
BRDA:65,6,0,18
BRDA:65,6,1,20
BRDA:65,7,0,38
BRDA:65,7,1,21
BRDA:94,8,0,102
BRDA:94,8,1,56
BRDA:103,9,0,30
BRDA:103,9,1,3
BRF:19
BRH:18
end_of_record
TN:
SF:src/features/people/PeopleScreen.tsx
FN:32,PeopleScreen
FN:39,(anonymous_1)
FN:40,(anonymous_2)
FN:55,(anonymous_3)
FN:85,(anonymous_4)
FN:91,(anonymous_5)
FN:97,(anonymous_6)
FN:103,(anonymous_7)
FN:109,(anonymous_8)
FN:117,(anonymous_9)
FN:128,(anonymous_10)
FNF:11
FNH:6
FNDA:1,PeopleScreen
FNDA:1,(anonymous_1)
FNDA:4,(anonymous_2)
FNDA:4,(anonymous_3)
FNDA:0,(anonymous_4)
FNDA:0,(anonymous_5)
FNDA:0,(anonymous_6)
FNDA:0,(anonymous_7)
FNDA:0,(anonymous_8)
FNDA:4,(anonymous_9)
FNDA:1,(anonymous_10)
DA:33,1
DA:34,1
DA:35,1
DA:36,1
DA:38,1
DA:40,1
DA:41,4
DA:42,4
DA:43,4
DA:47,4
DA:50,4
DA:55,1
DA:56,4
DA:57,1
DA:59,3
DA:60,1
DA:62,2
DA:63,1
DA:65,1
DA:68,1
DA:85,0
DA:91,0
DA:97,0
DA:103,0
DA:109,0
DA:118,4
DA:119,4
DA:120,4
DA:129,1
DA:146,1
LF:30
LH:25
BRDA:42,0,0,0
BRDA:42,0,1,4
BRDA:47,1,0,4
BRDA:47,1,1,0
BRDA:47,1,2,0
BRDA:47,1,3,0
BRDA:50,2,0,4
BRDA:50,2,1,4
BRDA:56,3,0,1
BRDA:56,3,1,3
BRDA:59,4,0,1
BRDA:59,4,1,2
BRDA:59,5,0,3
BRDA:59,5,1,3
BRDA:62,6,0,1
BRDA:62,6,1,1
BRDA:114,7,0,0
BRDA:114,7,1,1
BRDA:126,8,0,3
BRDA:126,8,1,1
BRDA:134,9,0,4
BRDA:134,9,1,1
BRF:22
BRH:17
end_of_record
TN:
SF:src/features/people/PersonDetailScreen.tsx
FN:21,PersonDetailScreen
FN:25,(anonymous_1)
FN:80,(anonymous_2)
FN:95,(anonymous_3)
FN:100,(anonymous_4)
FNF:5
FNH:2
FNDA:1,PersonDetailScreen
FNDA:1,(anonymous_1)
FNDA:0,(anonymous_2)
FNDA:0,(anonymous_3)
FNDA:0,(anonymous_4)
DA:23,1
DA:24,1
DA:25,1
DA:27,1
DA:28,0
DA:36,1
DA:37,1
DA:38,1
DA:39,1
DA:41,1
DA:80,0
DA:95,0
DA:100,0
LF:13
LH:9
BRDA:27,0,0,0
BRDA:27,0,1,1
BRDA:37,1,0,1
BRDA:37,1,1,0
BRDA:55,2,0,1
BRDA:55,2,1,0
BRDA:57,3,0,1
BRDA:57,3,1,0
BRDA:57,4,0,1
BRDA:57,4,1,1
BRDA:65,5,0,0
BRDA:65,5,1,1
BRDA:71,6,0,0
BRDA:71,6,1,1
BRDA:86,7,0,0
BRDA:86,7,1,1
BRDA:94,8,0,1
BRDA:94,8,1,0
BRF:18
BRH:10
end_of_record
TN:
SF:src/features/settings/DataBoundaryScreen.tsx
FN:15,DataBoundaryScreen
FNF:1
FNH:0
FNDA:0,DataBoundaryScreen
DA:16,0
DA:17,0
DA:18,0
LF:3
LH:0
BRF:0
BRH:0
end_of_record
TN:
SF:src/features/settings/FixtureHelpLegalScreen.tsx
FN:24,FixtureHelpLegalScreen
FN:32,(anonymous_1)
FNF:2
FNH:0
FNDA:0,FixtureHelpLegalScreen
FNDA:0,(anonymous_1)
DA:25,0
DA:26,0
DA:28,0
DA:32,0
LF:4
LH:0
BRDA:45,0,0,0
BRDA:45,0,1,0
BRDA:50,1,0,0
BRDA:50,1,1,0
BRF:4
BRH:0
end_of_record
TN:
SF:src/features/settings/SettingsScreen.tsx
FN:33,SettingsScreen
FN:74,(anonymous_1)
FN:80,(anonymous_2)
FN:86,(anonymous_3)
FN:115,(anonymous_4)
FN:121,(anonymous_5)
FN:127,(anonymous_6)
FN:134,(anonymous_7)
FNF:8
FNH:2
FNDA:2,SettingsScreen
FNDA:0,(anonymous_1)
FNDA:0,(anonymous_2)
FNDA:1,(anonymous_3)
FNDA:0,(anonymous_4)
FNDA:0,(anonymous_5)
FNDA:0,(anonymous_6)
FNDA:0,(anonymous_7)
DA:41,2
DA:42,2
DA:43,2
DA:45,2
DA:47,2
DA:74,0
DA:80,0
DA:86,1
DA:115,0
DA:121,0
DA:127,0
DA:134,0
DA:151,1
LF:13
LH:7
BRDA:58,0,0,2
BRDA:58,0,1,0
BRDA:61,1,0,2
BRDA:61,1,1,0
BRDA:92,2,0,0
BRDA:92,2,1,2
BRF:6
BRH:3
end_of_record
TN:
SF:src/features/setup/SetupJourneyScreen.tsx
FN:23,SetupJourneyScreen
FN:124,(anonymous_1)
FN:125,(anonymous_2)
FN:142,(anonymous_3)
FN:158,(anonymous_4)
FN:159,(anonymous_5)
FN:193,(anonymous_6)
FN:194,(anonymous_7)
FNF:8
FNH:8
FNDA:6,SetupJourneyScreen
FNDA:8,(anonymous_1)
FNDA:4,(anonymous_2)
FNDA:1,(anonymous_3)
FNDA:4,(anonymous_4)
FNDA:1,(anonymous_5)
FNDA:4,(anonymous_6)
FNDA:1,(anonymous_7)
DA:21,1
DA:33,6
DA:34,6
DA:36,6
DA:124,8
DA:126,4
DA:127,4
DA:128,4
DA:142,1
DA:158,4
DA:160,1
DA:193,4
DA:195,1
DA:239,1
LF:14
LH:14
BRDA:43,0,0,2
BRDA:43,0,1,4
BRDA:51,1,0,2
BRDA:51,1,1,0
BRDA:56,2,0,2
BRDA:56,2,1,0
BRDA:73,3,0,2
BRDA:73,3,1,0
BRDA:89,4,0,1
BRDA:89,4,1,5
BRDA:116,5,0,2
BRDA:116,5,1,4
BRDA:134,6,0,4
BRDA:134,6,1,0
BRDA:138,7,0,1
BRDA:138,7,1,3
BRDA:146,8,0,1
BRDA:146,8,1,3
BRDA:153,9,0,1
BRDA:153,9,1,1
BRDA:182,10,0,1
BRDA:182,10,1,5
BRDA:208,11,0,1
BRDA:208,11,1,0
BRDA:213,12,0,1
BRDA:213,12,1,0
BRDA:221,13,0,1
BRDA:221,13,1,0
BRF:28
BRH:21
end_of_record
TN:
SF:src/infrastructure/native/BirthdayNativeAdapter.ts
FN:139,(anonymous_0)
FN:209,(anonymous_1)
FN:215,(anonymous_2)
FN:219,(anonymous_3)
FN:223,(anonymous_4)
FN:227,(anonymous_5)
FN:231,(anonymous_6)
FN:235,(anonymous_7)
FN:239,(anonymous_8)
FN:249,(anonymous_9)
FN:259,(anonymous_10)
FN:267,(anonymous_11)
FN:270,(anonymous_12)
FN:278,(anonymous_13)
FN:282,(anonymous_14)
FN:285,(anonymous_15)
FN:293,(anonymous_16)
FN:302,(anonymous_17)
FN:311,(anonymous_18)
FN:320,(anonymous_19)
FN:331,(anonymous_20)
FN:337,(anonymous_21)
FN:347,(anonymous_22)
FN:355,(anonymous_23)
FN:366,(anonymous_24)
FN:377,(anonymous_25)
FN:388,(anonymous_26)
FN:399,(anonymous_27)
FN:405,(anonymous_28)
FN:411,(anonymous_29)
FN:417,(anonymous_30)
FN:426,(anonymous_31)
FN:432,(anonymous_32)
FN:443,(anonymous_33)
FN:454,(anonymous_34)
FN:465,(anonymous_35)
FN:473,(anonymous_36)
FN:484,(anonymous_37)
FN:490,(anonymous_38)
FN:501,(anonymous_39)
FN:507,(anonymous_40)
FN:518,(anonymous_41)
FN:529,(anonymous_42)
FN:538,(anonymous_43)
FN:544,(anonymous_44)
FN:550,(anonymous_45)
FN:559,(anonymous_46)
FN:565,(anonymous_47)
FN:576,(anonymous_48)
FN:582,(anonymous_49)
FN:588,(anonymous_50)
FN:600,(anonymous_51)
FN:609,(anonymous_52)
FN:620,(anonymous_53)
FN:624,(anonymous_54)
FN:634,(anonymous_55)
FN:644,(anonymous_56)
FN:655,(anonymous_57)
FN:666,(anonymous_58)
FN:676,(anonymous_59)
FN:687,(anonymous_60)
FN:697,(anonymous_61)
FN:708,(anonymous_62)
FN:719,(anonymous_63)
FN:729,(anonymous_64)
FN:740,(anonymous_65)
FN:751,(anonymous_66)
FN:762,(anonymous_67)
FN:773,(anonymous_68)
FN:784,(anonymous_69)
FN:795,(anonymous_70)
FN:812,(anonymous_71)
FN:830,(anonymous_72)
FN:850,(anonymous_73)
FNF:74
FNH:33
FNDA:1,(anonymous_0)
FNDA:7,(anonymous_1)
FNDA:1,(anonymous_2)
FNDA:1,(anonymous_3)
FNDA:1,(anonymous_4)
FNDA:2,(anonymous_5)
FNDA:1,(anonymous_6)
FNDA:1,(anonymous_7)
FNDA:1,(anonymous_8)
FNDA:0,(anonymous_9)
FNDA:1,(anonymous_10)
FNDA:1,(anonymous_11)
FNDA:5,(anonymous_12)
FNDA:3,(anonymous_13)
FNDA:1,(anonymous_14)
FNDA:3,(anonymous_15)
FNDA:0,(anonymous_16)
FNDA:1,(anonymous_17)
FNDA:0,(anonymous_18)
FNDA:0,(anonymous_19)
FNDA:2,(anonymous_20)
FNDA:0,(anonymous_21)
FNDA:1,(anonymous_22)
FNDA:0,(anonymous_23)
FNDA:0,(anonymous_24)
FNDA:0,(anonymous_25)
FNDA:0,(anonymous_26)
FNDA:0,(anonymous_27)
FNDA:0,(anonymous_28)
FNDA:0,(anonymous_29)
FNDA:0,(anonymous_30)
FNDA:0,(anonymous_31)
FNDA:0,(anonymous_32)
FNDA:0,(anonymous_33)
FNDA:0,(anonymous_34)
FNDA:2,(anonymous_35)
FNDA:0,(anonymous_36)
FNDA:0,(anonymous_37)
FNDA:0,(anonymous_38)
FNDA:0,(anonymous_39)
FNDA:0,(anonymous_40)
FNDA:0,(anonymous_41)
FNDA:0,(anonymous_42)
FNDA:0,(anonymous_43)
FNDA:1,(anonymous_44)
FNDA:0,(anonymous_45)
FNDA:0,(anonymous_46)
FNDA:0,(anonymous_47)
FNDA:0,(anonymous_48)
FNDA:2,(anonymous_49)
FNDA:1,(anonymous_50)
FNDA:0,(anonymous_51)
FNDA:0,(anonymous_52)
FNDA:2,(anonymous_53)
FNDA:2,(anonymous_54)
FNDA:2,(anonymous_55)
FNDA:0,(anonymous_56)
FNDA:0,(anonymous_57)
FNDA:0,(anonymous_58)
FNDA:0,(anonymous_59)
FNDA:2,(anonymous_60)
FNDA:1,(anonymous_61)
FNDA:1,(anonymous_62)
FNDA:2,(anonymous_63)
FNDA:0,(anonymous_64)
FNDA:0,(anonymous_65)
FNDA:0,(anonymous_66)
FNDA:0,(anonymous_67)
FNDA:1,(anonymous_68)
FNDA:0,(anonymous_69)
FNDA:0,(anonymous_70)
FNDA:1,(anonymous_71)
FNDA:30,(anonymous_72)
FNDA:5,(anonymous_73)
DA:137,2
DA:139,2
DA:147,2
DA:216,1
DA:220,1
DA:224,1
DA:228,2
DA:232,1
DA:236,1
DA:242,1
DA:252,0
DA:260,1
DA:270,1
DA:271,5
DA:272,5
DA:273,2
DA:279,3
DA:285,1
DA:286,3
DA:287,3
DA:288,1
DA:294,0
DA:303,1
DA:312,0
DA:323,0
DA:334,2
DA:340,0
DA:348,1
DA:358,0
DA:369,0
DA:380,0
DA:391,0
DA:402,0
DA:408,0
DA:414,0
DA:420,0
DA:429,0
DA:435,0
DA:446,0
DA:457,0
DA:466,2
DA:476,0
DA:487,0
DA:493,0
DA:504,0
DA:510,0
DA:521,0
DA:530,0
DA:541,0
DA:547,1
DA:551,0
DA:562,0
DA:568,0
DA:579,0
DA:585,2
DA:593,1
DA:601,0
DA:612,0
DA:621,2
DA:627,2
DA:637,2
DA:647,0
DA:658,0
DA:669,0
DA:679,0
DA:690,2
DA:700,1
DA:711,1
DA:722,2
DA:732,0
DA:743,0
DA:754,0
DA:765,0
DA:776,1
DA:787,0
DA:804,0
DA:822,1
DA:835,30
DA:836,1
DA:839,29
DA:840,29
DA:844,29
DA:846,0
DA:856,5
DA:857,0
DA:860,5
DA:861,5
DA:866,5
DA:868,0
LF:89
LH:45
BRDA:211,0,0,5
BRDA:212,1,0,6
BRDA:272,2,0,2
BRDA:272,2,1,3
BRDA:287,3,0,1
BRDA:287,3,1,2
BRDA:835,4,0,1
BRDA:835,4,1,29
BRDA:856,5,0,0
BRDA:856,5,1,5
BRF:10
BRH:9
end_of_record
TN:
SF:src/infrastructure/native/NativeInvalidationSource.ts
FN:6,(anonymous_0)
FN:6,(anonymous_1)
FNF:2
FNH:0
FNDA:0,(anonymous_0)
FNDA:0,(anonymous_1)
DA:5,2
DA:6,0
LF:2
LH:1
BRF:0
BRH:0
end_of_record
TN:
SF:src/infrastructure/native/NativeRouteSource.ts
FN:6,(anonymous_0)
FN:6,(anonymous_1)
FNF:2
FNH:0
FNDA:0,(anonymous_0)
FNDA:0,(anonymous_1)
DA:5,2
DA:6,0
LF:2
LH:1
BRF:0
BRH:0
end_of_record
TN:
SF:src/infrastructure/native/coreSchemas.ts
FNF:0
FNH:0
DA:22,3
DA:23,3
DA:24,3
DA:26,3
DA:34,3
DA:49,3
DA:58,3
DA:66,3
DA:68,3
DA:73,3
DA:96,3
DA:131,3
DA:153,3
DA:165,3
DA:180,3
DA:186,3
DA:188,3
DA:196,3
DA:201,3
LF:19
LH:19
BRF:0
BRH:0
end_of_record
TN:
SF:src/infrastructure/native/decodeNativeResponse.ts
FN:27,(anonymous_0)
FN:32,(anonymous_1)
FN:40,(anonymous_2)
FNF:3
FNH:3
FNDA:25,(anonymous_0)
FNDA:61,(anonymous_1)
FNDA:67,(anonymous_2)
DA:15,3
DA:17,3
DA:25,3
DA:27,25
DA:32,3
DA:33,61
DA:34,61
DA:36,1
DA:40,3
DA:44,67
DA:45,67
DA:46,6
DA:49,61
DA:50,61
DA:51,1
DA:54,60
DA:55,3
DA:56,3
DA:61,57
DA:62,57
DA:63,18
DA:66,39
DA:73,39
LF:23
LH:23
BRDA:45,0,0,6
BRDA:45,0,1,61
BRDA:50,1,0,1
BRDA:50,1,1,60
BRDA:54,2,0,3
BRDA:54,2,1,57
BRDA:56,3,0,3
BRDA:56,3,1,0
BRDA:62,4,0,18
BRDA:62,4,1,39
BRF:10
BRH:9
end_of_record
TN:
SF:src/infrastructure/native/featureSchemas.ts
FN:562,(anonymous_0)
FNF:1
FNH:1
FNDA:2,(anonymous_0)
DA:55,3
DA:56,3
DA:57,3
DA:58,3
DA:59,3
DA:64,3
DA:76,3
DA:90,3
DA:94,3
DA:122,3
DA:140,3
DA:157,3
DA:166,3
DA:174,3
DA:182,3
DA:193,3
DA:199,3
DA:207,3
DA:212,3
DA:217,3
DA:225,3
DA:250,3
DA:256,3
DA:264,3
DA:284,3
DA:292,3
DA:299,3
DA:307,3
DA:327,3
DA:336,3
DA:343,3
DA:359,3
DA:369,3
DA:381,3
DA:390,3
DA:404,3
DA:420,3
DA:427,3
DA:437,3
DA:447,3
DA:452,3
DA:463,3
DA:479,3
DA:489,3
DA:494,3
DA:504,3
DA:516,3
DA:526,3
DA:563,2
DA:567,1
DA:576,3
DA:583,3
DA:595,3
DA:604,3
DA:608,3
DA:612,3
DA:624,3
DA:629,3
DA:671,3
DA:675,3
LF:60
LH:60
BRDA:563,0,0,1
BRDA:563,0,1,1
BRDA:564,1,0,2
BRDA:564,1,1,1
BRF:4
BRH:4
end_of_record
TN:
SF:src/infrastructure/native/schemaPrimitives.ts
FN:44,(anonymous_0)
FN:52,(anonymous_1)
FN:56,(anonymous_2)
FN:70,(anonymous_3)
FN:75,(anonymous_4)
FN:76,(anonymous_5)
FN:78,(anonymous_6)
FN:84,(anonymous_7)
FN:89,(anonymous_8)
FN:94,(anonymous_9)
FN:99,(anonymous_10)
FN:104,(anonymous_11)
FN:109,(anonymous_12)
FN:119,(anonymous_13)
FN:133,(anonymous_14)
FN:139,(anonymous_15)
FN:143,(anonymous_16)
FN:150,(anonymous_17)
FN:162,(anonymous_18)
FN:164,(anonymous_19)
FN:171,(anonymous_20)
FN:172,(anonymous_21)
FN:182,(anonymous_22)
FN:183,(anonymous_23)
FN:191,(anonymous_24)
FN:192,(anonymous_25)
FN:193,(anonymous_26)
FN:197,(anonymous_27)
FNF:28
FNH:21
FNDA:381,(anonymous_0)
FNDA:68,(anonymous_1)
FNDA:842,(anonymous_2)
FNDA:21,(anonymous_3)
FNDA:68,(anonymous_4)
FNDA:68,(anonymous_5)
FNDA:51,(anonymous_6)
FNDA:76,(anonymous_7)
FNDA:71,(anonymous_8)
FNDA:89,(anonymous_9)
FNDA:1,(anonymous_10)
FNDA:2,(anonymous_11)
FNDA:0,(anonymous_12)
FNDA:0,(anonymous_13)
FNDA:7,(anonymous_14)
FNDA:2,(anonymous_15)
FNDA:2,(anonymous_16)
FNDA:0,(anonymous_17)
FNDA:2,(anonymous_18)
FNDA:54,(anonymous_19)
FNDA:4,(anonymous_20)
FNDA:82,(anonymous_21)
FNDA:4,(anonymous_22)
FNDA:1,(anonymous_23)
FNDA:0,(anonymous_24)
FNDA:0,(anonymous_25)
FNDA:0,(anonymous_26)
FNDA:0,(anonymous_27)
DA:44,3
DA:45,381
DA:47,3
DA:52,3
DA:56,68
DA:57,842
DA:58,842
DA:59,1
DA:61,841
DA:62,0
DA:64,841
DA:70,3
DA:71,21
DA:75,68
DA:76,68
DA:78,3
DA:79,51
DA:84,76
DA:86,3
DA:89,71
DA:90,3
DA:94,89
DA:95,3
DA:99,1
DA:100,3
DA:104,2
DA:105,3
DA:110,0
DA:111,0
DA:116,0
DA:119,0
DA:121,3
DA:122,3
DA:123,3
DA:124,3
DA:125,3
DA:126,3
DA:127,3
DA:128,3
DA:129,3
DA:130,3
DA:133,7
DA:134,3
DA:139,2
DA:140,3
DA:143,2
DA:145,3
DA:146,3
DA:147,3
DA:150,0
DA:151,3
DA:152,3
DA:153,3
DA:155,3
DA:157,3
DA:158,3
DA:159,3
DA:162,2
DA:163,3
DA:164,54
DA:166,3
DA:172,4
DA:173,82
DA:174,82
DA:182,4
DA:183,3
DA:184,1
DA:185,1
DA:187,3
DA:191,0
DA:192,0
DA:193,0
DA:194,3
DA:197,0
DA:199,3
DA:200,3
DA:209,3
DA:214,3
LF:78
LH:68
BRDA:54,0,0,68
BRDA:58,1,0,1
BRDA:58,1,1,841
BRDA:58,2,0,842
BRDA:58,2,1,842
BRDA:61,3,0,0
BRDA:61,3,1,841
BRDA:65,4,0,841
BRDA:65,4,1,0
BRDA:65,4,2,0
BRDA:78,5,0,48
BRDA:175,6,0,82
BRDA:175,6,1,82
BRDA:175,6,2,82
BRDA:175,6,3,82
BRDA:184,7,0,1
BRDA:184,7,1,0
BRDA:185,8,0,1
BRDA:185,8,1,1
BRDA:185,8,2,0
BRF:20
BRH:15
end_of_record
TN:
SF:src/localization/LocalizationProvider.tsx
FN:7,LocalizationProvider
FN:8,(anonymous_1)
FN:10,(anonymous_2)
FN:15,(anonymous_3)
FN:18,(anonymous_4)
FN:24,(anonymous_5)
FNF:6
FNH:5
FNDA:269,LocalizationProvider
FNDA:256,(anonymous_1)
FNDA:16,(anonymous_2)
FNDA:0,(anonymous_3)
FNDA:256,(anonymous_4)
FNDA:5858,(anonymous_5)
DA:8,269
DA:9,256
DA:10,256
DA:12,16
DA:13,16
DA:14,16
DA:15,13
DA:18,256
DA:21,269
DA:24,13
DA:25,5858
DA:26,5858
DA:28,5858
LF:13
LH:13
BRDA:12,0,0,16
BRDA:12,0,1,13
BRDA:14,1,0,13
BRDA:14,1,1,3
BRDA:26,2,0,5858
BRDA:26,2,1,0
BRF:6
BRH:5
end_of_record
TN:
SF:src/localization/bidi.ts
FN:6,(anonymous_0)
FNF:1
FNH:1
FNDA:719,(anonymous_0)
DA:1,5
DA:2,5
DA:3,5
DA:6,5
DA:7,719
LF:5
LH:5
BRF:0
BRH:0
end_of_record
TN:
SF:src/localization/formatLive.ts
FN:3,(anonymous_0)
FN:6,(anonymous_1)
FN:20,(anonymous_2)
FNF:3
FNH:3
FNDA:167,(anonymous_0)
FNDA:128,(anonymous_1)
FNDA:39,(anonymous_2)
DA:3,6
DA:4,167
DA:6,6
DA:10,128
DA:11,128
DA:12,0
DA:14,128
DA:20,6
DA:24,39
DA:25,39
DA:26,0
DA:28,39
LF:12
LH:10
BRDA:4,0,0,0
BRDA:4,0,1,167
BRDA:11,1,0,0
BRDA:11,1,1,128
BRDA:25,2,0,0
BRDA:25,2,1,39
BRF:6
BRH:3
end_of_record
TN:
SF:src/localization/i18n.ts
FN:9,(anonymous_0)
FN:17,(anonymous_1)
FN:37,(anonymous_2)
FN:47,(anonymous_3)
FN:57,(anonymous_4)
FNF:5
FNH:5
FNDA:27,(anonymous_0)
FNDA:27,(anonymous_1)
FNDA:5871,(anonymous_2)
FNDA:13,(anonymous_3)
FNDA:15,(anonymous_4)
DA:9,14
DA:10,27
DA:11,1
DA:14,26
DA:17,14
DA:18,27
DA:19,27
DA:21,0
DA:25,14
DA:27,14
DA:37,14
DA:38,5871
DA:39,74
DA:41,5797
DA:42,16
DA:44,5781
DA:47,14
DA:48,13
DA:49,13
DA:52,1
DA:54,13
DA:57,14
DA:58,15
DA:59,15
DA:66,15
LF:25
LH:24
BRDA:10,0,0,1
BRDA:10,0,1,26
BRDA:38,1,0,74
BRDA:38,1,1,5797
BRDA:41,2,0,16
BRDA:41,2,1,5781
BRDA:49,3,0,1
BRDA:49,3,1,12
BRDA:50,4,0,13
BRDA:50,4,1,0
BRDA:58,5,0,0
BRDA:58,5,1,15
BRDA:66,6,0,0
BRDA:66,6,1,15
BRF:14
BRH:11
end_of_record
TN:
SF:src/localization/liveResources.ts
FNF:0
FNH:0
DA:1,14
DA:1311,14
LF:2
LH:2
BRF:0
BRH:0
end_of_record
TN:
SF:src/localization/productionResources.ts
FNF:0
FNH:0
DA:3,14
DA:12,14
DA:21,14
LF:3
LH:3
BRF:0
BRH:0
end_of_record
TN:
SF:src/localization/reasonCopy.ts
FN:98,(anonymous_0)
FN:119,(anonymous_1)
FNF:2
FNH:2
FNDA:173,(anonymous_0)
FNDA:14,(anonymous_1)
DA:10,13
DA:98,13
DA:99,173
DA:104,13
DA:119,13
DA:121,14
LF:6
LH:6
BRF:0
BRH:0
end_of_record
TN:
SF:src/localization/resources.ts
FN:368,(anonymous_0)
FNF:1
FNH:1
FNDA:3369,(anonymous_0)
DA:3,3
DA:185,3
DA:367,3
DA:368,3369
DA:371,3
LF:5
LH:5
BRF:0
BRH:0
end_of_record
