TN:
SF:src/domain/ai/model.ts
FN:84,aiQuotaForPlan
FN:114,decideAiEntitlement
FN:183,isAiSignInProvider
FNF:3
FNH:3
FNDA:11,aiQuotaForPlan
FNDA:8,decideAiEntitlement
FNDA:4,isAiSignInProvider
DA:24,1
DA:30,1
DA:33,1
DA:36,1
DA:39,1
DA:54,1
DA:63,1
DA:74,1
DA:85,11
DA:118,8
DA:119,3
DA:121,5
DA:122,1
DA:124,4
DA:128,2
DA:130,2
DA:173,1
DA:184,4
LF:18
LH:18
BRDA:118,0,0,3
BRDA:118,0,1,5
BRDA:118,1,0,8
BRDA:118,1,1,6
BRDA:121,2,0,1
BRDA:121,2,1,4
BRDA:124,3,0,2
BRDA:124,3,1,2
BRDA:125,4,0,4
BRDA:125,4,1,3
BRDA:185,5,0,4
BRDA:185,5,1,2
BRF:12
BRH:12
end_of_record
